
Showing Recent Issues

Build target powernap Watch App of project powernap with configuration Debug

SwiftEmitModule normal arm64 Emitting\ module\ for\ powernap_Watch_App (in target 'powernap Watch App' from project 'powernap')
    cd /Users/michaellee/Documents/cursor/pn/powernap
    builtin-swiftTaskExecution -- /Applications/Xcode.app/Contents/Developer/Toolchains/XcodeDefault.xctoolchain/usr/bin/swift-frontend -frontend -emit-module -experimental-skip-non-inlinable-function-bodies-without-types /Users/michaellee/Documents/cursor/pn/powernap/powernap\ Watch\ App/Models/PowerNapModel.swift /Users/michaellee/Documents/cursor/pn/powernap/powernap\ Watch\ App/Services/AudioService.swift /Users/michaellee/Documents/cursor/pn/powernap/powernap\ Watch\ App/Services/ExtendedRuntimeManager.swift /Users/michaellee/Documents/cursor/pn/powernap/powernap\ Watch\ App/Services/HealthKitService.swift /Users/michaellee/Documents/cursor/pn/powernap/powernap\ Watch\ App/Services/MotionService.swift /Users/michaellee/Documents/cursor/pn/powernap/powernap\ Watch\ App/Services/NotificationService.swift /Users/michaellee/Documents/cursor/pn/powernap/powernap\ Watch\ App/Services/SleepDetectionService.swift /Users/michaellee/Documents/cursor/pn/powernap/powernap\ Watch\ App/ViewModels/PowerNapViewModel.swift /Users/michaellee/Documents/cursor/pn/powernap/powernap\ Watch\ App/Views/HRVDisplayView.swift /Users/michaellee/Documents/cursor/pn/powernap/powernap\ Watch\ App/Views/MainView.swift /Users/michaellee/Documents/cursor/pn/powernap/powernap\ Watch\ App/Views/PowerNapView.swift /Users/michaellee/Documents/cursor/pn/powernap/powernap\ Watch\ App/Views/SettingsView.swift /Users/michaellee/Documents/cursor/pn/powernap/powernap\ Watch\ App/ContentView.swift /Users/michaellee/Documents/cursor/pn/powernap/powernap\ Watch\ App/powernapApp.swift /Users/michaellee/Library/Developer/Xcode/DerivedData/powernap-gxenzrooaklilccedzywyjjttilg/Build/Intermediates.noindex/powernap.build/Debug-watchsimulator/powernap\ Watch\ App.build/DerivedSources/GeneratedAssetSymbols.swift -target arm64-apple-watchos11.2-simulator -Xllvm -aarch64-use-tbi -enable-objc-interop -sdk /Applications/Xcode.app/Contents/Developer/Platforms/WatchSimulator.platform/Developer/SDKs/WatchSimulator11.2.sdk -I /Users/michaellee/Library/Developer/Xcode/DerivedData/powernap-gxenzrooaklilccedzywyjjttilg/Build/Products/Debug-watchsimulator -F /Users/michaellee/Library/Developer/Xcode/DerivedData/powernap-gxenzrooaklilccedzywyjjttilg/Build/Products/Debug-watchsimulator -no-color-diagnostics -enable-testing -g -debug-info-format\=dwarf -dwarf-version\=5 -module-cache-path /Users/michaellee/Library/Developer/Xcode/DerivedData/ModuleCache.noindex -profile-generate -profile-coverage-mapping -swift-version 5 -enforce-exclusivity\=checked -Onone -D DEBUG -serialize-debugging-options -const-gather-protocols-file /Users/michaellee/Library/Developer/Xcode/DerivedData/powernap-gxenzrooaklilccedzywyjjttilg/Build/Intermediates.noindex/powernap.build/Debug-watchsimulator/powernap\ Watch\ App.build/Objects-normal/arm64/powernap\ Watch\ App_const_extract_protocols.json -enable-experimental-feature DebugDescriptionMacro -enable-experimental-feature OpaqueTypeErasure -enable-bare-slash-regex -empty-abi-descriptor -validate-clang-modules-once -clang-build-session-file /Users/michaellee/Library/Developer/Xcode/DerivedData/ModuleCache.noindex/Session.modulevalidation -Xcc -working-directory -Xcc /Users/michaellee/Documents/cursor/pn/powernap -resource-dir /Applications/Xcode.app/Contents/Developer/Toolchains/XcodeDefault.xctoolchain/usr/lib/swift -enable-anonymous-context-mangled-names -file-compilation-dir /Users/michaellee/Documents/cursor/pn/powernap -Xcc -D_LIBCPP_HARDENING_MODE\=_LIBCPP_HARDENING_MODE_DEBUG -Xcc -ivfsstatcache -Xcc /Users/michaellee/Library/Developer/Xcode/DerivedData/SDKStatCaches.noindex/watchsimulator11.2-22S97-04d0831f79ab17645c55e345d8ed2cd8.sdkstatcache -Xcc -I/Users/michaellee/Library/Developer/Xcode/DerivedData/powernap-gxenzrooaklilccedzywyjjttilg/Build/Intermediates.noindex/powernap.build/Debug-watchsimulator/powernap\ Watch\ App.build/swift-overrides.hmap -Xcc -iquote -Xcc /Users/michaellee/Library/Developer/Xcode/DerivedData/powernap-gxenzrooaklilccedzywyjjttilg/Build/Intermediates.noindex/powernap.build/Debug-watchsimulator/powernap\ Watch\ App.build/powernap\ Watch\ App-generated-files.hmap -Xcc -I/Users/michaellee/Library/Developer/Xcode/DerivedData/powernap-gxenzrooaklilccedzywyjjttilg/Build/Intermediates.noindex/powernap.build/Debug-watchsimulator/powernap\ Watch\ App.build/powernap\ Watch\ App-own-target-headers.hmap -Xcc -I/Users/michaellee/Library/Developer/Xcode/DerivedData/powernap-gxenzrooaklilccedzywyjjttilg/Build/Intermediates.noindex/powernap.build/Debug-watchsimulator/powernap\ Watch\ App.build/powernap\ Watch\ App-all-target-headers.hmap -Xcc -iquote -Xcc /Users/michaellee/Library/Developer/Xcode/DerivedData/powernap-gxenzrooaklilccedzywyjjttilg/Build/Intermediates.noindex/powernap.build/Debug-watchsimulator/powernap\ Watch\ App.build/powernap\ Watch\ App-project-headers.hmap -Xcc -I/Users/michaellee/Library/Developer/Xcode/DerivedData/powernap-gxenzrooaklilccedzywyjjttilg/Build/Products/Debug-watchsimulator/include -Xcc -I/Users/michaellee/Library/Developer/Xcode/DerivedData/powernap-gxenzrooaklilccedzywyjjttilg/Build/Intermediates.noindex/powernap.build/Debug-watchsimulator/powernap\ Watch\ App.build/DerivedSources-normal/arm64 -Xcc -I/Users/michaellee/Library/Developer/Xcode/DerivedData/powernap-gxenzrooaklilccedzywyjjttilg/Build/Intermediates.noindex/powernap.build/Debug-watchsimulator/powernap\ Watch\ App.build/DerivedSources/arm64 -Xcc -I/Users/michaellee/Library/Developer/Xcode/DerivedData/powernap-gxenzrooaklilccedzywyjjttilg/Build/Intermediates.noindex/powernap.build/Debug-watchsimulator/powernap\ Watch\ App.build/DerivedSources -Xcc -DDEBUG\=1 -module-name powernap_Watch_App -frontend-parseable-output -disable-clang-spi -target-sdk-version 11.2 -target-sdk-name watchsimulator11.2 -external-plugin-path /Applications/Xcode.app/Contents/Developer/Platforms/WatchOS.platform/Developer/usr/lib/swift/host/plugins\#/Applications/Xcode.app/Contents/Developer/Platforms/WatchOS.platform/Developer/usr/bin/swift-plugin-server -external-plugin-path /Applications/Xcode.app/Contents/Developer/Platforms/WatchOS.platform/Developer/usr/local/lib/swift/host/plugins\#/Applications/Xcode.app/Contents/Developer/Platforms/WatchOS.platform/Developer/usr/bin/swift-plugin-server -plugin-path /Applications/Xcode.app/Contents/Developer/Toolchains/XcodeDefault.xctoolchain/usr/lib/swift/host/plugins -plugin-path /Applications/Xcode.app/Contents/Developer/Toolchains/XcodeDefault.xctoolchain/usr/local/lib/swift/host/plugins -emit-module-doc-path /Users/michaellee/Library/Developer/Xcode/DerivedData/powernap-gxenzrooaklilccedzywyjjttilg/Build/Intermediates.noindex/powernap.build/Debug-watchsimulator/powernap\ Watch\ App.build/Objects-normal/arm64/powernap_Watch_App.swiftdoc -emit-module-source-info-path /Users/michaellee/Library/Developer/Xcode/DerivedData/powernap-gxenzrooaklilccedzywyjjttilg/Build/Intermediates.noindex/powernap.build/Debug-watchsimulator/powernap\ Watch\ App.build/Objects-normal/arm64/powernap_Watch_App.swiftsourceinfo -emit-objc-header-path /Users/michaellee/Library/Developer/Xcode/DerivedData/powernap-gxenzrooaklilccedzywyjjttilg/Build/Intermediates.noindex/powernap.build/Debug-watchsimulator/powernap\ Watch\ App.build/Objects-normal/arm64/powernap_Watch_App-Swift.h -serialize-diagnostics-path /Users/michaellee/Library/Developer/Xcode/DerivedData/powernap-gxenzrooaklilccedzywyjjttilg/Build/Intermediates.noindex/powernap.build/Debug-watchsimulator/powernap\ Watch\ App.build/Objects-normal/arm64/powernap\ Watch\ App-master-emit-module.dia -emit-dependencies-path /Users/michaellee/Library/Developer/Xcode/DerivedData/powernap-gxenzrooaklilccedzywyjjttilg/Build/Intermediates.noindex/powernap.build/Debug-watchsimulator/powernap\ Watch\ App.build/Objects-normal/arm64/powernap\ Watch\ App-master-emit-module.d -o /Users/michaellee/Library/Developer/Xcode/DerivedData/powernap-gxenzrooaklilccedzywyjjttilg/Build/Intermediates.noindex/powernap.build/Debug-watchsimulator/powernap\ Watch\ App.build/Objects-normal/arm64/powernap_Watch_App.swiftmodule -emit-abi-descriptor-path /Users/michaellee/Library/Developer/Xcode/DerivedData/powernap-gxenzrooaklilccedzywyjjttilg/Build/Intermediates.noindex/powernap.build/Debug-watchsimulator/powernap\ Watch\ App.build/Objects-normal/arm64/powernap_Watch_App.abi.json

EmitSwiftModule normal arm64 (in target 'powernap Watch App' from project 'powernap')
    cd /Users/michaellee/Documents/cursor/pn/powernap
    /Applications/Xcode.app/Contents/Developer/Toolchains/XcodeDefault.xctoolchain/usr/bin/swift-frontend -emit-module -experimental-skip-non-inlinable-function-bodies-without-types /Users/michaellee/Documents/cursor/pn/powernap/powernap\ Watch\ App/Models/PowerNapModel.swift /Users/michaellee/Documents/cursor/pn/powernap/powernap\ Watch\ App/Services/AudioService.swift /Users/michaellee/Documents/cursor/pn/powernap/powernap\ Watch\ App/Services/ExtendedRuntimeManager.swift /Users/michaellee/Documents/cursor/pn/powernap/powernap\ Watch\ App/Services/HealthKitService.swift /Users/michaellee/Documents/cursor/pn/powernap/powernap\ Watch\ App/Services/MotionService.swift /Users/michaellee/Documents/cursor/pn/powernap/powernap\ Watch\ App/Services/NotificationService.swift /Users/michaellee/Documents/cursor/pn/powernap/powernap\ Watch\ App/Services/SleepDetectionService.swift /Users/michaellee/Documents/cursor/pn/powernap/powernap\ Watch\ App/ViewModels/PowerNapViewModel.swift /Users/michaellee/Documents/cursor/pn/powernap/powernap\ Watch\ App/Views/HRVDisplayView.swift /Users/michaellee/Documents/cursor/pn/powernap/powernap\ Watch\ App/Views/MainView.swift /Users/michaellee/Documents/cursor/pn/powernap/powernap\ Watch\ App/Views/PowerNapView.swift /Users/michaellee/Documents/cursor/pn/powernap/powernap\ Watch\ App/Views/SettingsView.swift /Users/michaellee/Documents/cursor/pn/powernap/powernap\ Watch\ App/ContentView.swift /Users/michaellee/Documents/cursor/pn/powernap/powernap\ Watch\ App/powernapApp.swift /Users/michaellee/Library/Developer/Xcode/DerivedData/powernap-gxenzrooaklilccedzywyjjttilg/Build/Intermediates.noindex/powernap.build/Debug-watchsimulator/powernap\ Watch\ App.build/DerivedSources/GeneratedAssetSymbols.swift -target arm64-apple-watchos11.2-simulator -Xllvm -aarch64-use-tbi -enable-objc-interop -sdk /Applications/Xcode.app/Contents/Developer/Platforms/WatchSimulator.platform/Developer/SDKs/WatchSimulator11.2.sdk -I /Users/michaellee/Library/Developer/Xcode/DerivedData/powernap-gxenzrooaklilccedzywyjjttilg/Build/Products/Debug-watchsimulator -F /Users/michaellee/Library/Developer/Xcode/DerivedData/powernap-gxenzrooaklilccedzywyjjttilg/Build/Products/Debug-watchsimulator -no-color-diagnostics -enable-testing -g -debug-info-format\=dwarf -dwarf-version\=5 -module-cache-path /Users/michaellee/Library/Developer/Xcode/DerivedData/ModuleCache.noindex -profile-generate -profile-coverage-mapping -swift-version 5 -enforce-exclusivity\=checked -Onone -D DEBUG -serialize-debugging-options -const-gather-protocols-file /Users/michaellee/Library/Developer/Xcode/DerivedData/powernap-gxenzrooaklilccedzywyjjttilg/Build/Intermediates.noindex/powernap.build/Debug-watchsimulator/powernap\ Watch\ App.build/Objects-normal/arm64/powernap\ Watch\ App_const_extract_protocols.json -enable-experimental-feature DebugDescriptionMacro -enable-experimental-feature OpaqueTypeErasure -enable-bare-slash-regex -empty-abi-descriptor -validate-clang-modules-once -clang-build-session-file /Users/michaellee/Library/Developer/Xcode/DerivedData/ModuleCache.noindex/Session.modulevalidation -Xcc -working-directory -Xcc /Users/michaellee/Documents/cursor/pn/powernap -resource-dir /Applications/Xcode.app/Contents/Developer/Toolchains/XcodeDefault.xctoolchain/usr/lib/swift -enable-anonymous-context-mangled-names -file-compilation-dir /Users/michaellee/Documents/cursor/pn/powernap -Xcc -D_LIBCPP_HARDENING_MODE\=_LIBCPP_HARDENING_MODE_DEBUG -Xcc -ivfsstatcache -Xcc /Users/michaellee/Library/Developer/Xcode/DerivedData/SDKStatCaches.noindex/watchsimulator11.2-22S97-04d0831f79ab17645c55e345d8ed2cd8.sdkstatcache -Xcc -I/Users/michaellee/Library/Developer/Xcode/DerivedData/powernap-gxenzrooaklilccedzywyjjttilg/Build/Intermediates.noindex/powernap.build/Debug-watchsimulator/powernap\ Watch\ App.build/swift-overrides.hmap -Xcc -iquote -Xcc /Users/michaellee/Library/Developer/Xcode/DerivedData/powernap-gxenzrooaklilccedzywyjjttilg/Build/Intermediates.noindex/powernap.build/Debug-watchsimulator/powernap\ Watch\ App.build/powernap\ Watch\ App-generated-files.hmap -Xcc -I/Users/michaellee/Library/Developer/Xcode/DerivedData/powernap-gxenzrooaklilccedzywyjjttilg/Build/Intermediates.noindex/powernap.build/Debug-watchsimulator/powernap\ Watch\ App.build/powernap\ Watch\ App-own-target-headers.hmap -Xcc -I/Users/michaellee/Library/Developer/Xcode/DerivedData/powernap-gxenzrooaklilccedzywyjjttilg/Build/Intermediates.noindex/powernap.build/Debug-watchsimulator/powernap\ Watch\ App.build/powernap\ Watch\ App-all-target-headers.hmap -Xcc -iquote -Xcc /Users/michaellee/Library/Developer/Xcode/DerivedData/powernap-gxenzrooaklilccedzywyjjttilg/Build/Intermediates.noindex/powernap.build/Debug-watchsimulator/powernap\ Watch\ App.build/powernap\ Watch\ App-project-headers.hmap -Xcc -I/Users/michaellee/Library/Developer/Xcode/DerivedData/powernap-gxenzrooaklilccedzywyjjttilg/Build/Products/Debug-watchsimulator/include -Xcc -I/Users/michaellee/Library/Developer/Xcode/DerivedData/powernap-gxenzrooaklilccedzywyjjttilg/Build/Intermediates.noindex/powernap.build/Debug-watchsimulator/powernap\ Watch\ App.build/DerivedSources-normal/arm64 -Xcc -I/Users/michaellee/Library/Developer/Xcode/DerivedData/powernap-gxenzrooaklilccedzywyjjttilg/Build/Intermediates.noindex/powernap.build/Debug-watchsimulator/powernap\ Watch\ App.build/DerivedSources/arm64 -Xcc -I/Users/michaellee/Library/Developer/Xcode/DerivedData/powernap-gxenzrooaklilccedzywyjjttilg/Build/Intermediates.noindex/powernap.build/Debug-watchsimulator/powernap\ Watch\ App.build/DerivedSources -Xcc -DDEBUG\=1 -module-name powernap_Watch_App -frontend-parseable-output -disable-clang-spi -target-sdk-version 11.2 -target-sdk-name watchsimulator11.2 -external-plugin-path /Applications/Xcode.app/Contents/Developer/Platforms/WatchOS.platform/Developer/usr/lib/swift/host/plugins\#/Applications/Xcode.app/Contents/Developer/Platforms/WatchOS.platform/Developer/usr/bin/swift-plugin-server -external-plugin-path /Applications/Xcode.app/Contents/Developer/Platforms/WatchOS.platform/Developer/usr/local/lib/swift/host/plugins\#/Applications/Xcode.app/Contents/Developer/Platforms/WatchOS.platform/Developer/usr/bin/swift-plugin-server -plugin-path /Applications/Xcode.app/Contents/Developer/Toolchains/XcodeDefault.xctoolchain/usr/lib/swift/host/plugins -plugin-path /Applications/Xcode.app/Contents/Developer/Toolchains/XcodeDefault.xctoolchain/usr/local/lib/swift/host/plugins -emit-module-doc-path /Users/michaellee/Library/Developer/Xcode/DerivedData/powernap-gxenzrooaklilccedzywyjjttilg/Build/Intermediates.noindex/powernap.build/Debug-watchsimulator/powernap\ Watch\ App.build/Objects-normal/arm64/powernap_Watch_App.swiftdoc -emit-module-source-info-path /Users/michaellee/Library/Developer/Xcode/DerivedData/powernap-gxenzrooaklilccedzywyjjttilg/Build/Intermediates.noindex/powernap.build/Debug-watchsimulator/powernap\ Watch\ App.build/Objects-normal/arm64/powernap_Watch_App.swiftsourceinfo -emit-objc-header-path /Users/michaellee/Library/Developer/Xcode/DerivedData/powernap-gxenzrooaklilccedzywyjjttilg/Build/Intermediates.noindex/powernap.build/Debug-watchsimulator/powernap\ Watch\ App.build/Objects-normal/arm64/powernap_Watch_App-Swift.h -serialize-diagnostics-path /Users/michaellee/Library/Developer/Xcode/DerivedData/powernap-gxenzrooaklilccedzywyjjttilg/Build/Intermediates.noindex/powernap.build/Debug-watchsimulator/powernap\ Watch\ App.build/Objects-normal/arm64/powernap\ Watch\ App-master-emit-module.dia -emit-dependencies-path /Users/michaellee/Library/Developer/Xcode/DerivedData/powernap-gxenzrooaklilccedzywyjjttilg/Build/Intermediates.noindex/powernap.build/Debug-watchsimulator/powernap\ Watch\ App.build/Objects-normal/arm64/powernap\ Watch\ App-master-emit-module.d -o /Users/michaellee/Library/Developer/Xcode/DerivedData/powernap-gxenzrooaklilccedzywyjjttilg/Build/Intermediates.noindex/powernap.build/Debug-watchsimulator/powernap\ Watch\ App.build/Objects-normal/arm64/powernap_Watch_App.swiftmodule -emit-abi-descriptor-path /Users/michaellee/Library/Developer/Xcode/DerivedData/powernap-gxenzrooaklilccedzywyjjttilg/Build/Intermediates.noindex/powernap.build/Debug-watchsimulator/powernap\ Watch\ App.build/Objects-normal/arm64/powernap_Watch_App.abi.json

/Users/michaellee/Documents/cursor/pn/powernap/powernap Watch App/ViewModels/PowerNapViewModel.swift:50:47: error: call to main actor-isolated initializer 'init()' in a synchronous nonisolated context
    init(healthKitService: HealthKitService = HealthKitService(), 
                                              ^
/Users/michaellee/Documents/cursor/pn/powernap/powernap Watch App/Services/HealthKitService.swift:20:5: note: calls to initializer 'init()' from outside of its actor context are implicitly asynchronous
    init() {
    ^

/Users/michaellee/Documents/cursor/pn/powernap/powernap Watch App/ViewModels/PowerNapViewModel.swift:50:47: Call to main actor-isolated initializer 'init()' in a synchronous nonisolated context

SwiftCompile normal arm64 Compiling\ SleepDetectionService.swift,\ PowerNapViewModel.swift /Users/michaellee/Documents/cursor/pn/powernap/powernap\ Watch\ App/Services/SleepDetectionService.swift /Users/michaellee/Documents/cursor/pn/powernap/powernap\ Watch\ App/ViewModels/PowerNapViewModel.swift (in target 'powernap Watch App' from project 'powernap')
    cd /Users/michaellee/Documents/cursor/pn/powernap
    builtin-swiftTaskExecution -- /Applications/Xcode.app/Contents/Developer/Toolchains/XcodeDefault.xctoolchain/usr/bin/swift-frontend -frontend -c /Users/michaellee/Documents/cursor/pn/powernap/powernap\ Watch\ App/Models/PowerNapModel.swift /Users/michaellee/Documents/cursor/pn/powernap/powernap\ Watch\ App/Services/AudioService.swift /Users/michaellee/Documents/cursor/pn/powernap/powernap\ Watch\ App/Services/ExtendedRuntimeManager.swift /Users/michaellee/Documents/cursor/pn/powernap/powernap\ Watch\ App/Services/HealthKitService.swift /Users/michaellee/Documents/cursor/pn/powernap/powernap\ Watch\ App/Services/MotionService.swift /Users/michaellee/Documents/cursor/pn/powernap/powernap\ Watch\ App/Services/NotificationService.swift -primary-file /Users/michaellee/Documents/cursor/pn/powernap/powernap\ Watch\ App/Services/SleepDetectionService.swift -primary-file /Users/michaellee/Documents/cursor/pn/powernap/powernap\ Watch\ App/ViewModels/PowerNapViewModel.swift /Users/michaellee/Documents/cursor/pn/powernap/powernap\ Watch\ App/Views/HRVDisplayView.swift /Users/michaellee/Documents/cursor/pn/powernap/powernap\ Watch\ App/Views/MainView.swift /Users/michaellee/Documents/cursor/pn/powernap/powernap\ Watch\ App/Views/PowerNapView.swift /Users/michaellee/Documents/cursor/pn/powernap/powernap\ Watch\ App/Views/SettingsView.swift /Users/michaellee/Documents/cursor/pn/powernap/powernap\ Watch\ App/ContentView.swift /Users/michaellee/Documents/cursor/pn/powernap/powernap\ Watch\ App/powernapApp.swift /Users/michaellee/Library/Developer/Xcode/DerivedData/powernap-gxenzrooaklilccedzywyjjttilg/Build/Intermediates.noindex/powernap.build/Debug-watchsimulator/powernap\ Watch\ App.build/DerivedSources/GeneratedAssetSymbols.swift -emit-dependencies-path /Users/michaellee/Library/Developer/Xcode/DerivedData/powernap-gxenzrooaklilccedzywyjjttilg/Build/Intermediates.noindex/powernap.build/Debug-watchsimulator/powernap\ Watch\ App.build/Objects-normal/arm64/SleepDetectionService.d -emit-const-values-path /Users/michaellee/Library/Developer/Xcode/DerivedData/powernap-gxenzrooaklilccedzywyjjttilg/Build/Intermediates.noindex/powernap.build/Debug-watchsimulator/powernap\ Watch\ App.build/Objects-normal/arm64/SleepDetectionService.swiftconstvalues -emit-reference-dependencies-path /Users/michaellee/Library/Developer/Xcode/DerivedData/powernap-gxenzrooaklilccedzywyjjttilg/Build/Intermediates.noindex/powernap.build/Debug-watchsimulator/powernap\ Watch\ App.build/Objects-normal/arm64/SleepDetectionService.swiftdeps -serialize-diagnostics-path /Users/michaellee/Library/Developer/Xcode/DerivedData/powernap-gxenzrooaklilccedzywyjjttilg/Build/Intermediates.noindex/powernap.build/Debug-watchsimulator/powernap\ Watch\ App.build/Objects-normal/arm64/SleepDetectionService.dia -emit-dependencies-path /Users/michaellee/Library/Developer/Xcode/DerivedData/powernap-gxenzrooaklilccedzywyjjttilg/Build/Intermediates.noindex/powernap.build/Debug-watchsimulator/powernap\ Watch\ App.build/Objects-normal/arm64/PowerNapViewModel.d -emit-const-values-path /Users/michaellee/Library/Developer/Xcode/DerivedData/powernap-gxenzrooaklilccedzywyjjttilg/Build/Intermediates.noindex/powernap.build/Debug-watchsimulator/powernap\ Watch\ App.build/Objects-normal/arm64/PowerNapViewModel.swiftconstvalues -emit-reference-dependencies-path /Users/michaellee/Library/Developer/Xcode/DerivedData/powernap-gxenzrooaklilccedzywyjjttilg/Build/Intermediates.noindex/powernap.build/Debug-watchsimulator/powernap\ Watch\ App.build/Objects-normal/arm64/PowerNapViewModel.swiftdeps -serialize-diagnostics-path /Users/michaellee/Library/Developer/Xcode/DerivedData/powernap-gxenzrooaklilccedzywyjjttilg/Build/Intermediates.noindex/powernap.build/Debug-watchsimulator/powernap\ Watch\ App.build/Objects-normal/arm64/PowerNapViewModel.dia -emit-localized-strings -emit-localized-strings-path /Users/michaellee/Library/Developer/Xcode/DerivedData/powernap-gxenzrooaklilccedzywyjjttilg/Build/Intermediates.noindex/powernap.build/Debug-watchsimulator/powernap\ Watch\ App.build/Objects-normal/arm64 -target arm64-apple-watchos11.2-simulator -Xllvm -aarch64-use-tbi -enable-objc-interop -sdk /Applications/Xcode.app/Contents/Developer/Platforms/WatchSimulator.platform/Developer/SDKs/WatchSimulator11.2.sdk -I /Users/michaellee/Library/Developer/Xcode/DerivedData/powernap-gxenzrooaklilccedzywyjjttilg/Build/Products/Debug-watchsimulator -F /Users/michaellee/Library/Developer/Xcode/DerivedData/powernap-gxenzrooaklilccedzywyjjttilg/Build/Products/Debug-watchsimulator -no-color-diagnostics -enable-testing -g -debug-info-format\=dwarf -dwarf-version\=5 -module-cache-path /Users/michaellee/Library/Developer/Xcode/DerivedData/ModuleCache.noindex -profile-generate -profile-coverage-mapping -swift-version 5 -enforce-exclusivity\=checked -Onone -D DEBUG -serialize-debugging-options -const-gather-protocols-file /Users/michaellee/Library/Developer/Xcode/DerivedData/powernap-gxenzrooaklilccedzywyjjttilg/Build/Intermediates.noindex/powernap.build/Debug-watchsimulator/powernap\ Watch\ App.build/Objects-normal/arm64/powernap\ Watch\ App_const_extract_protocols.json -enable-experimental-feature DebugDescriptionMacro -enable-experimental-feature OpaqueTypeErasure -enable-bare-slash-regex -empty-abi-descriptor -validate-clang-modules-once -clang-build-session-file /Users/michaellee/Library/Developer/Xcode/DerivedData/ModuleCache.noindex/Session.modulevalidation -Xcc -working-directory -Xcc /Users/michaellee/Documents/cursor/pn/powernap -resource-dir /Applications/Xcode.app/Contents/Developer/Toolchains/XcodeDefault.xctoolchain/usr/lib/swift -enable-anonymous-context-mangled-names -file-compilation-dir /Users/michaellee/Documents/cursor/pn/powernap -Xcc -D_LIBCPP_HARDENING_MODE\=_LIBCPP_HARDENING_MODE_DEBUG -Xcc -ivfsstatcache -Xcc /Users/michaellee/Library/Developer/Xcode/DerivedData/SDKStatCaches.noindex/watchsimulator11.2-22S97-04d0831f79ab17645c55e345d8ed2cd8.sdkstatcache -Xcc -I/Users/michaellee/Library/Developer/Xcode/DerivedData/powernap-gxenzrooaklilccedzywyjjttilg/Build/Intermediates.noindex/powernap.build/Debug-watchsimulator/powernap\ Watch\ App.build/swift-overrides.hmap -Xcc -iquote -Xcc /Users/michaellee/Library/Developer/Xcode/DerivedData/powernap-gxenzrooaklilccedzywyjjttilg/Build/Intermediates.noindex/powernap.build/Debug-watchsimulator/powernap\ Watch\ App.build/powernap\ Watch\ App-generated-files.hmap -Xcc -I/Users/michaellee/Library/Developer/Xcode/DerivedData/powernap-gxenzrooaklilccedzywyjjttilg/Build/Intermediates.noindex/powernap.build/Debug-watchsimulator/powernap\ Watch\ App.build/powernap\ Watch\ App-own-target-headers.hmap -Xcc -I/Users/michaellee/Library/Developer/Xcode/DerivedData/powernap-gxenzrooaklilccedzywyjjttilg/Build/Intermediates.noindex/powernap.build/Debug-watchsimulator/powernap\ Watch\ App.build/powernap\ Watch\ App-all-target-headers.hmap -Xcc -iquote -Xcc /Users/michaellee/Library/Developer/Xcode/DerivedData/powernap-gxenzrooaklilccedzywyjjttilg/Build/Intermediates.noindex/powernap.build/Debug-watchsimulator/powernap\ Watch\ App.build/powernap\ Watch\ App-project-headers.hmap -Xcc -I/Users/michaellee/Library/Developer/Xcode/DerivedData/powernap-gxenzrooaklilccedzywyjjttilg/Build/Products/Debug-watchsimulator/include -Xcc -I/Users/michaellee/Library/Developer/Xcode/DerivedData/powernap-gxenzrooaklilccedzywyjjttilg/Build/Intermediates.noindex/powernap.build/Debug-watchsimulator/powernap\ Watch\ App.build/DerivedSources-normal/arm64 -Xcc -I/Users/michaellee/Library/Developer/Xcode/DerivedData/powernap-gxenzrooaklilccedzywyjjttilg/Build/Intermediates.noindex/powernap.build/Debug-watchsimulator/powernap\ Watch\ App.build/DerivedSources/arm64 -Xcc -I/Users/michaellee/Library/Developer/Xcode/DerivedData/powernap-gxenzrooaklilccedzywyjjttilg/Build/Intermediates.noindex/powernap.build/Debug-watchsimulator/powernap\ Watch\ App.build/DerivedSources -Xcc -DDEBUG\=1 -module-name powernap_Watch_App -frontend-parseable-output -disable-clang-spi -target-sdk-version 11.2 -target-sdk-name watchsimulator11.2 -external-plugin-path /Applications/Xcode.app/Contents/Developer/Platforms/WatchOS.platform/Developer/usr/lib/swift/host/plugins\#/Applications/Xcode.app/Contents/Developer/Platforms/WatchOS.platform/Developer/usr/bin/swift-plugin-server -external-plugin-path /Applications/Xcode.app/Contents/Developer/Platforms/WatchOS.platform/Developer/usr/local/lib/swift/host/plugins\#/Applications/Xcode.app/Contents/Developer/Platforms/WatchOS.platform/Developer/usr/bin/swift-plugin-server -plugin-path /Applications/Xcode.app/Contents/Developer/Toolchains/XcodeDefault.xctoolchain/usr/lib/swift/host/plugins -plugin-path /Applications/Xcode.app/Contents/Developer/Toolchains/XcodeDefault.xctoolchain/usr/local/lib/swift/host/plugins -o /Users/michaellee/Library/Developer/Xcode/DerivedData/powernap-gxenzrooaklilccedzywyjjttilg/Build/Intermediates.noindex/powernap.build/Debug-watchsimulator/powernap\ Watch\ App.build/Objects-normal/arm64/SleepDetectionService.o -o /Users/michaellee/Library/Developer/Xcode/DerivedData/powernap-gxenzrooaklilccedzywyjjttilg/Build/Intermediates.noindex/powernap.build/Debug-watchsimulator/powernap\ Watch\ App.build/Objects-normal/arm64/PowerNapViewModel.o -index-unit-output-path /powernap.build/Debug-watchsimulator/powernap\ Watch\ App.build/Objects-normal/arm64/SleepDetectionService.o -index-unit-output-path /powernap.build/Debug-watchsimulator/powernap\ Watch\ App.build/Objects-normal/arm64/PowerNapViewModel.o -index-store-path /Users/michaellee/Library/Developer/Xcode/DerivedData/powernap-gxenzrooaklilccedzywyjjttilg/Index.noindex/DataStore -index-system-modules

SwiftCompile normal arm64 /Users/michaellee/Documents/cursor/pn/powernap/powernap\ Watch\ App/ViewModels/PowerNapViewModel.swift (in target 'powernap Watch App' from project 'powernap')
    cd /Users/michaellee/Documents/cursor/pn/powernap
    /Applications/Xcode.app/Contents/Developer/Toolchains/XcodeDefault.xctoolchain/usr/bin/swift-frontend -c /Users/michaellee/Documents/cursor/pn/powernap/powernap\ Watch\ App/Models/PowerNapModel.swift /Users/michaellee/Documents/cursor/pn/powernap/powernap\ Watch\ App/Services/AudioService.swift /Users/michaellee/Documents/cursor/pn/powernap/powernap\ Watch\ App/Services/ExtendedRuntimeManager.swift /Users/michaellee/Documents/cursor/pn/powernap/powernap\ Watch\ App/Services/HealthKitService.swift /Users/michaellee/Documents/cursor/pn/powernap/powernap\ Watch\ App/Services/MotionService.swift /Users/michaellee/Documents/cursor/pn/powernap/powernap\ Watch\ App/Services/NotificationService.swift -primary-file /Users/michaellee/Documents/cursor/pn/powernap/powernap\ Watch\ App/Services/SleepDetectionService.swift -primary-file /Users/michaellee/Documents/cursor/pn/powernap/powernap\ Watch\ App/ViewModels/PowerNapViewModel.swift /Users/michaellee/Documents/cursor/pn/powernap/powernap\ Watch\ App/Views/HRVDisplayView.swift /Users/michaellee/Documents/cursor/pn/powernap/powernap\ Watch\ App/Views/MainView.swift /Users/michaellee/Documents/cursor/pn/powernap/powernap\ Watch\ App/Views/PowerNapView.swift /Users/michaellee/Documents/cursor/pn/powernap/powernap\ Watch\ App/Views/SettingsView.swift /Users/michaellee/Documents/cursor/pn/powernap/powernap\ Watch\ App/ContentView.swift /Users/michaellee/Documents/cursor/pn/powernap/powernap\ Watch\ App/powernapApp.swift /Users/michaellee/Library/Developer/Xcode/DerivedData/powernap-gxenzrooaklilccedzywyjjttilg/Build/Intermediates.noindex/powernap.build/Debug-watchsimulator/powernap\ Watch\ App.build/DerivedSources/GeneratedAssetSymbols.swift -emit-dependencies-path /Users/michaellee/Library/Developer/Xcode/DerivedData/powernap-gxenzrooaklilccedzywyjjttilg/Build/Intermediates.noindex/powernap.build/Debug-watchsimulator/powernap\ Watch\ App.build/Objects-normal/arm64/SleepDetectionService.d -emit-const-values-path /Users/michaellee/Library/Developer/Xcode/DerivedData/powernap-gxenzrooaklilccedzywyjjttilg/Build/Intermediates.noindex/powernap.build/Debug-watchsimulator/powernap\ Watch\ App.build/Objects-normal/arm64/SleepDetectionService.swiftconstvalues -emit-reference-dependencies-path /Users/michaellee/Library/Developer/Xcode/DerivedData/powernap-gxenzrooaklilccedzywyjjttilg/Build/Intermediates.noindex/powernap.build/Debug-watchsimulator/powernap\ Watch\ App.build/Objects-normal/arm64/SleepDetectionService.swiftdeps -serialize-diagnostics-path /Users/michaellee/Library/Developer/Xcode/DerivedData/powernap-gxenzrooaklilccedzywyjjttilg/Build/Intermediates.noindex/powernap.build/Debug-watchsimulator/powernap\ Watch\ App.build/Objects-normal/arm64/SleepDetectionService.dia -emit-dependencies-path /Users/michaellee/Library/Developer/Xcode/DerivedData/powernap-gxenzrooaklilccedzywyjjttilg/Build/Intermediates.noindex/powernap.build/Debug-watchsimulator/powernap\ Watch\ App.build/Objects-normal/arm64/PowerNapViewModel.d -emit-const-values-path /Users/michaellee/Library/Developer/Xcode/DerivedData/powernap-gxenzrooaklilccedzywyjjttilg/Build/Intermediates.noindex/powernap.build/Debug-watchsimulator/powernap\ Watch\ App.build/Objects-normal/arm64/PowerNapViewModel.swiftconstvalues -emit-reference-dependencies-path /Users/michaellee/Library/Developer/Xcode/DerivedData/powernap-gxenzrooaklilccedzywyjjttilg/Build/Intermediates.noindex/powernap.build/Debug-watchsimulator/powernap\ Watch\ App.build/Objects-normal/arm64/PowerNapViewModel.swiftdeps -serialize-diagnostics-path /Users/michaellee/Library/Developer/Xcode/DerivedData/powernap-gxenzrooaklilccedzywyjjttilg/Build/Intermediates.noindex/powernap.build/Debug-watchsimulator/powernap\ Watch\ App.build/Objects-normal/arm64/PowerNapViewModel.dia -emit-localized-strings -emit-localized-strings-path /Users/michaellee/Library/Developer/Xcode/DerivedData/powernap-gxenzrooaklilccedzywyjjttilg/Build/Intermediates.noindex/powernap.build/Debug-watchsimulator/powernap\ Watch\ App.build/Objects-normal/arm64 -target arm64-apple-watchos11.2-simulator -Xllvm -aarch64-use-tbi -enable-objc-interop -sdk /Applications/Xcode.app/Contents/Developer/Platforms/WatchSimulator.platform/Developer/SDKs/WatchSimulator11.2.sdk -I /Users/michaellee/Library/Developer/Xcode/DerivedData/powernap-gxenzrooaklilccedzywyjjttilg/Build/Products/Debug-watchsimulator -F /Users/michaellee/Library/Developer/Xcode/DerivedData/powernap-gxenzrooaklilccedzywyjjttilg/Build/Products/Debug-watchsimulator -no-color-diagnostics -enable-testing -g -debug-info-format\=dwarf -dwarf-version\=5 -module-cache-path /Users/michaellee/Library/Developer/Xcode/DerivedData/ModuleCache.noindex -profile-generate -profile-coverage-mapping -swift-version 5 -enforce-exclusivity\=checked -Onone -D DEBUG -serialize-debugging-options -const-gather-protocols-file /Users/michaellee/Library/Developer/Xcode/DerivedData/powernap-gxenzrooaklilccedzywyjjttilg/Build/Intermediates.noindex/powernap.build/Debug-watchsimulator/powernap\ Watch\ App.build/Objects-normal/arm64/powernap\ Watch\ App_const_extract_protocols.json -enable-experimental-feature DebugDescriptionMacro -enable-experimental-feature OpaqueTypeErasure -enable-bare-slash-regex -empty-abi-descriptor -validate-clang-modules-once -clang-build-session-file /Users/michaellee/Library/Developer/Xcode/DerivedData/ModuleCache.noindex/Session.modulevalidation -Xcc -working-directory -Xcc /Users/michaellee/Documents/cursor/pn/powernap -resource-dir /Applications/Xcode.app/Contents/Developer/Toolchains/XcodeDefault.xctoolchain/usr/lib/swift -enable-anonymous-context-mangled-names -file-compilation-dir /Users/michaellee/Documents/cursor/pn/powernap -Xcc -D_LIBCPP_HARDENING_MODE\=_LIBCPP_HARDENING_MODE_DEBUG -Xcc -ivfsstatcache -Xcc /Users/michaellee/Library/Developer/Xcode/DerivedData/SDKStatCaches.noindex/watchsimulator11.2-22S97-04d0831f79ab17645c55e345d8ed2cd8.sdkstatcache -Xcc -I/Users/michaellee/Library/Developer/Xcode/DerivedData/powernap-gxenzrooaklilccedzywyjjttilg/Build/Intermediates.noindex/powernap.build/Debug-watchsimulator/powernap\ Watch\ App.build/swift-overrides.hmap -Xcc -iquote -Xcc /Users/michaellee/Library/Developer/Xcode/DerivedData/powernap-gxenzrooaklilccedzywyjjttilg/Build/Intermediates.noindex/powernap.build/Debug-watchsimulator/powernap\ Watch\ App.build/powernap\ Watch\ App-generated-files.hmap -Xcc -I/Users/michaellee/Library/Developer/Xcode/DerivedData/powernap-gxenzrooaklilccedzywyjjttilg/Build/Intermediates.noindex/powernap.build/Debug-watchsimulator/powernap\ Watch\ App.build/powernap\ Watch\ App-own-target-headers.hmap -Xcc -I/Users/michaellee/Library/Developer/Xcode/DerivedData/powernap-gxenzrooaklilccedzywyjjttilg/Build/Intermediates.noindex/powernap.build/Debug-watchsimulator/powernap\ Watch\ App.build/powernap\ Watch\ App-all-target-headers.hmap -Xcc -iquote -Xcc /Users/michaellee/Library/Developer/Xcode/DerivedData/powernap-gxenzrooaklilccedzywyjjttilg/Build/Intermediates.noindex/powernap.build/Debug-watchsimulator/powernap\ Watch\ App.build/powernap\ Watch\ App-project-headers.hmap -Xcc -I/Users/michaellee/Library/Developer/Xcode/DerivedData/powernap-gxenzrooaklilccedzywyjjttilg/Build/Products/Debug-watchsimulator/include -Xcc -I/Users/michaellee/Library/Developer/Xcode/DerivedData/powernap-gxenzrooaklilccedzywyjjttilg/Build/Intermediates.noindex/powernap.build/Debug-watchsimulator/powernap\ Watch\ App.build/DerivedSources-normal/arm64 -Xcc -I/Users/michaellee/Library/Developer/Xcode/DerivedData/powernap-gxenzrooaklilccedzywyjjttilg/Build/Intermediates.noindex/powernap.build/Debug-watchsimulator/powernap\ Watch\ App.build/DerivedSources/arm64 -Xcc -I/Users/michaellee/Library/Developer/Xcode/DerivedData/powernap-gxenzrooaklilccedzywyjjttilg/Build/Intermediates.noindex/powernap.build/Debug-watchsimulator/powernap\ Watch\ App.build/DerivedSources -Xcc -DDEBUG\=1 -module-name powernap_Watch_App -frontend-parseable-output -disable-clang-spi -target-sdk-version 11.2 -target-sdk-name watchsimulator11.2 -external-plugin-path /Applications/Xcode.app/Contents/Developer/Platforms/WatchOS.platform/Developer/usr/lib/swift/host/plugins\#/Applications/Xcode.app/Contents/Developer/Platforms/WatchOS.platform/Developer/usr/bin/swift-plugin-server -external-plugin-path /Applications/Xcode.app/Contents/Developer/Platforms/WatchOS.platform/Developer/usr/local/lib/swift/host/plugins\#/Applications/Xcode.app/Contents/Developer/Platforms/WatchOS.platform/Developer/usr/bin/swift-plugin-server -plugin-path /Applications/Xcode.app/Contents/Developer/Toolchains/XcodeDefault.xctoolchain/usr/lib/swift/host/plugins -plugin-path /Applications/Xcode.app/Contents/Developer/Toolchains/XcodeDefault.xctoolchain/usr/local/lib/swift/host/plugins -o /Users/michaellee/Library/Developer/Xcode/DerivedData/powernap-gxenzrooaklilccedzywyjjttilg/Build/Intermediates.noindex/powernap.build/Debug-watchsimulator/powernap\ Watch\ App.build/Objects-normal/arm64/SleepDetectionService.o -o /Users/michaellee/Library/Developer/Xcode/DerivedData/powernap-gxenzrooaklilccedzywyjjttilg/Build/Intermediates.noindex/powernap.build/Debug-watchsimulator/powernap\ Watch\ App.build/Objects-normal/arm64/PowerNapViewModel.o -index-unit-output-path /powernap.build/Debug-watchsimulator/powernap\ Watch\ App.build/Objects-normal/arm64/SleepDetectionService.o -index-unit-output-path /powernap.build/Debug-watchsimulator/powernap\ Watch\ App.build/Objects-normal/arm64/PowerNapViewModel.o -index-store-path /Users/michaellee/Library/Developer/Xcode/DerivedData/powernap-gxenzrooaklilccedzywyjjttilg/Index.noindex/DataStore -index-system-modules

/Users/michaellee/Documents/cursor/pn/powernap/powernap Watch App/ViewModels/PowerNapViewModel.swift:50:47: error: call to main actor-isolated initializer 'init()' in a synchronous nonisolated context
    init(healthKitService: HealthKitService = HealthKitService(), 
                                              ^
/Users/michaellee/Documents/cursor/pn/powernap/powernap Watch App/Services/HealthKitService.swift:20:5: note: calls to initializer 'init()' from outside of its actor context are implicitly asynchronous
    init() {
    ^

/Users/michaellee/Documents/cursor/pn/powernap/powernap Watch App/ViewModels/PowerNapViewModel.swift:50:47: Call to main actor-isolated initializer 'init()' in a synchronous nonisolated context



Build failed    4/3/25, 10:57â€¯PM    1.8 seconds
