
Showing Recent Issues

Build target powernap Watch App of project powernap with configuration Debug

SwiftEmitModule normal arm64 Emitting\ module\ for\ powernap_Watch_App (in target 'powernap Watch App' from project 'powernap')
    cd /Users/michaellee/Documents/PowerNap
    builtin-swiftTaskExecution -- /Applications/Xcode.app/Contents/Developer/Toolchains/XcodeDefault.xctoolchain/usr/bin/swift-frontend -frontend -emit-module -experimental-skip-non-inlinable-function-bodies-without-types /Users/michaellee/Documents/PowerNap/powernap\ Watch\ App/Models/PowerNapModel.swift /Users/michaellee/Documents/PowerNap/powernap\ Watch\ App/Services/AgeGroupService.swift /Users/michaellee/Documents/PowerNap/powernap\ Watch\ App/Services/AppVersionService.swift /Users/michaellee/Documents/PowerNap/powernap\ Watch\ App/Services/AudioService.swift /Users/michaellee/Documents/PowerNap/powernap\ Watch\ App/Services/ExtendedRuntimeManager.swift /Users/michaellee/Documents/PowerNap/powernap\ Watch\ App/Services/HealthKitService.swift /Users/michaellee/Documents/PowerNap/powernap\ Watch\ App/Services/HealthStatsSettingsView.swift /Users/michaellee/Documents/PowerNap/powernap\ Watch\ App/Services/MotionService.swift /Users/michaellee/Documents/PowerNap/powernap\ Watch\ App/Services/NotificationService.swift /Users/michaellee/Documents/PowerNap/powernap\ Watch\ App/Services/PermissionManager.swift /Users/michaellee/Documents/PowerNap/powernap\ Watch\ App/Services/PersonalizedHRModelService.swift /Users/michaellee/Documents/PowerNap/powernap\ Watch\ App/Services/SleepDetectionService.swift /Users/michaellee/Documents/PowerNap/powernap\ Watch\ App/ViewModels/PowerNapViewModel.swift /Users/michaellee/Documents/PowerNap/powernap\ Watch\ App/Views/AgeSelectionView.swift /Users/michaellee/Documents/PowerNap/powernap\ Watch\ App/Views/HeartRateDisplayView.swift /Users/michaellee/Documents/PowerNap/powernap\ Watch\ App/Views/PermissionReminderView.swift /Users/michaellee/Documents/PowerNap/powernap\ Watch\ App/Views/PowerNapView.swift /Users/michaellee/Documents/PowerNap/powernap\ Watch\ App/Views/TestReportView.swift /Users/michaellee/Documents/PowerNap/powernap\ Watch\ App/AgeGroup.swift /Users/michaellee/Documents/PowerNap/powernap\ Watch\ App/AgeGroupImport.swift /Users/michaellee/Documents/PowerNap/powernap\ Watch\ App/ContentView.swift /Users/michaellee/Documents/PowerNap/powernap\ Watch\ App/powernapApp.swift /Users/michaellee/Documents/PowerNap/powernap\ Watch\ App/SettingsView.swift /Users/michaellee/Documents/PowerNap/powernap\ Watch\ App/TestReportService.swift /Users/michaellee/Documents/PowerNap/powernap\ Watch\ App/WelcomeView.swift /Users/michaellee/Library/Developer/Xcode/DerivedData/powernap-andpvffqpuvbpydqtebjncivjmxc/Build/Intermediates.noindex/powernap.build/Debug-watchsimulator/powernap\ Watch\ App.build/DerivedSources/GeneratedAssetSymbols.swift -target arm64-apple-watchos10.0-simulator -Xllvm -aarch64-use-tbi -enable-objc-interop -sdk /Applications/Xcode.app/Contents/Developer/Platforms/WatchSimulator.platform/Developer/SDKs/WatchSimulator11.2.sdk -I /Users/michaellee/Library/Developer/Xcode/DerivedData/powernap-andpvffqpuvbpydqtebjncivjmxc/Build/Products/Debug-watchsimulator -F /Users/michaellee/Library/Developer/Xcode/DerivedData/powernap-andpvffqpuvbpydqtebjncivjmxc/Build/Products/Debug-watchsimulator -no-color-diagnostics -enable-testing -g -debug-info-format\=dwarf -dwarf-version\=4 -module-cache-path /Users/michaellee/Library/Developer/Xcode/DerivedData/ModuleCache.noindex -profile-generate -profile-coverage-mapping -swift-version 5 -enforce-exclusivity\=checked -Onone -D DEBUG -serialize-debugging-options -const-gather-protocols-file /Users/michaellee/Library/Developer/Xcode/DerivedData/powernap-andpvffqpuvbpydqtebjncivjmxc/Build/Intermediates.noindex/powernap.build/Debug-watchsimulator/powernap\ Watch\ App.build/Objects-normal/arm64/powernap\ Watch\ App_const_extract_protocols.json -enable-experimental-feature DebugDescriptionMacro -enable-experimental-feature OpaqueTypeErasure -enable-bare-slash-regex -empty-abi-descriptor -validate-clang-modules-once -clang-build-session-file /Users/michaellee/Library/Developer/Xcode/DerivedData/ModuleCache.noindex/Session.modulevalidation -Xcc -working-directory -Xcc /Users/michaellee/Documents/PowerNap -resource-dir /Applications/Xcode.app/Contents/Developer/Toolchains/XcodeDefault.xctoolchain/usr/lib/swift -enable-anonymous-context-mangled-names -file-compilation-dir /Users/michaellee/Documents/PowerNap -Xcc -D_LIBCPP_HARDENING_MODE\=_LIBCPP_HARDENING_MODE_DEBUG -Xcc -ivfsstatcache -Xcc /Users/michaellee/Library/Developer/Xcode/DerivedData/SDKStatCaches.noindex/watchsimulator11.2-22S97-04d0831f79ab17645c55e345d8ed2cd8.sdkstatcache -Xcc -I/Users/michaellee/Library/Developer/Xcode/DerivedData/powernap-andpvffqpuvbpydqtebjncivjmxc/Build/Intermediates.noindex/powernap.build/Debug-watchsimulator/powernap\ Watch\ App.build/swift-overrides.hmap -Xcc -iquote -Xcc /Users/michaellee/Library/Developer/Xcode/DerivedData/powernap-andpvffqpuvbpydqtebjncivjmxc/Build/Intermediates.noindex/powernap.build/Debug-watchsimulator/powernap\ Watch\ App.build/powernap\ Watch\ App-generated-files.hmap -Xcc -I/Users/michaellee/Library/Developer/Xcode/DerivedData/powernap-andpvffqpuvbpydqtebjncivjmxc/Build/Intermediates.noindex/powernap.build/Debug-watchsimulator/powernap\ Watch\ App.build/powernap\ Watch\ App-own-target-headers.hmap -Xcc -I/Users/michaellee/Library/Developer/Xcode/DerivedData/powernap-andpvffqpuvbpydqtebjncivjmxc/Build/Intermediates.noindex/powernap.build/Debug-watchsimulator/powernap\ Watch\ App.build/powernap\ Watch\ App-all-target-headers.hmap -Xcc -iquote -Xcc /Users/michaellee/Library/Developer/Xcode/DerivedData/powernap-andpvffqpuvbpydqtebjncivjmxc/Build/Intermediates.noindex/powernap.build/Debug-watchsimulator/powernap\ Watch\ App.build/powernap\ Watch\ App-project-headers.hmap -Xcc -I/Users/michaellee/Library/Developer/Xcode/DerivedData/powernap-andpvffqpuvbpydqtebjncivjmxc/Build/Products/Debug-watchsimulator/include -Xcc -I/Users/michaellee/Library/Developer/Xcode/DerivedData/powernap-andpvffqpuvbpydqtebjncivjmxc/Build/Intermediates.noindex/powernap.build/Debug-watchsimulator/powernap\ Watch\ App.build/DerivedSources-normal/arm64 -Xcc -I/Users/michaellee/Library/Developer/Xcode/DerivedData/powernap-andpvffqpuvbpydqtebjncivjmxc/Build/Intermediates.noindex/powernap.build/Debug-watchsimulator/powernap\ Watch\ App.build/DerivedSources/arm64 -Xcc -I/Users/michaellee/Library/Developer/Xcode/DerivedData/powernap-andpvffqpuvbpydqtebjncivjmxc/Build/Intermediates.noindex/powernap.build/Debug-watchsimulator/powernap\ Watch\ App.build/DerivedSources -Xcc -DDEBUG\=1 -module-name powernap_Watch_App -frontend-parseable-output -disable-clang-spi -target-sdk-version 11.2 -target-sdk-name watchsimulator11.2 -external-plugin-path /Applications/Xcode.app/Contents/Developer/Platforms/WatchOS.platform/Developer/usr/lib/swift/host/plugins\#/Applications/Xcode.app/Contents/Developer/Platforms/WatchOS.platform/Developer/usr/bin/swift-plugin-server -external-plugin-path /Applications/Xcode.app/Contents/Developer/Platforms/WatchOS.platform/Developer/usr/local/lib/swift/host/plugins\#/Applications/Xcode.app/Contents/Developer/Platforms/WatchOS.platform/Developer/usr/bin/swift-plugin-server -plugin-path /Applications/Xcode.app/Contents/Developer/Toolchains/XcodeDefault.xctoolchain/usr/lib/swift/host/plugins -plugin-path /Applications/Xcode.app/Contents/Developer/Toolchains/XcodeDefault.xctoolchain/usr/local/lib/swift/host/plugins -emit-module-doc-path /Users/michaellee/Library/Developer/Xcode/DerivedData/powernap-andpvffqpuvbpydqtebjncivjmxc/Build/Intermediates.noindex/powernap.build/Debug-watchsimulator/powernap\ Watch\ App.build/Objects-normal/arm64/powernap_Watch_App.swiftdoc -emit-module-source-info-path /Users/michaellee/Library/Developer/Xcode/DerivedData/powernap-andpvffqpuvbpydqtebjncivjmxc/Build/Intermediates.noindex/powernap.build/Debug-watchsimulator/powernap\ Watch\ App.build/Objects-normal/arm64/powernap_Watch_App.swiftsourceinfo -emit-objc-header-path /Users/michaellee/Library/Developer/Xcode/DerivedData/powernap-andpvffqpuvbpydqtebjncivjmxc/Build/Intermediates.noindex/powernap.build/Debug-watchsimulator/powernap\ Watch\ App.build/Objects-normal/arm64/powernap_Watch_App-Swift.h -serialize-diagnostics-path /Users/michaellee/Library/Developer/Xcode/DerivedData/powernap-andpvffqpuvbpydqtebjncivjmxc/Build/Intermediates.noindex/powernap.build/Debug-watchsimulator/powernap\ Watch\ App.build/Objects-normal/arm64/powernap\ Watch\ App-master-emit-module.dia -emit-dependencies-path /Users/michaellee/Library/Developer/Xcode/DerivedData/powernap-andpvffqpuvbpydqtebjncivjmxc/Build/Intermediates.noindex/powernap.build/Debug-watchsimulator/powernap\ Watch\ App.build/Objects-normal/arm64/powernap\ Watch\ App-master-emit-module.d -o /Users/michaellee/Library/Developer/Xcode/DerivedData/powernap-andpvffqpuvbpydqtebjncivjmxc/Build/Intermediates.noindex/powernap.build/Debug-watchsimulator/powernap\ Watch\ App.build/Objects-normal/arm64/powernap_Watch_App.swiftmodule -emit-abi-descriptor-path /Users/michaellee/Library/Developer/Xcode/DerivedData/powernap-andpvffqpuvbpydqtebjncivjmxc/Build/Intermediates.noindex/powernap.build/Debug-watchsimulator/powernap\ Watch\ App.build/Objects-normal/arm64/powernap_Watch_App.abi.json

EmitSwiftModule normal arm64 (in target 'powernap Watch App' from project 'powernap')
    cd /Users/michaellee/Documents/PowerNap
    /Applications/Xcode.app/Contents/Developer/Toolchains/XcodeDefault.xctoolchain/usr/bin/swift-frontend -emit-module -experimental-skip-non-inlinable-function-bodies-without-types /Users/michaellee/Documents/PowerNap/powernap\ Watch\ App/Models/PowerNapModel.swift /Users/michaellee/Documents/PowerNap/powernap\ Watch\ App/Services/AgeGroupService.swift /Users/michaellee/Documents/PowerNap/powernap\ Watch\ App/Services/AppVersionService.swift /Users/michaellee/Documents/PowerNap/powernap\ Watch\ App/Services/AudioService.swift /Users/michaellee/Documents/PowerNap/powernap\ Watch\ App/Services/ExtendedRuntimeManager.swift /Users/michaellee/Documents/PowerNap/powernap\ Watch\ App/Services/HealthKitService.swift /Users/michaellee/Documents/PowerNap/powernap\ Watch\ App/Services/HealthStatsSettingsView.swift /Users/michaellee/Documents/PowerNap/powernap\ Watch\ App/Services/MotionService.swift /Users/michaellee/Documents/PowerNap/powernap\ Watch\ App/Services/NotificationService.swift /Users/michaellee/Documents/PowerNap/powernap\ Watch\ App/Services/PermissionManager.swift /Users/michaellee/Documents/PowerNap/powernap\ Watch\ App/Services/PersonalizedHRModelService.swift /Users/michaellee/Documents/PowerNap/powernap\ Watch\ App/Services/SleepDetectionService.swift /Users/michaellee/Documents/PowerNap/powernap\ Watch\ App/ViewModels/PowerNapViewModel.swift /Users/michaellee/Documents/PowerNap/powernap\ Watch\ App/Views/AgeSelectionView.swift /Users/michaellee/Documents/PowerNap/powernap\ Watch\ App/Views/HeartRateDisplayView.swift /Users/michaellee/Documents/PowerNap/powernap\ Watch\ App/Views/PermissionReminderView.swift /Users/michaellee/Documents/PowerNap/powernap\ Watch\ App/Views/PowerNapView.swift /Users/michaellee/Documents/PowerNap/powernap\ Watch\ App/Views/TestReportView.swift /Users/michaellee/Documents/PowerNap/powernap\ Watch\ App/AgeGroup.swift /Users/michaellee/Documents/PowerNap/powernap\ Watch\ App/AgeGroupImport.swift /Users/michaellee/Documents/PowerNap/powernap\ Watch\ App/ContentView.swift /Users/michaellee/Documents/PowerNap/powernap\ Watch\ App/powernapApp.swift /Users/michaellee/Documents/PowerNap/powernap\ Watch\ App/SettingsView.swift /Users/michaellee/Documents/PowerNap/powernap\ Watch\ App/TestReportService.swift /Users/michaellee/Documents/PowerNap/powernap\ Watch\ App/WelcomeView.swift /Users/michaellee/Library/Developer/Xcode/DerivedData/powernap-andpvffqpuvbpydqtebjncivjmxc/Build/Intermediates.noindex/powernap.build/Debug-watchsimulator/powernap\ Watch\ App.build/DerivedSources/GeneratedAssetSymbols.swift -target arm64-apple-watchos10.0-simulator -Xllvm -aarch64-use-tbi -enable-objc-interop -sdk /Applications/Xcode.app/Contents/Developer/Platforms/WatchSimulator.platform/Developer/SDKs/WatchSimulator11.2.sdk -I /Users/michaellee/Library/Developer/Xcode/DerivedData/powernap-andpvffqpuvbpydqtebjncivjmxc/Build/Products/Debug-watchsimulator -F /Users/michaellee/Library/Developer/Xcode/DerivedData/powernap-andpvffqpuvbpydqtebjncivjmxc/Build/Products/Debug-watchsimulator -no-color-diagnostics -enable-testing -g -debug-info-format\=dwarf -dwarf-version\=4 -module-cache-path /Users/michaellee/Library/Developer/Xcode/DerivedData/ModuleCache.noindex -profile-generate -profile-coverage-mapping -swift-version 5 -enforce-exclusivity\=checked -Onone -D DEBUG -serialize-debugging-options -const-gather-protocols-file /Users/michaellee/Library/Developer/Xcode/DerivedData/powernap-andpvffqpuvbpydqtebjncivjmxc/Build/Intermediates.noindex/powernap.build/Debug-watchsimulator/powernap\ Watch\ App.build/Objects-normal/arm64/powernap\ Watch\ App_const_extract_protocols.json -enable-experimental-feature DebugDescriptionMacro -enable-experimental-feature OpaqueTypeErasure -enable-bare-slash-regex -empty-abi-descriptor -validate-clang-modules-once -clang-build-session-file /Users/michaellee/Library/Developer/Xcode/DerivedData/ModuleCache.noindex/Session.modulevalidation -Xcc -working-directory -Xcc /Users/michaellee/Documents/PowerNap -resource-dir /Applications/Xcode.app/Contents/Developer/Toolchains/XcodeDefault.xctoolchain/usr/lib/swift -enable-anonymous-context-mangled-names -file-compilation-dir /Users/michaellee/Documents/PowerNap -Xcc -D_LIBCPP_HARDENING_MODE\=_LIBCPP_HARDENING_MODE_DEBUG -Xcc -ivfsstatcache -Xcc /Users/michaellee/Library/Developer/Xcode/DerivedData/SDKStatCaches.noindex/watchsimulator11.2-22S97-04d0831f79ab17645c55e345d8ed2cd8.sdkstatcache -Xcc -I/Users/michaellee/Library/Developer/Xcode/DerivedData/powernap-andpvffqpuvbpydqtebjncivjmxc/Build/Intermediates.noindex/powernap.build/Debug-watchsimulator/powernap\ Watch\ App.build/swift-overrides.hmap -Xcc -iquote -Xcc /Users/michaellee/Library/Developer/Xcode/DerivedData/powernap-andpvffqpuvbpydqtebjncivjmxc/Build/Intermediates.noindex/powernap.build/Debug-watchsimulator/powernap\ Watch\ App.build/powernap\ Watch\ App-generated-files.hmap -Xcc -I/Users/michaellee/Library/Developer/Xcode/DerivedData/powernap-andpvffqpuvbpydqtebjncivjmxc/Build/Intermediates.noindex/powernap.build/Debug-watchsimulator/powernap\ Watch\ App.build/powernap\ Watch\ App-own-target-headers.hmap -Xcc -I/Users/michaellee/Library/Developer/Xcode/DerivedData/powernap-andpvffqpuvbpydqtebjncivjmxc/Build/Intermediates.noindex/powernap.build/Debug-watchsimulator/powernap\ Watch\ App.build/powernap\ Watch\ App-all-target-headers.hmap -Xcc -iquote -Xcc /Users/michaellee/Library/Developer/Xcode/DerivedData/powernap-andpvffqpuvbpydqtebjncivjmxc/Build/Intermediates.noindex/powernap.build/Debug-watchsimulator/powernap\ Watch\ App.build/powernap\ Watch\ App-project-headers.hmap -Xcc -I/Users/michaellee/Library/Developer/Xcode/DerivedData/powernap-andpvffqpuvbpydqtebjncivjmxc/Build/Products/Debug-watchsimulator/include -Xcc -I/Users/michaellee/Library/Developer/Xcode/DerivedData/powernap-andpvffqpuvbpydqtebjncivjmxc/Build/Intermediates.noindex/powernap.build/Debug-watchsimulator/powernap\ Watch\ App.build/DerivedSources-normal/arm64 -Xcc -I/Users/michaellee/Library/Developer/Xcode/DerivedData/powernap-andpvffqpuvbpydqtebjncivjmxc/Build/Intermediates.noindex/powernap.build/Debug-watchsimulator/powernap\ Watch\ App.build/DerivedSources/arm64 -Xcc -I/Users/michaellee/Library/Developer/Xcode/DerivedData/powernap-andpvffqpuvbpydqtebjncivjmxc/Build/Intermediates.noindex/powernap.build/Debug-watchsimulator/powernap\ Watch\ App.build/DerivedSources -Xcc -DDEBUG\=1 -module-name powernap_Watch_App -frontend-parseable-output -disable-clang-spi -target-sdk-version 11.2 -target-sdk-name watchsimulator11.2 -external-plugin-path /Applications/Xcode.app/Contents/Developer/Platforms/WatchOS.platform/Developer/usr/lib/swift/host/plugins\#/Applications/Xcode.app/Contents/Developer/Platforms/WatchOS.platform/Developer/usr/bin/swift-plugin-server -external-plugin-path /Applications/Xcode.app/Contents/Developer/Platforms/WatchOS.platform/Developer/usr/local/lib/swift/host/plugins\#/Applications/Xcode.app/Contents/Developer/Platforms/WatchOS.platform/Developer/usr/bin/swift-plugin-server -plugin-path /Applications/Xcode.app/Contents/Developer/Toolchains/XcodeDefault.xctoolchain/usr/lib/swift/host/plugins -plugin-path /Applications/Xcode.app/Contents/Developer/Toolchains/XcodeDefault.xctoolchain/usr/local/lib/swift/host/plugins -emit-module-doc-path /Users/michaellee/Library/Developer/Xcode/DerivedData/powernap-andpvffqpuvbpydqtebjncivjmxc/Build/Intermediates.noindex/powernap.build/Debug-watchsimulator/powernap\ Watch\ App.build/Objects-normal/arm64/powernap_Watch_App.swiftdoc -emit-module-source-info-path /Users/michaellee/Library/Developer/Xcode/DerivedData/powernap-andpvffqpuvbpydqtebjncivjmxc/Build/Intermediates.noindex/powernap.build/Debug-watchsimulator/powernap\ Watch\ App.build/Objects-normal/arm64/powernap_Watch_App.swiftsourceinfo -emit-objc-header-path /Users/michaellee/Library/Developer/Xcode/DerivedData/powernap-andpvffqpuvbpydqtebjncivjmxc/Build/Intermediates.noindex/powernap.build/Debug-watchsimulator/powernap\ Watch\ App.build/Objects-normal/arm64/powernap_Watch_App-Swift.h -serialize-diagnostics-path /Users/michaellee/Library/Developer/Xcode/DerivedData/powernap-andpvffqpuvbpydqtebjncivjmxc/Build/Intermediates.noindex/powernap.build/Debug-watchsimulator/powernap\ Watch\ App.build/Objects-normal/arm64/powernap\ Watch\ App-master-emit-module.dia -emit-dependencies-path /Users/michaellee/Library/Developer/Xcode/DerivedData/powernap-andpvffqpuvbpydqtebjncivjmxc/Build/Intermediates.noindex/powernap.build/Debug-watchsimulator/powernap\ Watch\ App.build/Objects-normal/arm64/powernap\ Watch\ App-master-emit-module.d -o /Users/michaellee/Library/Developer/Xcode/DerivedData/powernap-andpvffqpuvbpydqtebjncivjmxc/Build/Intermediates.noindex/powernap.build/Debug-watchsimulator/powernap\ Watch\ App.build/Objects-normal/arm64/powernap_Watch_App.swiftmodule -emit-abi-descriptor-path /Users/michaellee/Library/Developer/Xcode/DerivedData/powernap-andpvffqpuvbpydqtebjncivjmxc/Build/Intermediates.noindex/powernap.build/Debug-watchsimulator/powernap\ Watch\ App.build/Objects-normal/arm64/powernap_Watch_App.abi.json

/Users/michaellee/Documents/PowerNap/powernap Watch App/Views/PermissionReminderView.swift:5:36: warning: file 'PermissionReminderView.swift' is part of module 'powernap_Watch_App'; ignoring import
@_implementationOnly import struct powernap_Watch_App.PermissionManager
                                   ^
/Users/michaellee/Documents/PowerNap/powernap Watch App/Services/PermissionManager.swift:119:72: warning: use '#selector' instead of explicitly constructing a 'Selector'
           let openURLMethod = class_getInstanceMethod(extensionClass, Selector(("openSystemURL:"))),
                                                                       ^~~~~~~~~~~~~~~~~~~~~~~~~~~~
                                                                       #selector(WKExtension.openSystemURL(_:))
/Users/michaellee/Documents/PowerNap/powernap Watch App/Services/PermissionManager.swift:120:48: error: value of type 'AnyClass' (aka 'any AnyObject.Type') has no member 'method_invoke'
           let sharedInstance = extensionClass.method_invoke(extensionClass, sharedMethod) {
                                ~~~~~~~~~~~~~~ ^~~~~~~~~~~~~
/Users/michaellee/Documents/PowerNap/powernap Watch App/Views/PermissionReminderView.swift:5:36: error: 'PermissionManager' was imported as 'struct', but is a class
@_implementationOnly import struct powernap_Watch_App.PermissionManager
                            ~~~~~~ ^
                            class
/Users/michaellee/Documents/PowerNap/powernap Watch App/Services/PermissionManager.swift:8:7: note: 'PermissionManager' declared here
class PermissionManager: ObservableObject {
      ^

/Users/michaellee/Documents/PowerNap/powernap Watch App/Views/PermissionReminderView.swift:5:36: File 'PermissionReminderView.swift' is part of module 'powernap_Watch_App'; ignoring import

/Users/michaellee/Documents/PowerNap/powernap Watch App/Services/PermissionManager.swift:119:72: Use '#selector' instead of explicitly constructing a 'Selector'

/Users/michaellee/Documents/PowerNap/powernap Watch App/Services/PermissionManager.swift:120:48: Value of type 'AnyClass' (aka 'any AnyObject.Type') has no member 'method_invoke'

/Users/michaellee/Documents/PowerNap/powernap Watch App/Views/PermissionReminderView.swift:5:36: 'PermissionManager' was imported as 'struct', but is a class

SwiftCompile normal arm64 Compiling\ HeartRateDisplayView.swift,\ PermissionReminderView.swift,\ PowerNapView.swift /Users/michaellee/Documents/PowerNap/powernap\ Watch\ App/Views/HeartRateDisplayView.swift /Users/michaellee/Documents/PowerNap/powernap\ Watch\ App/Views/PermissionReminderView.swift /Users/michaellee/Documents/PowerNap/powernap\ Watch\ App/Views/PowerNapView.swift (in target 'powernap Watch App' from project 'powernap')
    cd /Users/michaellee/Documents/PowerNap
    builtin-swiftTaskExecution -- /Applications/Xcode.app/Contents/Developer/Toolchains/XcodeDefault.xctoolchain/usr/bin/swift-frontend -frontend -c /Users/michaellee/Documents/PowerNap/powernap\ Watch\ App/Models/PowerNapModel.swift /Users/michaellee/Documents/PowerNap/powernap\ Watch\ App/Services/AgeGroupService.swift /Users/michaellee/Documents/PowerNap/powernap\ Watch\ App/Services/AppVersionService.swift /Users/michaellee/Documents/PowerNap/powernap\ Watch\ App/Services/AudioService.swift /Users/michaellee/Documents/PowerNap/powernap\ Watch\ App/Services/ExtendedRuntimeManager.swift /Users/michaellee/Documents/PowerNap/powernap\ Watch\ App/Services/HealthKitService.swift /Users/michaellee/Documents/PowerNap/powernap\ Watch\ App/Services/HealthStatsSettingsView.swift /Users/michaellee/Documents/PowerNap/powernap\ Watch\ App/Services/MotionService.swift /Users/michaellee/Documents/PowerNap/powernap\ Watch\ App/Services/NotificationService.swift /Users/michaellee/Documents/PowerNap/powernap\ Watch\ App/Services/PermissionManager.swift /Users/michaellee/Documents/PowerNap/powernap\ Watch\ App/Services/PersonalizedHRModelService.swift /Users/michaellee/Documents/PowerNap/powernap\ Watch\ App/Services/SleepDetectionService.swift /Users/michaellee/Documents/PowerNap/powernap\ Watch\ App/ViewModels/PowerNapViewModel.swift /Users/michaellee/Documents/PowerNap/powernap\ Watch\ App/Views/AgeSelectionView.swift -primary-file /Users/michaellee/Documents/PowerNap/powernap\ Watch\ App/Views/HeartRateDisplayView.swift -primary-file /Users/michaellee/Documents/PowerNap/powernap\ Watch\ App/Views/PermissionReminderView.swift -primary-file /Users/michaellee/Documents/PowerNap/powernap\ Watch\ App/Views/PowerNapView.swift /Users/michaellee/Documents/PowerNap/powernap\ Watch\ App/Views/TestReportView.swift /Users/michaellee/Documents/PowerNap/powernap\ Watch\ App/AgeGroup.swift /Users/michaellee/Documents/PowerNap/powernap\ Watch\ App/AgeGroupImport.swift /Users/michaellee/Documents/PowerNap/powernap\ Watch\ App/ContentView.swift /Users/michaellee/Documents/PowerNap/powernap\ Watch\ App/powernapApp.swift /Users/michaellee/Documents/PowerNap/powernap\ Watch\ App/SettingsView.swift /Users/michaellee/Documents/PowerNap/powernap\ Watch\ App/TestReportService.swift /Users/michaellee/Documents/PowerNap/powernap\ Watch\ App/WelcomeView.swift /Users/michaellee/Library/Developer/Xcode/DerivedData/powernap-andpvffqpuvbpydqtebjncivjmxc/Build/Intermediates.noindex/powernap.build/Debug-watchsimulator/powernap\ Watch\ App.build/DerivedSources/GeneratedAssetSymbols.swift -supplementary-output-file-map /Users/michaellee/Library/Developer/Xcode/DerivedData/powernap-andpvffqpuvbpydqtebjncivjmxc/Build/Intermediates.noindex/powernap.build/Debug-watchsimulator/powernap\ Watch\ App.build/Objects-normal/arm64/supplementaryOutputs-6 -emit-localized-strings -emit-localized-strings-path /Users/michaellee/Library/Developer/Xcode/DerivedData/powernap-andpvffqpuvbpydqtebjncivjmxc/Build/Intermediates.noindex/powernap.build/Debug-watchsimulator/powernap\ Watch\ App.build/Objects-normal/arm64 -target arm64-apple-watchos10.0-simulator -Xllvm -aarch64-use-tbi -enable-objc-interop -sdk /Applications/Xcode.app/Contents/Developer/Platforms/WatchSimulator.platform/Developer/SDKs/WatchSimulator11.2.sdk -I /Users/michaellee/Library/Developer/Xcode/DerivedData/powernap-andpvffqpuvbpydqtebjncivjmxc/Build/Products/Debug-watchsimulator -F /Users/michaellee/Library/Developer/Xcode/DerivedData/powernap-andpvffqpuvbpydqtebjncivjmxc/Build/Products/Debug-watchsimulator -no-color-diagnostics -enable-testing -g -debug-info-format\=dwarf -dwarf-version\=4 -module-cache-path /Users/michaellee/Library/Developer/Xcode/DerivedData/ModuleCache.noindex -profile-generate -profile-coverage-mapping -swift-version 5 -enforce-exclusivity\=checked -Onone -D DEBUG -serialize-debugging-options -const-gather-protocols-file /Users/michaellee/Library/Developer/Xcode/DerivedData/powernap-andpvffqpuvbpydqtebjncivjmxc/Build/Intermediates.noindex/powernap.build/Debug-watchsimulator/powernap\ Watch\ App.build/Objects-normal/arm64/powernap\ Watch\ App_const_extract_protocols.json -enable-experimental-feature DebugDescriptionMacro -enable-experimental-feature OpaqueTypeErasure -enable-bare-slash-regex -empty-abi-descriptor -validate-clang-modules-once -clang-build-session-file /Users/michaellee/Library/Developer/Xcode/DerivedData/ModuleCache.noindex/Session.modulevalidation -Xcc -working-directory -Xcc /Users/michaellee/Documents/PowerNap -resource-dir /Applications/Xcode.app/Contents/Developer/Toolchains/XcodeDefault.xctoolchain/usr/lib/swift -enable-anonymous-context-mangled-names -file-compilation-dir /Users/michaellee/Documents/PowerNap -Xcc -D_LIBCPP_HARDENING_MODE\=_LIBCPP_HARDENING_MODE_DEBUG -Xcc -ivfsstatcache -Xcc /Users/michaellee/Library/Developer/Xcode/DerivedData/SDKStatCaches.noindex/watchsimulator11.2-22S97-04d0831f79ab17645c55e345d8ed2cd8.sdkstatcache -Xcc -I/Users/michaellee/Library/Developer/Xcode/DerivedData/powernap-andpvffqpuvbpydqtebjncivjmxc/Build/Intermediates.noindex/powernap.build/Debug-watchsimulator/powernap\ Watch\ App.build/swift-overrides.hmap -Xcc -iquote -Xcc /Users/michaellee/Library/Developer/Xcode/DerivedData/powernap-andpvffqpuvbpydqtebjncivjmxc/Build/Intermediates.noindex/powernap.build/Debug-watchsimulator/powernap\ Watch\ App.build/powernap\ Watch\ App-generated-files.hmap -Xcc -I/Users/michaellee/Library/Developer/Xcode/DerivedData/powernap-andpvffqpuvbpydqtebjncivjmxc/Build/Intermediates.noindex/powernap.build/Debug-watchsimulator/powernap\ Watch\ App.build/powernap\ Watch\ App-own-target-headers.hmap -Xcc -I/Users/michaellee/Library/Developer/Xcode/DerivedData/powernap-andpvffqpuvbpydqtebjncivjmxc/Build/Intermediates.noindex/powernap.build/Debug-watchsimulator/powernap\ Watch\ App.build/powernap\ Watch\ App-all-target-headers.hmap -Xcc -iquote -Xcc /Users/michaellee/Library/Developer/Xcode/DerivedData/powernap-andpvffqpuvbpydqtebjncivjmxc/Build/Intermediates.noindex/powernap.build/Debug-watchsimulator/powernap\ Watch\ App.build/powernap\ Watch\ App-project-headers.hmap -Xcc -I/Users/michaellee/Library/Developer/Xcode/DerivedData/powernap-andpvffqpuvbpydqtebjncivjmxc/Build/Products/Debug-watchsimulator/include -Xcc -I/Users/michaellee/Library/Developer/Xcode/DerivedData/powernap-andpvffqpuvbpydqtebjncivjmxc/Build/Intermediates.noindex/powernap.build/Debug-watchsimulator/powernap\ Watch\ App.build/DerivedSources-normal/arm64 -Xcc -I/Users/michaellee/Library/Developer/Xcode/DerivedData/powernap-andpvffqpuvbpydqtebjncivjmxc/Build/Intermediates.noindex/powernap.build/Debug-watchsimulator/powernap\ Watch\ App.build/DerivedSources/arm64 -Xcc -I/Users/michaellee/Library/Developer/Xcode/DerivedData/powernap-andpvffqpuvbpydqtebjncivjmxc/Build/Intermediates.noindex/powernap.build/Debug-watchsimulator/powernap\ Watch\ App.build/DerivedSources -Xcc -DDEBUG\=1 -module-name powernap_Watch_App -frontend-parseable-output -disable-clang-spi -target-sdk-version 11.2 -target-sdk-name watchsimulator11.2 -external-plugin-path /Applications/Xcode.app/Contents/Developer/Platforms/WatchOS.platform/Developer/usr/lib/swift/host/plugins\#/Applications/Xcode.app/Contents/Developer/Platforms/WatchOS.platform/Developer/usr/bin/swift-plugin-server -external-plugin-path /Applications/Xcode.app/Contents/Developer/Platforms/WatchOS.platform/Developer/usr/local/lib/swift/host/plugins\#/Applications/Xcode.app/Contents/Developer/Platforms/WatchOS.platform/Developer/usr/bin/swift-plugin-server -plugin-path /Applications/Xcode.app/Contents/Developer/Toolchains/XcodeDefault.xctoolchain/usr/lib/swift/host/plugins -plugin-path /Applications/Xcode.app/Contents/Developer/Toolchains/XcodeDefault.xctoolchain/usr/local/lib/swift/host/plugins -o /Users/michaellee/Library/Developer/Xcode/DerivedData/powernap-andpvffqpuvbpydqtebjncivjmxc/Build/Intermediates.noindex/powernap.build/Debug-watchsimulator/powernap\ Watch\ App.build/Objects-normal/arm64/HeartRateDisplayView.o -o /Users/michaellee/Library/Developer/Xcode/DerivedData/powernap-andpvffqpuvbpydqtebjncivjmxc/Build/Intermediates.noindex/powernap.build/Debug-watchsimulator/powernap\ Watch\ App.build/Objects-normal/arm64/PermissionReminderView.o -o /Users/michaellee/Library/Developer/Xcode/DerivedData/powernap-andpvffqpuvbpydqtebjncivjmxc/Build/Intermediates.noindex/powernap.build/Debug-watchsimulator/powernap\ Watch\ App.build/Objects-normal/arm64/PowerNapView.o -index-unit-output-path /powernap.build/Debug-watchsimulator/powernap\ Watch\ App.build/Objects-normal/arm64/HeartRateDisplayView.o -index-unit-output-path /powernap.build/Debug-watchsimulator/powernap\ Watch\ App.build/Objects-normal/arm64/PermissionReminderView.o -index-unit-output-path /powernap.build/Debug-watchsimulator/powernap\ Watch\ App.build/Objects-normal/arm64/PowerNapView.o -index-store-path /Users/michaellee/Library/Developer/Xcode/DerivedData/powernap-andpvffqpuvbpydqtebjncivjmxc/Index.noindex/DataStore -index-system-modules

Command SwiftCompile failed with a nonzero exit code

Command SwiftCompile failed with a nonzero exit code



Build failed    4/13/25, 4:37â€¯PM    3.6 seconds
