
Showing Recent Errors Only

Build target powernap Watch App of project powernap with configuration Debug

SwiftCompile normal arm64 Compiling\ AgeGroup.swift,\ ServiceProtocols.swift,\ PowerNapModel.swift /Users/michaellee/Documents/PowerNap/powernap\ Watch\ App/Models/Shared/AgeGroup.swift /Users/michaellee/Documents/PowerNap/powernap\ Watch\ App/Models/Shared/ServiceProtocols.swift /Users/michaellee/Documents/PowerNap/powernap\ Watch\ App/Models/PowerNapModel.swift (in target 'powernap Watch App' from project 'powernap')
    cd /Users/michaellee/Documents/PowerNap
    builtin-swiftTaskExecution -- /Applications/Xcode.app/Contents/Developer/Toolchains/XcodeDefault.xctoolchain/usr/bin/swift-frontend -frontend -c -primary-file /Users/michaellee/Documents/PowerNap/powernap\ Watch\ App/Models/Shared/AgeGroup.swift -primary-file /Users/michaellee/Documents/PowerNap/powernap\ Watch\ App/Models/Shared/ServiceProtocols.swift -primary-file /Users/michaellee/Documents/PowerNap/powernap\ Watch\ App/Models/PowerNapModel.swift /Users/michaellee/Documents/PowerNap/powernap\ Watch\ App/Services/SleepProfile/SleepProfileService.swift /Users/michaellee/Documents/PowerNap/powernap\ Watch\ App/Services/SleepProfile/UserSleepProfile.swift /Users/michaellee/Documents/PowerNap/powernap\ Watch\ App/Services/AudioService.swift /Users/michaellee/Documents/PowerNap/powernap\ Watch\ App/Services/ExtendedRuntimeManager.swift /Users/michaellee/Documents/PowerNap/powernap\ Watch\ App/Services/HealthKitService.swift /Users/michaellee/Documents/PowerNap/powernap\ Watch\ App/Services/LogManager.swift /Users/michaellee/Documents/PowerNap/powernap\ Watch\ App/Services/MotionService.swift /Users/michaellee/Documents/PowerNap/powernap\ Watch\ App/Services/NotificationService.swift /Users/michaellee/Documents/PowerNap/powernap\ Watch\ App/Services/SleepDetectionService.swift /Users/michaellee/Documents/PowerNap/powernap\ Watch\ App/ViewModels/PowerNapViewModel.swift /Users/michaellee/Documents/PowerNap/powernap\ Watch\ App/Views/HeartRateDisplayView.swift /Users/michaellee/Documents/PowerNap/powernap\ Watch\ App/Views/LogsView.swift /Users/michaellee/Documents/PowerNap/powernap\ Watch\ App/Views/PersonalizedModelTestView.swift /Users/michaellee/Documents/PowerNap/powernap\ Watch\ App/Views/PowerNapView.swift /Users/michaellee/Documents/PowerNap/powernap\ Watch\ App/Views/SettingsView.swift /Users/michaellee/Documents/PowerNap/powernap\ Watch\ App/ContentView.swift /Users/michaellee/Documents/PowerNap/powernap\ Watch\ App/powernapApp.swift /Users/michaellee/Library/Developer/Xcode/DerivedData/powernap-andpvffqpuvbpydqtebjncivjmxc/Build/Intermediates.noindex/powernap.build/Debug-watchsimulator/powernap\ Watch\ App.build/DerivedSources/GeneratedAssetSymbols.swift -supplementary-output-file-map /Users/michaellee/Library/Developer/Xcode/DerivedData/powernap-andpvffqpuvbpydqtebjncivjmxc/Build/Intermediates.noindex/powernap.build/Debug-watchsimulator/powernap\ Watch\ App.build/Objects-normal/arm64/supplementaryOutputs-21 -emit-localized-strings -emit-localized-strings-path /Users/michaellee/Library/Developer/Xcode/DerivedData/powernap-andpvffqpuvbpydqtebjncivjmxc/Build/Intermediates.noindex/powernap.build/Debug-watchsimulator/powernap\ Watch\ App.build/Objects-normal/arm64 -target arm64-apple-watchos10.0-simulator -Xllvm -aarch64-use-tbi -enable-objc-interop -sdk /Applications/Xcode.app/Contents/Developer/Platforms/WatchSimulator.platform/Developer/SDKs/WatchSimulator11.2.sdk -I /Users/michaellee/Library/Developer/Xcode/DerivedData/powernap-andpvffqpuvbpydqtebjncivjmxc/Build/Products/Debug-watchsimulator -F /Users/michaellee/Library/Developer/Xcode/DerivedData/powernap-andpvffqpuvbpydqtebjncivjmxc/Build/Products/Debug-watchsimulator -no-color-diagnostics -enable-testing -g -debug-info-format\=dwarf -dwarf-version\=4 -module-cache-path /Users/michaellee/Library/Developer/Xcode/DerivedData/ModuleCache.noindex -profile-generate -profile-coverage-mapping -swift-version 5 -enforce-exclusivity\=checked -Onone -D DEBUG -serialize-debugging-options -const-gather-protocols-file /Users/michaellee/Library/Developer/Xcode/DerivedData/powernap-andpvffqpuvbpydqtebjncivjmxc/Build/Intermediates.noindex/powernap.build/Debug-watchsimulator/powernap\ Watch\ App.build/Objects-normal/arm64/powernap\ Watch\ App_const_extract_protocols.json -enable-experimental-feature DebugDescriptionMacro -enable-experimental-feature OpaqueTypeErasure -enable-bare-slash-regex -empty-abi-descriptor -validate-clang-modules-once -clang-build-session-file /Users/michaellee/Library/Developer/Xcode/DerivedData/ModuleCache.noindex/Session.modulevalidation -Xcc -working-directory -Xcc /Users/michaellee/Documents/PowerNap -resource-dir /Applications/Xcode.app/Contents/Developer/Toolchains/XcodeDefault.xctoolchain/usr/lib/swift -enable-anonymous-context-mangled-names -file-compilation-dir /Users/michaellee/Documents/PowerNap -Xcc -D_LIBCPP_HARDENING_MODE\=_LIBCPP_HARDENING_MODE_DEBUG -Xcc -ivfsstatcache -Xcc /Users/michaellee/Library/Developer/Xcode/DerivedData/SDKStatCaches.noindex/watchsimulator11.2-22S97-04d0831f79ab17645c55e345d8ed2cd8.sdkstatcache -Xcc -I/Users/michaellee/Library/Developer/Xcode/DerivedData/powernap-andpvffqpuvbpydqtebjncivjmxc/Build/Intermediates.noindex/powernap.build/Debug-watchsimulator/powernap\ Watch\ App.build/swift-overrides.hmap -Xcc -iquote -Xcc /Users/michaellee/Library/Developer/Xcode/DerivedData/powernap-andpvffqpuvbpydqtebjncivjmxc/Build/Intermediates.noindex/powernap.build/Debug-watchsimulator/powernap\ Watch\ App.build/powernap\ Watch\ App-generated-files.hmap -Xcc -I/Users/michaellee/Library/Developer/Xcode/DerivedData/powernap-andpvffqpuvbpydqtebjncivjmxc/Build/Intermediates.noindex/powernap.build/Debug-watchsimulator/powernap\ Watch\ App.build/powernap\ Watch\ App-own-target-headers.hmap -Xcc -I/Users/michaellee/Library/Developer/Xcode/DerivedData/powernap-andpvffqpuvbpydqtebjncivjmxc/Build/Intermediates.noindex/powernap.build/Debug-watchsimulator/powernap\ Watch\ App.build/powernap\ Watch\ App-all-target-headers.hmap -Xcc -iquote -Xcc /Users/michaellee/Library/Developer/Xcode/DerivedData/powernap-andpvffqpuvbpydqtebjncivjmxc/Build/Intermediates.noindex/powernap.build/Debug-watchsimulator/powernap\ Watch\ App.build/powernap\ Watch\ App-project-headers.hmap -Xcc -I/Users/michaellee/Library/Developer/Xcode/DerivedData/powernap-andpvffqpuvbpydqtebjncivjmxc/Build/Products/Debug-watchsimulator/include -Xcc -I/Users/michaellee/Library/Developer/Xcode/DerivedData/powernap-andpvffqpuvbpydqtebjncivjmxc/Build/Intermediates.noindex/powernap.build/Debug-watchsimulator/powernap\ Watch\ App.build/DerivedSources-normal/arm64 -Xcc -I/Users/michaellee/Library/Developer/Xcode/DerivedData/powernap-andpvffqpuvbpydqtebjncivjmxc/Build/Intermediates.noindex/powernap.build/Debug-watchsimulator/powernap\ Watch\ App.build/DerivedSources/arm64 -Xcc -I/Users/michaellee/Library/Developer/Xcode/DerivedData/powernap-andpvffqpuvbpydqtebjncivjmxc/Build/Intermediates.noindex/powernap.build/Debug-watchsimulator/powernap\ Watch\ App.build/DerivedSources -Xcc -DDEBUG\=1 -module-name powernap_Watch_App -frontend-parseable-output -disable-clang-spi -target-sdk-version 11.2 -target-sdk-name watchsimulator11.2 -external-plugin-path /Applications/Xcode.app/Contents/Developer/Platforms/WatchOS.platform/Developer/usr/lib/swift/host/plugins\#/Applications/Xcode.app/Contents/Developer/Platforms/WatchOS.platform/Developer/usr/bin/swift-plugin-server -external-plugin-path /Applications/Xcode.app/Contents/Developer/Platforms/WatchOS.platform/Developer/usr/local/lib/swift/host/plugins\#/Applications/Xcode.app/Contents/Developer/Platforms/WatchOS.platform/Developer/usr/bin/swift-plugin-server -plugin-path /Applications/Xcode.app/Contents/Developer/Toolchains/XcodeDefault.xctoolchain/usr/lib/swift/host/plugins -plugin-path /Applications/Xcode.app/Contents/Developer/Toolchains/XcodeDefault.xctoolchain/usr/local/lib/swift/host/plugins -o /Users/michaellee/Library/Developer/Xcode/DerivedData/powernap-andpvffqpuvbpydqtebjncivjmxc/Build/Intermediates.noindex/powernap.build/Debug-watchsimulator/powernap\ Watch\ App.build/Objects-normal/arm64/AgeGroup.o -o /Users/michaellee/Library/Developer/Xcode/DerivedData/powernap-andpvffqpuvbpydqtebjncivjmxc/Build/Intermediates.noindex/powernap.build/Debug-watchsimulator/powernap\ Watch\ App.build/Objects-normal/arm64/ServiceProtocols.o -o /Users/michaellee/Library/Developer/Xcode/DerivedData/powernap-andpvffqpuvbpydqtebjncivjmxc/Build/Intermediates.noindex/powernap.build/Debug-watchsimulator/powernap\ Watch\ App.build/Objects-normal/arm64/PowerNapModel.o -index-unit-output-path /powernap.build/Debug-watchsimulator/powernap\ Watch\ App.build/Objects-normal/arm64/AgeGroup.o -index-unit-output-path /powernap.build/Debug-watchsimulator/powernap\ Watch\ App.build/Objects-normal/arm64/ServiceProtocols.o -index-unit-output-path /powernap.build/Debug-watchsimulator/powernap\ Watch\ App.build/Objects-normal/arm64/PowerNapModel.o -index-store-path /Users/michaellee/Library/Developer/Xcode/DerivedData/powernap-andpvffqpuvbpydqtebjncivjmxc/Index.noindex/DataStore -index-system-modules

SwiftCompile normal arm64 /Users/michaellee/Documents/PowerNap/powernap\ Watch\ App/Models/Shared/ServiceProtocols.swift (in target 'powernap Watch App' from project 'powernap')
    cd /Users/michaellee/Documents/PowerNap
    /Applications/Xcode.app/Contents/Developer/Toolchains/XcodeDefault.xctoolchain/usr/bin/swift-frontend -c -primary-file /Users/michaellee/Documents/PowerNap/powernap\ Watch\ App/Models/Shared/AgeGroup.swift -primary-file /Users/michaellee/Documents/PowerNap/powernap\ Watch\ App/Models/Shared/ServiceProtocols.swift -primary-file /Users/michaellee/Documents/PowerNap/powernap\ Watch\ App/Models/PowerNapModel.swift /Users/michaellee/Documents/PowerNap/powernap\ Watch\ App/Services/SleepProfile/SleepProfileService.swift /Users/michaellee/Documents/PowerNap/powernap\ Watch\ App/Services/SleepProfile/UserSleepProfile.swift /Users/michaellee/Documents/PowerNap/powernap\ Watch\ App/Services/AudioService.swift /Users/michaellee/Documents/PowerNap/powernap\ Watch\ App/Services/ExtendedRuntimeManager.swift /Users/michaellee/Documents/PowerNap/powernap\ Watch\ App/Services/HealthKitService.swift /Users/michaellee/Documents/PowerNap/powernap\ Watch\ App/Services/LogManager.swift /Users/michaellee/Documents/PowerNap/powernap\ Watch\ App/Services/MotionService.swift /Users/michaellee/Documents/PowerNap/powernap\ Watch\ App/Services/NotificationService.swift /Users/michaellee/Documents/PowerNap/powernap\ Watch\ App/Services/SleepDetectionService.swift /Users/michaellee/Documents/PowerNap/powernap\ Watch\ App/ViewModels/PowerNapViewModel.swift /Users/michaellee/Documents/PowerNap/powernap\ Watch\ App/Views/HeartRateDisplayView.swift /Users/michaellee/Documents/PowerNap/powernap\ Watch\ App/Views/LogsView.swift /Users/michaellee/Documents/PowerNap/powernap\ Watch\ App/Views/PersonalizedModelTestView.swift /Users/michaellee/Documents/PowerNap/powernap\ Watch\ App/Views/PowerNapView.swift /Users/michaellee/Documents/PowerNap/powernap\ Watch\ App/Views/SettingsView.swift /Users/michaellee/Documents/PowerNap/powernap\ Watch\ App/ContentView.swift /Users/michaellee/Documents/PowerNap/powernap\ Watch\ App/powernapApp.swift /Users/michaellee/Library/Developer/Xcode/DerivedData/powernap-andpvffqpuvbpydqtebjncivjmxc/Build/Intermediates.noindex/powernap.build/Debug-watchsimulator/powernap\ Watch\ App.build/DerivedSources/GeneratedAssetSymbols.swift -supplementary-output-file-map /Users/michaellee/Library/Developer/Xcode/DerivedData/powernap-andpvffqpuvbpydqtebjncivjmxc/Build/Intermediates.noindex/powernap.build/Debug-watchsimulator/powernap\ Watch\ App.build/Objects-normal/arm64/supplementaryOutputs-21 -emit-localized-strings -emit-localized-strings-path /Users/michaellee/Library/Developer/Xcode/DerivedData/powernap-andpvffqpuvbpydqtebjncivjmxc/Build/Intermediates.noindex/powernap.build/Debug-watchsimulator/powernap\ Watch\ App.build/Objects-normal/arm64 -target arm64-apple-watchos10.0-simulator -Xllvm -aarch64-use-tbi -enable-objc-interop -sdk /Applications/Xcode.app/Contents/Developer/Platforms/WatchSimulator.platform/Developer/SDKs/WatchSimulator11.2.sdk -I /Users/michaellee/Library/Developer/Xcode/DerivedData/powernap-andpvffqpuvbpydqtebjncivjmxc/Build/Products/Debug-watchsimulator -F /Users/michaellee/Library/Developer/Xcode/DerivedData/powernap-andpvffqpuvbpydqtebjncivjmxc/Build/Products/Debug-watchsimulator -no-color-diagnostics -enable-testing -g -debug-info-format\=dwarf -dwarf-version\=4 -module-cache-path /Users/michaellee/Library/Developer/Xcode/DerivedData/ModuleCache.noindex -profile-generate -profile-coverage-mapping -swift-version 5 -enforce-exclusivity\=checked -Onone -D DEBUG -serialize-debugging-options -const-gather-protocols-file /Users/michaellee/Library/Developer/Xcode/DerivedData/powernap-andpvffqpuvbpydqtebjncivjmxc/Build/Intermediates.noindex/powernap.build/Debug-watchsimulator/powernap\ Watch\ App.build/Objects-normal/arm64/powernap\ Watch\ App_const_extract_protocols.json -enable-experimental-feature DebugDescriptionMacro -enable-experimental-feature OpaqueTypeErasure -enable-bare-slash-regex -empty-abi-descriptor -validate-clang-modules-once -clang-build-session-file /Users/michaellee/Library/Developer/Xcode/DerivedData/ModuleCache.noindex/Session.modulevalidation -Xcc -working-directory -Xcc /Users/michaellee/Documents/PowerNap -resource-dir /Applications/Xcode.app/Contents/Developer/Toolchains/XcodeDefault.xctoolchain/usr/lib/swift -enable-anonymous-context-mangled-names -file-compilation-dir /Users/michaellee/Documents/PowerNap -Xcc -D_LIBCPP_HARDENING_MODE\=_LIBCPP_HARDENING_MODE_DEBUG -Xcc -ivfsstatcache -Xcc /Users/michaellee/Library/Developer/Xcode/DerivedData/SDKStatCaches.noindex/watchsimulator11.2-22S97-04d0831f79ab17645c55e345d8ed2cd8.sdkstatcache -Xcc -I/Users/michaellee/Library/Developer/Xcode/DerivedData/powernap-andpvffqpuvbpydqtebjncivjmxc/Build/Intermediates.noindex/powernap.build/Debug-watchsimulator/powernap\ Watch\ App.build/swift-overrides.hmap -Xcc -iquote -Xcc /Users/michaellee/Library/Developer/Xcode/DerivedData/powernap-andpvffqpuvbpydqtebjncivjmxc/Build/Intermediates.noindex/powernap.build/Debug-watchsimulator/powernap\ Watch\ App.build/powernap\ Watch\ App-generated-files.hmap -Xcc -I/Users/michaellee/Library/Developer/Xcode/DerivedData/powernap-andpvffqpuvbpydqtebjncivjmxc/Build/Intermediates.noindex/powernap.build/Debug-watchsimulator/powernap\ Watch\ App.build/powernap\ Watch\ App-own-target-headers.hmap -Xcc -I/Users/michaellee/Library/Developer/Xcode/DerivedData/powernap-andpvffqpuvbpydqtebjncivjmxc/Build/Intermediates.noindex/powernap.build/Debug-watchsimulator/powernap\ Watch\ App.build/powernap\ Watch\ App-all-target-headers.hmap -Xcc -iquote -Xcc /Users/michaellee/Library/Developer/Xcode/DerivedData/powernap-andpvffqpuvbpydqtebjncivjmxc/Build/Intermediates.noindex/powernap.build/Debug-watchsimulator/powernap\ Watch\ App.build/powernap\ Watch\ App-project-headers.hmap -Xcc -I/Users/michaellee/Library/Developer/Xcode/DerivedData/powernap-andpvffqpuvbpydqtebjncivjmxc/Build/Products/Debug-watchsimulator/include -Xcc -I/Users/michaellee/Library/Developer/Xcode/DerivedData/powernap-andpvffqpuvbpydqtebjncivjmxc/Build/Intermediates.noindex/powernap.build/Debug-watchsimulator/powernap\ Watch\ App.build/DerivedSources-normal/arm64 -Xcc -I/Users/michaellee/Library/Developer/Xcode/DerivedData/powernap-andpvffqpuvbpydqtebjncivjmxc/Build/Intermediates.noindex/powernap.build/Debug-watchsimulator/powernap\ Watch\ App.build/DerivedSources/arm64 -Xcc -I/Users/michaellee/Library/Developer/Xcode/DerivedData/powernap-andpvffqpuvbpydqtebjncivjmxc/Build/Intermediates.noindex/powernap.build/Debug-watchsimulator/powernap\ Watch\ App.build/DerivedSources -Xcc -DDEBUG\=1 -module-name powernap_Watch_App -frontend-parseable-output -disable-clang-spi -target-sdk-version 11.2 -target-sdk-name watchsimulator11.2 -external-plugin-path /Applications/Xcode.app/Contents/Developer/Platforms/WatchOS.platform/Developer/usr/lib/swift/host/plugins\#/Applications/Xcode.app/Contents/Developer/Platforms/WatchOS.platform/Developer/usr/bin/swift-plugin-server -external-plugin-path /Applications/Xcode.app/Contents/Developer/Platforms/WatchOS.platform/Developer/usr/local/lib/swift/host/plugins\#/Applications/Xcode.app/Contents/Developer/Platforms/WatchOS.platform/Developer/usr/bin/swift-plugin-server -plugin-path /Applications/Xcode.app/Contents/Developer/Toolchains/XcodeDefault.xctoolchain/usr/lib/swift/host/plugins -plugin-path /Applications/Xcode.app/Contents/Developer/Toolchains/XcodeDefault.xctoolchain/usr/local/lib/swift/host/plugins -o /Users/michaellee/Library/Developer/Xcode/DerivedData/powernap-andpvffqpuvbpydqtebjncivjmxc/Build/Intermediates.noindex/powernap.build/Debug-watchsimulator/powernap\ Watch\ App.build/Objects-normal/arm64/AgeGroup.o -o /Users/michaellee/Library/Developer/Xcode/DerivedData/powernap-andpvffqpuvbpydqtebjncivjmxc/Build/Intermediates.noindex/powernap.build/Debug-watchsimulator/powernap\ Watch\ App.build/Objects-normal/arm64/ServiceProtocols.o -o /Users/michaellee/Library/Developer/Xcode/DerivedData/powernap-andpvffqpuvbpydqtebjncivjmxc/Build/Intermediates.noindex/powernap.build/Debug-watchsimulator/powernap\ Watch\ App.build/Objects-normal/arm64/PowerNapModel.o -index-unit-output-path /powernap.build/Debug-watchsimulator/powernap\ Watch\ App.build/Objects-normal/arm64/AgeGroup.o -index-unit-output-path /powernap.build/Debug-watchsimulator/powernap\ Watch\ App.build/Objects-normal/arm64/ServiceProtocols.o -index-unit-output-path /powernap.build/Debug-watchsimulator/powernap\ Watch\ App.build/Objects-normal/arm64/PowerNapModel.o -index-store-path /Users/michaellee/Library/Developer/Xcode/DerivedData/powernap-andpvffqpuvbpydqtebjncivjmxc/Index.noindex/DataStore -index-system-modules

/Users/michaellee/Documents/PowerNap/powernap Watch App/Models/Shared/ServiceProtocols.swift:47:53: error: 'SleepDetectionFeedback' is ambiguous for type lookup in this context
    func addFeedback(for sessionId: UUID, feedback: SleepDetectionFeedback)
                                                    ^~~~~~~~~~~~~~~~~~~~~~
/Users/michaellee/Documents/PowerNap/powernap Watch App/Models/Shared/ServiceProtocols.swift:66:6: note: found this candidate
enum SleepDetectionFeedback: String, Codable {
     ^
/Users/michaellee/Documents/PowerNap/powernap Watch App/Services/SleepProfile/UserSleepProfile.swift:113:6: note: found this candidate
enum SleepDetectionFeedback: String, Codable {
     ^
/Users/michaellee/Documents/PowerNap/powernap Watch App/Models/Shared/ServiceProtocols.swift:66:6: error: invalid redeclaration of 'SleepDetectionFeedback'
enum SleepDetectionFeedback: String, Codable {
     ^
/Users/michaellee/Documents/PowerNap/powernap Watch App/Services/SleepProfile/UserSleepProfile.swift:113:6: note: 'SleepDetectionFeedback' previously declared here
enum SleepDetectionFeedback: String, Codable {
     ^
/Users/michaellee/Documents/PowerNap/powernap Watch App/Services/SleepProfile/UserSleepProfile.swift:113:6: note: 'SleepDetectionFeedback' previously declared here
enum SleepDetectionFeedback: String, Codable {
     ^

/Users/michaellee/Documents/PowerNap/powernap Watch App/Models/Shared/ServiceProtocols.swift:47:53: 'SleepDetectionFeedback' is ambiguous for type lookup in this context

/Users/michaellee/Documents/PowerNap/powernap Watch App/Models/Shared/ServiceProtocols.swift:66:6: Invalid redeclaration of 'SleepDetectionFeedback'

SwiftCompile normal arm64 Compiling\ MotionService.swift,\ NotificationService.swift,\ SleepDetectionService.swift /Users/michaellee/Documents/PowerNap/powernap\ Watch\ App/Services/MotionService.swift /Users/michaellee/Documents/PowerNap/powernap\ Watch\ App/Services/NotificationService.swift /Users/michaellee/Documents/PowerNap/powernap\ Watch\ App/Services/SleepDetectionService.swift (in target 'powernap Watch App' from project 'powernap')
    cd /Users/michaellee/Documents/PowerNap
    builtin-swiftTaskExecution -- /Applications/Xcode.app/Contents/Developer/Toolchains/XcodeDefault.xctoolchain/usr/bin/swift-frontend -frontend -c /Users/michaellee/Documents/PowerNap/powernap\ Watch\ App/Models/Shared/AgeGroup.swift /Users/michaellee/Documents/PowerNap/powernap\ Watch\ App/Models/Shared/ServiceProtocols.swift /Users/michaellee/Documents/PowerNap/powernap\ Watch\ App/Models/PowerNapModel.swift /Users/michaellee/Documents/PowerNap/powernap\ Watch\ App/Services/SleepProfile/SleepProfileService.swift /Users/michaellee/Documents/PowerNap/powernap\ Watch\ App/Services/SleepProfile/UserSleepProfile.swift /Users/michaellee/Documents/PowerNap/powernap\ Watch\ App/Services/AudioService.swift /Users/michaellee/Documents/PowerNap/powernap\ Watch\ App/Services/ExtendedRuntimeManager.swift /Users/michaellee/Documents/PowerNap/powernap\ Watch\ App/Services/HealthKitService.swift /Users/michaellee/Documents/PowerNap/powernap\ Watch\ App/Services/LogManager.swift -primary-file /Users/michaellee/Documents/PowerNap/powernap\ Watch\ App/Services/MotionService.swift -primary-file /Users/michaellee/Documents/PowerNap/powernap\ Watch\ App/Services/NotificationService.swift -primary-file /Users/michaellee/Documents/PowerNap/powernap\ Watch\ App/Services/SleepDetectionService.swift /Users/michaellee/Documents/PowerNap/powernap\ Watch\ App/ViewModels/PowerNapViewModel.swift /Users/michaellee/Documents/PowerNap/powernap\ Watch\ App/Views/HeartRateDisplayView.swift /Users/michaellee/Documents/PowerNap/powernap\ Watch\ App/Views/LogsView.swift /Users/michaellee/Documents/PowerNap/powernap\ Watch\ App/Views/PersonalizedModelTestView.swift /Users/michaellee/Documents/PowerNap/powernap\ Watch\ App/Views/PowerNapView.swift /Users/michaellee/Documents/PowerNap/powernap\ Watch\ App/Views/SettingsView.swift /Users/michaellee/Documents/PowerNap/powernap\ Watch\ App/ContentView.swift /Users/michaellee/Documents/PowerNap/powernap\ Watch\ App/powernapApp.swift /Users/michaellee/Library/Developer/Xcode/DerivedData/powernap-andpvffqpuvbpydqtebjncivjmxc/Build/Intermediates.noindex/powernap.build/Debug-watchsimulator/powernap\ Watch\ App.build/DerivedSources/GeneratedAssetSymbols.swift -supplementary-output-file-map /Users/michaellee/Library/Developer/Xcode/DerivedData/powernap-andpvffqpuvbpydqtebjncivjmxc/Build/Intermediates.noindex/powernap.build/Debug-watchsimulator/powernap\ Watch\ App.build/Objects-normal/arm64/supplementaryOutputs-24 -emit-localized-strings -emit-localized-strings-path /Users/michaellee/Library/Developer/Xcode/DerivedData/powernap-andpvffqpuvbpydqtebjncivjmxc/Build/Intermediates.noindex/powernap.build/Debug-watchsimulator/powernap\ Watch\ App.build/Objects-normal/arm64 -target arm64-apple-watchos10.0-simulator -Xllvm -aarch64-use-tbi -enable-objc-interop -sdk /Applications/Xcode.app/Contents/Developer/Platforms/WatchSimulator.platform/Developer/SDKs/WatchSimulator11.2.sdk -I /Users/michaellee/Library/Developer/Xcode/DerivedData/powernap-andpvffqpuvbpydqtebjncivjmxc/Build/Products/Debug-watchsimulator -F /Users/michaellee/Library/Developer/Xcode/DerivedData/powernap-andpvffqpuvbpydqtebjncivjmxc/Build/Products/Debug-watchsimulator -no-color-diagnostics -enable-testing -g -debug-info-format\=dwarf -dwarf-version\=4 -module-cache-path /Users/michaellee/Library/Developer/Xcode/DerivedData/ModuleCache.noindex -profile-generate -profile-coverage-mapping -swift-version 5 -enforce-exclusivity\=checked -Onone -D DEBUG -serialize-debugging-options -const-gather-protocols-file /Users/michaellee/Library/Developer/Xcode/DerivedData/powernap-andpvffqpuvbpydqtebjncivjmxc/Build/Intermediates.noindex/powernap.build/Debug-watchsimulator/powernap\ Watch\ App.build/Objects-normal/arm64/powernap\ Watch\ App_const_extract_protocols.json -enable-experimental-feature DebugDescriptionMacro -enable-experimental-feature OpaqueTypeErasure -enable-bare-slash-regex -empty-abi-descriptor -validate-clang-modules-once -clang-build-session-file /Users/michaellee/Library/Developer/Xcode/DerivedData/ModuleCache.noindex/Session.modulevalidation -Xcc -working-directory -Xcc /Users/michaellee/Documents/PowerNap -resource-dir /Applications/Xcode.app/Contents/Developer/Toolchains/XcodeDefault.xctoolchain/usr/lib/swift -enable-anonymous-context-mangled-names -file-compilation-dir /Users/michaellee/Documents/PowerNap -Xcc -D_LIBCPP_HARDENING_MODE\=_LIBCPP_HARDENING_MODE_DEBUG -Xcc -ivfsstatcache -Xcc /Users/michaellee/Library/Developer/Xcode/DerivedData/SDKStatCaches.noindex/watchsimulator11.2-22S97-04d0831f79ab17645c55e345d8ed2cd8.sdkstatcache -Xcc -I/Users/michaellee/Library/Developer/Xcode/DerivedData/powernap-andpvffqpuvbpydqtebjncivjmxc/Build/Intermediates.noindex/powernap.build/Debug-watchsimulator/powernap\ Watch\ App.build/swift-overrides.hmap -Xcc -iquote -Xcc /Users/michaellee/Library/Developer/Xcode/DerivedData/powernap-andpvffqpuvbpydqtebjncivjmxc/Build/Intermediates.noindex/powernap.build/Debug-watchsimulator/powernap\ Watch\ App.build/powernap\ Watch\ App-generated-files.hmap -Xcc -I/Users/michaellee/Library/Developer/Xcode/DerivedData/powernap-andpvffqpuvbpydqtebjncivjmxc/Build/Intermediates.noindex/powernap.build/Debug-watchsimulator/powernap\ Watch\ App.build/powernap\ Watch\ App-own-target-headers.hmap -Xcc -I/Users/michaellee/Library/Developer/Xcode/DerivedData/powernap-andpvffqpuvbpydqtebjncivjmxc/Build/Intermediates.noindex/powernap.build/Debug-watchsimulator/powernap\ Watch\ App.build/powernap\ Watch\ App-all-target-headers.hmap -Xcc -iquote -Xcc /Users/michaellee/Library/Developer/Xcode/DerivedData/powernap-andpvffqpuvbpydqtebjncivjmxc/Build/Intermediates.noindex/powernap.build/Debug-watchsimulator/powernap\ Watch\ App.build/powernap\ Watch\ App-project-headers.hmap -Xcc -I/Users/michaellee/Library/Developer/Xcode/DerivedData/powernap-andpvffqpuvbpydqtebjncivjmxc/Build/Products/Debug-watchsimulator/include -Xcc -I/Users/michaellee/Library/Developer/Xcode/DerivedData/powernap-andpvffqpuvbpydqtebjncivjmxc/Build/Intermediates.noindex/powernap.build/Debug-watchsimulator/powernap\ Watch\ App.build/DerivedSources-normal/arm64 -Xcc -I/Users/michaellee/Library/Developer/Xcode/DerivedData/powernap-andpvffqpuvbpydqtebjncivjmxc/Build/Intermediates.noindex/powernap.build/Debug-watchsimulator/powernap\ Watch\ App.build/DerivedSources/arm64 -Xcc -I/Users/michaellee/Library/Developer/Xcode/DerivedData/powernap-andpvffqpuvbpydqtebjncivjmxc/Build/Intermediates.noindex/powernap.build/Debug-watchsimulator/powernap\ Watch\ App.build/DerivedSources -Xcc -DDEBUG\=1 -module-name powernap_Watch_App -frontend-parseable-output -disable-clang-spi -target-sdk-version 11.2 -target-sdk-name watchsimulator11.2 -external-plugin-path /Applications/Xcode.app/Contents/Developer/Platforms/WatchOS.platform/Developer/usr/lib/swift/host/plugins\#/Applications/Xcode.app/Contents/Developer/Platforms/WatchOS.platform/Developer/usr/bin/swift-plugin-server -external-plugin-path /Applications/Xcode.app/Contents/Developer/Platforms/WatchOS.platform/Developer/usr/local/lib/swift/host/plugins\#/Applications/Xcode.app/Contents/Developer/Platforms/WatchOS.platform/Developer/usr/bin/swift-plugin-server -plugin-path /Applications/Xcode.app/Contents/Developer/Toolchains/XcodeDefault.xctoolchain/usr/lib/swift/host/plugins -plugin-path /Applications/Xcode.app/Contents/Developer/Toolchains/XcodeDefault.xctoolchain/usr/local/lib/swift/host/plugins -o /Users/michaellee/Library/Developer/Xcode/DerivedData/powernap-andpvffqpuvbpydqtebjncivjmxc/Build/Intermediates.noindex/powernap.build/Debug-watchsimulator/powernap\ Watch\ App.build/Objects-normal/arm64/MotionService.o -o /Users/michaellee/Library/Developer/Xcode/DerivedData/powernap-andpvffqpuvbpydqtebjncivjmxc/Build/Intermediates.noindex/powernap.build/Debug-watchsimulator/powernap\ Watch\ App.build/Objects-normal/arm64/NotificationService.o -o /Users/michaellee/Library/Developer/Xcode/DerivedData/powernap-andpvffqpuvbpydqtebjncivjmxc/Build/Intermediates.noindex/powernap.build/Debug-watchsimulator/powernap\ Watch\ App.build/Objects-normal/arm64/SleepDetectionService.o -index-unit-output-path /powernap.build/Debug-watchsimulator/powernap\ Watch\ App.build/Objects-normal/arm64/MotionService.o -index-unit-output-path /powernap.build/Debug-watchsimulator/powernap\ Watch\ App.build/Objects-normal/arm64/NotificationService.o -index-unit-output-path /powernap.build/Debug-watchsimulator/powernap\ Watch\ App.build/Objects-normal/arm64/SleepDetectionService.o -index-store-path /Users/michaellee/Library/Developer/Xcode/DerivedData/powernap-andpvffqpuvbpydqtebjncivjmxc/Index.noindex/DataStore -index-system-modules

Command SwiftCompile failed with a nonzero exit code

Command SwiftCompile failed with a nonzero exit code



Build failed    4/11/25, 8:01â€¯PM    1.5 seconds
