
Showing Recent Issues

Build target powernap Watch App of project powernap with configuration Debug

SwiftEmitModule normal arm64 Emitting\ module\ for\ powernap_Watch_App (in target 'powernap Watch App' from project 'powernap')
    cd /Users/michaellee/Documents/PowerNap
    builtin-swiftTaskExecution -- /Applications/Xcode.app/Contents/Developer/Toolchains/XcodeDefault.xctoolchain/usr/bin/swift-frontend -frontend -emit-module -experimental-skip-non-inlinable-function-bodies-without-types /Users/michaellee/Documents/PowerNap/powernap\ Watch\ App/SettingsView.swift /Users/michaellee/Documents/PowerNap/powernap\ Watch\ App/Services/HealthStatsSettingsView.swift /Users/michaellee/Documents/PowerNap/powernap\ Watch\ App/Models/PowerNapModel.swift /Users/michaellee/Documents/PowerNap/powernap\ Watch\ App/Views/PermissionReminderView.swift /Users/michaellee/Documents/PowerNap/powernap\ Watch\ App/Services/AudioService.swift /Users/michaellee/Documents/PowerNap/powernap\ Watch\ App/Views/AgeSelectionView.swift /Users/michaellee/Documents/PowerNap/powernap\ Watch\ App/Services/ExtendedRuntimeManager.swift /Users/michaellee/Documents/PowerNap/powernap\ Watch\ App/Services/HealthKitService.swift /Users/michaellee/Documents/PowerNap/powernap\ Watch\ App/Services/MotionService.swift /Users/michaellee/Documents/PowerNap/powernap\ Watch\ App/Services/NotificationService.swift /Users/michaellee/Documents/PowerNap/powernap\ Watch\ App/Services/AppVersionService.swift /Users/michaellee/Documents/PowerNap/powernap\ Watch\ App/Services/SleepDetectionService.swift /Users/michaellee/Documents/PowerNap/powernap\ Watch\ App/Views/TestReportView.swift /Users/michaellee/Documents/PowerNap/powernap\ Watch\ App/TestReportService.swift /Users/michaellee/Documents/PowerNap/powernap\ Watch\ App/ViewModels/PowerNapViewModel.swift /Users/michaellee/Documents/PowerNap/powernap\ Watch\ App/Views/HeartRateDisplayView.swift /Users/michaellee/Documents/PowerNap/powernap\ Watch\ App/Services/PersonalizedHRModelService.swift /Users/michaellee/Documents/PowerNap/powernap\ Watch\ App/Views/PowerNapView.swift /Users/michaellee/Documents/PowerNap/powernap\ Watch\ App/Services/PermissionManager.swift /Users/michaellee/Documents/PowerNap/powernap\ Watch\ App/ContentView.swift /Users/michaellee/Documents/PowerNap/powernap\ Watch\ App/powernapApp.swift /Users/michaellee/Documents/PowerNap/powernap\ Watch\ App/WelcomeView.swift /Users/michaellee/Documents/PowerNap/powernap\ Watch\ App/Services/AgeGroupService.swift /Users/michaellee/Library/Developer/Xcode/DerivedData/powernap-andpvffqpuvbpydqtebjncivjmxc/Build/Intermediates.noindex/powernap.build/Debug-watchsimulator/powernap\ Watch\ App.build/DerivedSources/GeneratedAssetSymbols.swift -target arm64-apple-watchos10.0-simulator -Xllvm -aarch64-use-tbi -enable-objc-interop -sdk /Applications/Xcode.app/Contents/Developer/Platforms/WatchSimulator.platform/Developer/SDKs/WatchSimulator11.2.sdk -I /Users/michaellee/Library/Developer/Xcode/DerivedData/powernap-andpvffqpuvbpydqtebjncivjmxc/Build/Products/Debug-watchsimulator -F /Users/michaellee/Library/Developer/Xcode/DerivedData/powernap-andpvffqpuvbpydqtebjncivjmxc/Build/Products/Debug-watchsimulator -no-color-diagnostics -enable-testing -g -debug-info-format\=dwarf -dwarf-version\=4 -module-cache-path /Users/michaellee/Library/Developer/Xcode/DerivedData/ModuleCache.noindex -profile-generate -profile-coverage-mapping -swift-version 5 -enforce-exclusivity\=checked -Onone -D DEBUG -serialize-debugging-options -const-gather-protocols-file /Users/michaellee/Library/Developer/Xcode/DerivedData/powernap-andpvffqpuvbpydqtebjncivjmxc/Build/Intermediates.noindex/powernap.build/Debug-watchsimulator/powernap\ Watch\ App.build/Objects-normal/arm64/powernap\ Watch\ App_const_extract_protocols.json -enable-experimental-feature DebugDescriptionMacro -enable-experimental-feature OpaqueTypeErasure -enable-bare-slash-regex -empty-abi-descriptor -validate-clang-modules-once -clang-build-session-file /Users/michaellee/Library/Developer/Xcode/DerivedData/ModuleCache.noindex/Session.modulevalidation -Xcc -working-directory -Xcc /Users/michaellee/Documents/PowerNap -resource-dir /Applications/Xcode.app/Contents/Developer/Toolchains/XcodeDefault.xctoolchain/usr/lib/swift -enable-anonymous-context-mangled-names -file-compilation-dir /Users/michaellee/Documents/PowerNap -Xcc -D_LIBCPP_HARDENING_MODE\=_LIBCPP_HARDENING_MODE_DEBUG -Xcc -ivfsstatcache -Xcc /Users/michaellee/Library/Developer/Xcode/DerivedData/SDKStatCaches.noindex/watchsimulator11.2-22S97-04d0831f79ab17645c55e345d8ed2cd8.sdkstatcache -Xcc -I/Users/michaellee/Library/Developer/Xcode/DerivedData/powernap-andpvffqpuvbpydqtebjncivjmxc/Build/Intermediates.noindex/powernap.build/Debug-watchsimulator/powernap\ Watch\ App.build/swift-overrides.hmap -Xcc -iquote -Xcc /Users/michaellee/Library/Developer/Xcode/DerivedData/powernap-andpvffqpuvbpydqtebjncivjmxc/Build/Intermediates.noindex/powernap.build/Debug-watchsimulator/powernap\ Watch\ App.build/powernap\ Watch\ App-generated-files.hmap -Xcc -I/Users/michaellee/Library/Developer/Xcode/DerivedData/powernap-andpvffqpuvbpydqtebjncivjmxc/Build/Intermediates.noindex/powernap.build/Debug-watchsimulator/powernap\ Watch\ App.build/powernap\ Watch\ App-own-target-headers.hmap -Xcc -I/Users/michaellee/Library/Developer/Xcode/DerivedData/powernap-andpvffqpuvbpydqtebjncivjmxc/Build/Intermediates.noindex/powernap.build/Debug-watchsimulator/powernap\ Watch\ App.build/powernap\ Watch\ App-all-target-headers.hmap -Xcc -iquote -Xcc /Users/michaellee/Library/Developer/Xcode/DerivedData/powernap-andpvffqpuvbpydqtebjncivjmxc/Build/Intermediates.noindex/powernap.build/Debug-watchsimulator/powernap\ Watch\ App.build/powernap\ Watch\ App-project-headers.hmap -Xcc -I/Users/michaellee/Library/Developer/Xcode/DerivedData/powernap-andpvffqpuvbpydqtebjncivjmxc/Build/Products/Debug-watchsimulator/include -Xcc -I/Users/michaellee/Library/Developer/Xcode/DerivedData/powernap-andpvffqpuvbpydqtebjncivjmxc/Build/Intermediates.noindex/powernap.build/Debug-watchsimulator/powernap\ Watch\ App.build/DerivedSources-normal/arm64 -Xcc -I/Users/michaellee/Library/Developer/Xcode/DerivedData/powernap-andpvffqpuvbpydqtebjncivjmxc/Build/Intermediates.noindex/powernap.build/Debug-watchsimulator/powernap\ Watch\ App.build/DerivedSources/arm64 -Xcc -I/Users/michaellee/Library/Developer/Xcode/DerivedData/powernap-andpvffqpuvbpydqtebjncivjmxc/Build/Intermediates.noindex/powernap.build/Debug-watchsimulator/powernap\ Watch\ App.build/DerivedSources -Xcc -DDEBUG\=1 -module-name powernap_Watch_App -frontend-parseable-output -disable-clang-spi -target-sdk-version 11.2 -target-sdk-name watchsimulator11.2 -external-plugin-path /Applications/Xcode.app/Contents/Developer/Platforms/WatchOS.platform/Developer/usr/lib/swift/host/plugins\#/Applications/Xcode.app/Contents/Developer/Platforms/WatchOS.platform/Developer/usr/bin/swift-plugin-server -external-plugin-path /Applications/Xcode.app/Contents/Developer/Platforms/WatchOS.platform/Developer/usr/local/lib/swift/host/plugins\#/Applications/Xcode.app/Contents/Developer/Platforms/WatchOS.platform/Developer/usr/bin/swift-plugin-server -plugin-path /Applications/Xcode.app/Contents/Developer/Toolchains/XcodeDefault.xctoolchain/usr/lib/swift/host/plugins -plugin-path /Applications/Xcode.app/Contents/Developer/Toolchains/XcodeDefault.xctoolchain/usr/local/lib/swift/host/plugins -emit-module-doc-path /Users/michaellee/Library/Developer/Xcode/DerivedData/powernap-andpvffqpuvbpydqtebjncivjmxc/Build/Intermediates.noindex/powernap.build/Debug-watchsimulator/powernap\ Watch\ App.build/Objects-normal/arm64/powernap_Watch_App.swiftdoc -emit-module-source-info-path /Users/michaellee/Library/Developer/Xcode/DerivedData/powernap-andpvffqpuvbpydqtebjncivjmxc/Build/Intermediates.noindex/powernap.build/Debug-watchsimulator/powernap\ Watch\ App.build/Objects-normal/arm64/powernap_Watch_App.swiftsourceinfo -emit-objc-header-path /Users/michaellee/Library/Developer/Xcode/DerivedData/powernap-andpvffqpuvbpydqtebjncivjmxc/Build/Intermediates.noindex/powernap.build/Debug-watchsimulator/powernap\ Watch\ App.build/Objects-normal/arm64/powernap_Watch_App-Swift.h -serialize-diagnostics-path /Users/michaellee/Library/Developer/Xcode/DerivedData/powernap-andpvffqpuvbpydqtebjncivjmxc/Build/Intermediates.noindex/powernap.build/Debug-watchsimulator/powernap\ Watch\ App.build/Objects-normal/arm64/powernap\ Watch\ App-master-emit-module.dia -emit-dependencies-path /Users/michaellee/Library/Developer/Xcode/DerivedData/powernap-andpvffqpuvbpydqtebjncivjmxc/Build/Intermediates.noindex/powernap.build/Debug-watchsimulator/powernap\ Watch\ App.build/Objects-normal/arm64/powernap\ Watch\ App-master-emit-module.d -o /Users/michaellee/Library/Developer/Xcode/DerivedData/powernap-andpvffqpuvbpydqtebjncivjmxc/Build/Intermediates.noindex/powernap.build/Debug-watchsimulator/powernap\ Watch\ App.build/Objects-normal/arm64/powernap_Watch_App.swiftmodule -emit-abi-descriptor-path /Users/michaellee/Library/Developer/Xcode/DerivedData/powernap-andpvffqpuvbpydqtebjncivjmxc/Build/Intermediates.noindex/powernap.build/Debug-watchsimulator/powernap\ Watch\ App.build/Objects-normal/arm64/powernap_Watch_App.abi.json

EmitSwiftModule normal arm64 (in target 'powernap Watch App' from project 'powernap')
    cd /Users/michaellee/Documents/PowerNap
    /Applications/Xcode.app/Contents/Developer/Toolchains/XcodeDefault.xctoolchain/usr/bin/swift-frontend -emit-module -experimental-skip-non-inlinable-function-bodies-without-types /Users/michaellee/Documents/PowerNap/powernap\ Watch\ App/SettingsView.swift /Users/michaellee/Documents/PowerNap/powernap\ Watch\ App/Services/HealthStatsSettingsView.swift /Users/michaellee/Documents/PowerNap/powernap\ Watch\ App/Models/PowerNapModel.swift /Users/michaellee/Documents/PowerNap/powernap\ Watch\ App/Views/PermissionReminderView.swift /Users/michaellee/Documents/PowerNap/powernap\ Watch\ App/Services/AudioService.swift /Users/michaellee/Documents/PowerNap/powernap\ Watch\ App/Views/AgeSelectionView.swift /Users/michaellee/Documents/PowerNap/powernap\ Watch\ App/Services/ExtendedRuntimeManager.swift /Users/michaellee/Documents/PowerNap/powernap\ Watch\ App/Services/HealthKitService.swift /Users/michaellee/Documents/PowerNap/powernap\ Watch\ App/Services/MotionService.swift /Users/michaellee/Documents/PowerNap/powernap\ Watch\ App/Services/NotificationService.swift /Users/michaellee/Documents/PowerNap/powernap\ Watch\ App/Services/AppVersionService.swift /Users/michaellee/Documents/PowerNap/powernap\ Watch\ App/Services/SleepDetectionService.swift /Users/michaellee/Documents/PowerNap/powernap\ Watch\ App/Views/TestReportView.swift /Users/michaellee/Documents/PowerNap/powernap\ Watch\ App/TestReportService.swift /Users/michaellee/Documents/PowerNap/powernap\ Watch\ App/ViewModels/PowerNapViewModel.swift /Users/michaellee/Documents/PowerNap/powernap\ Watch\ App/Views/HeartRateDisplayView.swift /Users/michaellee/Documents/PowerNap/powernap\ Watch\ App/Services/PersonalizedHRModelService.swift /Users/michaellee/Documents/PowerNap/powernap\ Watch\ App/Views/PowerNapView.swift /Users/michaellee/Documents/PowerNap/powernap\ Watch\ App/Services/PermissionManager.swift /Users/michaellee/Documents/PowerNap/powernap\ Watch\ App/ContentView.swift /Users/michaellee/Documents/PowerNap/powernap\ Watch\ App/powernapApp.swift /Users/michaellee/Documents/PowerNap/powernap\ Watch\ App/WelcomeView.swift /Users/michaellee/Documents/PowerNap/powernap\ Watch\ App/Services/AgeGroupService.swift /Users/michaellee/Library/Developer/Xcode/DerivedData/powernap-andpvffqpuvbpydqtebjncivjmxc/Build/Intermediates.noindex/powernap.build/Debug-watchsimulator/powernap\ Watch\ App.build/DerivedSources/GeneratedAssetSymbols.swift -target arm64-apple-watchos10.0-simulator -Xllvm -aarch64-use-tbi -enable-objc-interop -sdk /Applications/Xcode.app/Contents/Developer/Platforms/WatchSimulator.platform/Developer/SDKs/WatchSimulator11.2.sdk -I /Users/michaellee/Library/Developer/Xcode/DerivedData/powernap-andpvffqpuvbpydqtebjncivjmxc/Build/Products/Debug-watchsimulator -F /Users/michaellee/Library/Developer/Xcode/DerivedData/powernap-andpvffqpuvbpydqtebjncivjmxc/Build/Products/Debug-watchsimulator -no-color-diagnostics -enable-testing -g -debug-info-format\=dwarf -dwarf-version\=4 -module-cache-path /Users/michaellee/Library/Developer/Xcode/DerivedData/ModuleCache.noindex -profile-generate -profile-coverage-mapping -swift-version 5 -enforce-exclusivity\=checked -Onone -D DEBUG -serialize-debugging-options -const-gather-protocols-file /Users/michaellee/Library/Developer/Xcode/DerivedData/powernap-andpvffqpuvbpydqtebjncivjmxc/Build/Intermediates.noindex/powernap.build/Debug-watchsimulator/powernap\ Watch\ App.build/Objects-normal/arm64/powernap\ Watch\ App_const_extract_protocols.json -enable-experimental-feature DebugDescriptionMacro -enable-experimental-feature OpaqueTypeErasure -enable-bare-slash-regex -empty-abi-descriptor -validate-clang-modules-once -clang-build-session-file /Users/michaellee/Library/Developer/Xcode/DerivedData/ModuleCache.noindex/Session.modulevalidation -Xcc -working-directory -Xcc /Users/michaellee/Documents/PowerNap -resource-dir /Applications/Xcode.app/Contents/Developer/Toolchains/XcodeDefault.xctoolchain/usr/lib/swift -enable-anonymous-context-mangled-names -file-compilation-dir /Users/michaellee/Documents/PowerNap -Xcc -D_LIBCPP_HARDENING_MODE\=_LIBCPP_HARDENING_MODE_DEBUG -Xcc -ivfsstatcache -Xcc /Users/michaellee/Library/Developer/Xcode/DerivedData/SDKStatCaches.noindex/watchsimulator11.2-22S97-04d0831f79ab17645c55e345d8ed2cd8.sdkstatcache -Xcc -I/Users/michaellee/Library/Developer/Xcode/DerivedData/powernap-andpvffqpuvbpydqtebjncivjmxc/Build/Intermediates.noindex/powernap.build/Debug-watchsimulator/powernap\ Watch\ App.build/swift-overrides.hmap -Xcc -iquote -Xcc /Users/michaellee/Library/Developer/Xcode/DerivedData/powernap-andpvffqpuvbpydqtebjncivjmxc/Build/Intermediates.noindex/powernap.build/Debug-watchsimulator/powernap\ Watch\ App.build/powernap\ Watch\ App-generated-files.hmap -Xcc -I/Users/michaellee/Library/Developer/Xcode/DerivedData/powernap-andpvffqpuvbpydqtebjncivjmxc/Build/Intermediates.noindex/powernap.build/Debug-watchsimulator/powernap\ Watch\ App.build/powernap\ Watch\ App-own-target-headers.hmap -Xcc -I/Users/michaellee/Library/Developer/Xcode/DerivedData/powernap-andpvffqpuvbpydqtebjncivjmxc/Build/Intermediates.noindex/powernap.build/Debug-watchsimulator/powernap\ Watch\ App.build/powernap\ Watch\ App-all-target-headers.hmap -Xcc -iquote -Xcc /Users/michaellee/Library/Developer/Xcode/DerivedData/powernap-andpvffqpuvbpydqtebjncivjmxc/Build/Intermediates.noindex/powernap.build/Debug-watchsimulator/powernap\ Watch\ App.build/powernap\ Watch\ App-project-headers.hmap -Xcc -I/Users/michaellee/Library/Developer/Xcode/DerivedData/powernap-andpvffqpuvbpydqtebjncivjmxc/Build/Products/Debug-watchsimulator/include -Xcc -I/Users/michaellee/Library/Developer/Xcode/DerivedData/powernap-andpvffqpuvbpydqtebjncivjmxc/Build/Intermediates.noindex/powernap.build/Debug-watchsimulator/powernap\ Watch\ App.build/DerivedSources-normal/arm64 -Xcc -I/Users/michaellee/Library/Developer/Xcode/DerivedData/powernap-andpvffqpuvbpydqtebjncivjmxc/Build/Intermediates.noindex/powernap.build/Debug-watchsimulator/powernap\ Watch\ App.build/DerivedSources/arm64 -Xcc -I/Users/michaellee/Library/Developer/Xcode/DerivedData/powernap-andpvffqpuvbpydqtebjncivjmxc/Build/Intermediates.noindex/powernap.build/Debug-watchsimulator/powernap\ Watch\ App.build/DerivedSources -Xcc -DDEBUG\=1 -module-name powernap_Watch_App -frontend-parseable-output -disable-clang-spi -target-sdk-version 11.2 -target-sdk-name watchsimulator11.2 -external-plugin-path /Applications/Xcode.app/Contents/Developer/Platforms/WatchOS.platform/Developer/usr/lib/swift/host/plugins\#/Applications/Xcode.app/Contents/Developer/Platforms/WatchOS.platform/Developer/usr/bin/swift-plugin-server -external-plugin-path /Applications/Xcode.app/Contents/Developer/Platforms/WatchOS.platform/Developer/usr/local/lib/swift/host/plugins\#/Applications/Xcode.app/Contents/Developer/Platforms/WatchOS.platform/Developer/usr/bin/swift-plugin-server -plugin-path /Applications/Xcode.app/Contents/Developer/Toolchains/XcodeDefault.xctoolchain/usr/lib/swift/host/plugins -plugin-path /Applications/Xcode.app/Contents/Developer/Toolchains/XcodeDefault.xctoolchain/usr/local/lib/swift/host/plugins -emit-module-doc-path /Users/michaellee/Library/Developer/Xcode/DerivedData/powernap-andpvffqpuvbpydqtebjncivjmxc/Build/Intermediates.noindex/powernap.build/Debug-watchsimulator/powernap\ Watch\ App.build/Objects-normal/arm64/powernap_Watch_App.swiftdoc -emit-module-source-info-path /Users/michaellee/Library/Developer/Xcode/DerivedData/powernap-andpvffqpuvbpydqtebjncivjmxc/Build/Intermediates.noindex/powernap.build/Debug-watchsimulator/powernap\ Watch\ App.build/Objects-normal/arm64/powernap_Watch_App.swiftsourceinfo -emit-objc-header-path /Users/michaellee/Library/Developer/Xcode/DerivedData/powernap-andpvffqpuvbpydqtebjncivjmxc/Build/Intermediates.noindex/powernap.build/Debug-watchsimulator/powernap\ Watch\ App.build/Objects-normal/arm64/powernap_Watch_App-Swift.h -serialize-diagnostics-path /Users/michaellee/Library/Developer/Xcode/DerivedData/powernap-andpvffqpuvbpydqtebjncivjmxc/Build/Intermediates.noindex/powernap.build/Debug-watchsimulator/powernap\ Watch\ App.build/Objects-normal/arm64/powernap\ Watch\ App-master-emit-module.dia -emit-dependencies-path /Users/michaellee/Library/Developer/Xcode/DerivedData/powernap-andpvffqpuvbpydqtebjncivjmxc/Build/Intermediates.noindex/powernap.build/Debug-watchsimulator/powernap\ Watch\ App.build/Objects-normal/arm64/powernap\ Watch\ App-master-emit-module.d -o /Users/michaellee/Library/Developer/Xcode/DerivedData/powernap-andpvffqpuvbpydqtebjncivjmxc/Build/Intermediates.noindex/powernap.build/Debug-watchsimulator/powernap\ Watch\ App.build/Objects-normal/arm64/powernap_Watch_App.swiftmodule -emit-abi-descriptor-path /Users/michaellee/Library/Developer/Xcode/DerivedData/powernap-andpvffqpuvbpydqtebjncivjmxc/Build/Intermediates.noindex/powernap.build/Debug-watchsimulator/powernap\ Watch\ App.build/Objects-normal/arm64/powernap_Watch_App.abi.json

/Users/michaellee/Documents/PowerNap/powernap Watch App/Views/PermissionReminderView.swift:5:36: warning: file 'PermissionReminderView.swift' is part of module 'powernap_Watch_App'; ignoring import
@_implementationOnly import struct powernap_Watch_App.PermissionManager
                                   ^
/Users/michaellee/Documents/PowerNap/powernap Watch App/Views/PermissionReminderView.swift:5:36: error: 'PermissionManager' was imported as 'struct', but is a class
@_implementationOnly import struct powernap_Watch_App.PermissionManager
                            ~~~~~~ ^
                            class
/Users/michaellee/Documents/PowerNap/powernap Watch App/Services/PermissionManager.swift:8:7: note: 'PermissionManager' declared here
class PermissionManager: ObservableObject {
      ^
/Users/michaellee/Documents/PowerNap/powernap Watch App/Services/SleepDetectionService.swift:56:27: error: 'AgeGroup' is ambiguous for type lookup in this context
    private var ageGroup: AgeGroup = .adult  // 預設為成人組
/Users/michaellee/Documents/PowerNap/powernap Watch App/Services/PersonalizedHRModelService.swift:7:6: note: found this candidate
enum AgeGroup: String, CaseIterable, Codable, Identifiable {
     ^
/Users/michaellee/Documents/PowerNap/powernap Watch App/Services/AgeGroupService.swift:6:6: note: found this candidate
enum AgeGroup: String, CaseIterable, Codable, Identifiable {
     ^
/Users/michaellee/Documents/PowerNap/powernap Watch App/Services/SleepDetectionService.swift:416:9: error: invalid redeclaration of 'sleepStateDescription'
    var sleepStateDescription: String {
        ^
/Users/michaellee/Documents/PowerNap/powernap Watch App/Services/SleepDetectionService.swift:53:20: note: 'sleepStateDescription' previously declared here
    @Published var sleepStateDescription: String = "監測中"
/Users/michaellee/Documents/PowerNap/powernap Watch App/Services/SleepDetectionService.swift:53:20: note: 'sleepStateDescription' previously declared here
    @Published var sleepStateDescription: String = "監測中"
/Users/michaellee/Documents/PowerNap/powernap Watch App/Services/SleepDetectionService.swift:441:37: error: 'AgeGroup' is ambiguous for type lookup in this context
    func setAgeGroup(_ newAgeGroup: AgeGroup) {
                                    ^~~~~~~~
/Users/michaellee/Documents/PowerNap/powernap Watch App/Services/PersonalizedHRModelService.swift:7:6: note: found this candidate
enum AgeGroup: String, CaseIterable, Codable, Identifiable {
     ^
/Users/michaellee/Documents/PowerNap/powernap Watch App/Services/AgeGroupService.swift:6:6: note: found this candidate
enum AgeGroup: String, CaseIterable, Codable, Identifiable {
     ^
/Users/michaellee/Documents/PowerNap/powernap Watch App/Services/PersonalizedHRModelService.swift:39:35: error: 'AgeGroup' is ambiguous for type lookup in this context
    static func from(age: Int) -> AgeGroup {
                                  ^~~~~~~~
/Users/michaellee/Documents/PowerNap/powernap Watch App/Services/PersonalizedHRModelService.swift:7:6: note: found this candidate
enum AgeGroup: String, CaseIterable, Codable, Identifiable {
     ^
/Users/michaellee/Documents/PowerNap/powernap Watch App/Services/AgeGroupService.swift:6:6: note: found this candidate
enum AgeGroup: String, CaseIterable, Codable, Identifiable {
     ^
/Users/michaellee/Documents/PowerNap/powernap Watch App/Services/PersonalizedHRModelService.swift:7:6: error: invalid redeclaration of 'AgeGroup'
enum AgeGroup: String, CaseIterable, Codable, Identifiable {
     ^
/Users/michaellee/Documents/PowerNap/powernap Watch App/Services/AgeGroupService.swift:6:6: note: 'AgeGroup' previously declared here
enum AgeGroup: String, CaseIterable, Codable, Identifiable {
     ^
/Users/michaellee/Documents/PowerNap/powernap Watch App/Services/AgeGroupService.swift:6:6: note: 'AgeGroup' previously declared here
enum AgeGroup: String, CaseIterable, Codable, Identifiable {
     ^
/Users/michaellee/Documents/PowerNap/powernap Watch App/Services/PersonalizedHRModelService.swift:81:27: error: 'AgeGroup' is ambiguous for type lookup in this context
    private let ageGroup: AgeGroup
                          ^~~~~~~~
/Users/michaellee/Documents/PowerNap/powernap Watch App/Services/PersonalizedHRModelService.swift:7:6: note: found this candidate
enum AgeGroup: String, CaseIterable, Codable, Identifiable {
     ^
/Users/michaellee/Documents/PowerNap/powernap Watch App/Services/AgeGroupService.swift:6:6: note: found this candidate
enum AgeGroup: String, CaseIterable, Codable, Identifiable {
     ^
/Users/michaellee/Documents/PowerNap/powernap Watch App/Services/PersonalizedHRModelService.swift:153:20: error: 'AgeGroup' is ambiguous for type lookup in this context
    init(ageGroup: AgeGroup) {
                   ^~~~~~~~
/Users/michaellee/Documents/PowerNap/powernap Watch App/Services/PersonalizedHRModelService.swift:7:6: note: found this candidate
enum AgeGroup: String, CaseIterable, Codable, Identifiable {
     ^
/Users/michaellee/Documents/PowerNap/powernap Watch App/Services/AgeGroupService.swift:6:6: note: found this candidate
enum AgeGroup: String, CaseIterable, Codable, Identifiable {
     ^
/Users/michaellee/Documents/PowerNap/powernap Watch App/Services/PersonalizedHRModelService.swift:644:44: error: 'AgeGroup' is ambiguous for type lookup in this context
    func updateBaselineHeartRate(ageGroup: AgeGroup, restingHeartRate: Double) {
                                           ^~~~~~~~
/Users/michaellee/Documents/PowerNap/powernap Watch App/Services/PersonalizedHRModelService.swift:7:6: note: found this candidate
enum AgeGroup: String, CaseIterable, Codable, Identifiable {
     ^
/Users/michaellee/Documents/PowerNap/powernap Watch App/Services/AgeGroupService.swift:6:6: note: found this candidate
enum AgeGroup: String, CaseIterable, Codable, Identifiable {
     ^
/Users/michaellee/Documents/PowerNap/powernap Watch App/Services/PermissionManager.swift:119:72: warning: use '#selector' instead of explicitly constructing a 'Selector'
           let openURLMethod = class_getInstanceMethod(extensionClass, Selector(("openSystemURL:"))),
                                                                       ^~~~~~~~~~~~~~~~~~~~~~~~~~~~
                                                                       #selector(WKExtension.openSystemURL(_:))
/Users/michaellee/Documents/PowerNap/powernap Watch App/Services/PermissionManager.swift:120:48: error: value of type 'AnyClass' (aka 'any AnyObject.Type') has no member 'method_invoke'
           let sharedInstance = extensionClass.method_invoke(extensionClass, sharedMethod) {
                                ~~~~~~~~~~~~~~ ^~~~~~~~~~~~~
/Users/michaellee/Documents/PowerNap/powernap Watch App/Services/AgeGroupService.swift:38:35: error: 'AgeGroup' is ambiguous for type lookup in this context
    static func from(age: Int) -> AgeGroup {
                                  ^~~~~~~~
/Users/michaellee/Documents/PowerNap/powernap Watch App/Services/PersonalizedHRModelService.swift:7:6: note: found this candidate
enum AgeGroup: String, CaseIterable, Codable, Identifiable {
     ^
/Users/michaellee/Documents/PowerNap/powernap Watch App/Services/AgeGroupService.swift:6:6: note: found this candidate
enum AgeGroup: String, CaseIterable, Codable, Identifiable {
     ^
/Users/michaellee/Documents/PowerNap/powernap Watch App/Services/AgeGroupService.swift:50:37: error: 'AgeGroup' is ambiguous for type lookup in this context
    @Published var currentAgeGroup: AgeGroup {
                                    ^~~~~~~~
/Users/michaellee/Documents/PowerNap/powernap Watch App/Services/PersonalizedHRModelService.swift:7:6: note: found this candidate
enum AgeGroup: String, CaseIterable, Codable, Identifiable {
     ^
/Users/michaellee/Documents/PowerNap/powernap Watch App/Services/AgeGroupService.swift:6:6: note: found this candidate
enum AgeGroup: String, CaseIterable, Codable, Identifiable {
     ^
/Users/michaellee/Documents/PowerNap/powernap Watch App/Services/AgeGroupService.swift:131:37: error: 'AgeGroup' is ambiguous for type lookup in this context
    func setAgeGroup(_ newAgeGroup: AgeGroup) {
                                    ^~~~~~~~
/Users/michaellee/Documents/PowerNap/powernap Watch App/Services/PersonalizedHRModelService.swift:7:6: note: found this candidate
enum AgeGroup: String, CaseIterable, Codable, Identifiable {
     ^
/Users/michaellee/Documents/PowerNap/powernap Watch App/Services/AgeGroupService.swift:6:6: note: found this candidate
enum AgeGroup: String, CaseIterable, Codable, Identifiable {
     ^

/Users/michaellee/Documents/PowerNap/powernap Watch App/Views/PermissionReminderView.swift:5:36: File 'PermissionReminderView.swift' is part of module 'powernap_Watch_App'; ignoring import

/Users/michaellee/Documents/PowerNap/powernap Watch App/Views/PermissionReminderView.swift:5:36: 'PermissionManager' was imported as 'struct', but is a class

/Users/michaellee/Documents/PowerNap/powernap Watch App/Services/SleepDetectionService.swift:56:27: 'AgeGroup' is ambiguous for type lookup in this context

/Users/michaellee/Documents/PowerNap/powernap Watch App/Services/SleepDetectionService.swift:416:9: Invalid redeclaration of 'sleepStateDescription'

/Users/michaellee/Documents/PowerNap/powernap Watch App/Services/SleepDetectionService.swift:441:37: 'AgeGroup' is ambiguous for type lookup in this context

/Users/michaellee/Documents/PowerNap/powernap Watch App/Services/PersonalizedHRModelService.swift:39:35: 'AgeGroup' is ambiguous for type lookup in this context

/Users/michaellee/Documents/PowerNap/powernap Watch App/Services/PersonalizedHRModelService.swift:7:6: Invalid redeclaration of 'AgeGroup'

/Users/michaellee/Documents/PowerNap/powernap Watch App/Services/PersonalizedHRModelService.swift:81:27: 'AgeGroup' is ambiguous for type lookup in this context

/Users/michaellee/Documents/PowerNap/powernap Watch App/Services/PersonalizedHRModelService.swift:153:20: 'AgeGroup' is ambiguous for type lookup in this context

/Users/michaellee/Documents/PowerNap/powernap Watch App/Services/PersonalizedHRModelService.swift:644:44: 'AgeGroup' is ambiguous for type lookup in this context

/Users/michaellee/Documents/PowerNap/powernap Watch App/Services/PermissionManager.swift:119:72: Use '#selector' instead of explicitly constructing a 'Selector'

/Users/michaellee/Documents/PowerNap/powernap Watch App/Services/PermissionManager.swift:120:48: Value of type 'AnyClass' (aka 'any AnyObject.Type') has no member 'method_invoke'

/Users/michaellee/Documents/PowerNap/powernap Watch App/Services/AgeGroupService.swift:38:35: 'AgeGroup' is ambiguous for type lookup in this context

/Users/michaellee/Documents/PowerNap/powernap Watch App/Services/AgeGroupService.swift:50:37: 'AgeGroup' is ambiguous for type lookup in this context

/Users/michaellee/Documents/PowerNap/powernap Watch App/Services/AgeGroupService.swift:131:37: 'AgeGroup' is ambiguous for type lookup in this context

SwiftCompile normal arm64 Compiling\ NotificationService.swift,\ AppVersionService.swift,\ SleepDetectionService.swift /Users/michaellee/Documents/PowerNap/powernap\ Watch\ App/Services/NotificationService.swift /Users/michaellee/Documents/PowerNap/powernap\ Watch\ App/Services/AppVersionService.swift /Users/michaellee/Documents/PowerNap/powernap\ Watch\ App/Services/SleepDetectionService.swift (in target 'powernap Watch App' from project 'powernap')
    cd /Users/michaellee/Documents/PowerNap
    builtin-swiftTaskExecution -- /Applications/Xcode.app/Contents/Developer/Toolchains/XcodeDefault.xctoolchain/usr/bin/swift-frontend -frontend -c /Users/michaellee/Documents/PowerNap/powernap\ Watch\ App/SettingsView.swift /Users/michaellee/Documents/PowerNap/powernap\ Watch\ App/Services/HealthStatsSettingsView.swift /Users/michaellee/Documents/PowerNap/powernap\ Watch\ App/Models/PowerNapModel.swift /Users/michaellee/Documents/PowerNap/powernap\ Watch\ App/Views/PermissionReminderView.swift /Users/michaellee/Documents/PowerNap/powernap\ Watch\ App/Services/AudioService.swift /Users/michaellee/Documents/PowerNap/powernap\ Watch\ App/Views/AgeSelectionView.swift /Users/michaellee/Documents/PowerNap/powernap\ Watch\ App/Services/ExtendedRuntimeManager.swift /Users/michaellee/Documents/PowerNap/powernap\ Watch\ App/Services/HealthKitService.swift /Users/michaellee/Documents/PowerNap/powernap\ Watch\ App/Services/MotionService.swift -primary-file /Users/michaellee/Documents/PowerNap/powernap\ Watch\ App/Services/NotificationService.swift -primary-file /Users/michaellee/Documents/PowerNap/powernap\ Watch\ App/Services/AppVersionService.swift -primary-file /Users/michaellee/Documents/PowerNap/powernap\ Watch\ App/Services/SleepDetectionService.swift /Users/michaellee/Documents/PowerNap/powernap\ Watch\ App/Views/TestReportView.swift /Users/michaellee/Documents/PowerNap/powernap\ Watch\ App/TestReportService.swift /Users/michaellee/Documents/PowerNap/powernap\ Watch\ App/ViewModels/PowerNapViewModel.swift /Users/michaellee/Documents/PowerNap/powernap\ Watch\ App/Views/HeartRateDisplayView.swift /Users/michaellee/Documents/PowerNap/powernap\ Watch\ App/Services/PersonalizedHRModelService.swift /Users/michaellee/Documents/PowerNap/powernap\ Watch\ App/Views/PowerNapView.swift /Users/michaellee/Documents/PowerNap/powernap\ Watch\ App/Services/PermissionManager.swift /Users/michaellee/Documents/PowerNap/powernap\ Watch\ App/ContentView.swift /Users/michaellee/Documents/PowerNap/powernap\ Watch\ App/powernapApp.swift /Users/michaellee/Documents/PowerNap/powernap\ Watch\ App/WelcomeView.swift /Users/michaellee/Documents/PowerNap/powernap\ Watch\ App/Services/AgeGroupService.swift /Users/michaellee/Library/Developer/Xcode/DerivedData/powernap-andpvffqpuvbpydqtebjncivjmxc/Build/Intermediates.noindex/powernap.build/Debug-watchsimulator/powernap\ Watch\ App.build/DerivedSources/GeneratedAssetSymbols.swift -supplementary-output-file-map /Users/michaellee/Library/Developer/Xcode/DerivedData/powernap-andpvffqpuvbpydqtebjncivjmxc/Build/Intermediates.noindex/powernap.build/Debug-watchsimulator/powernap\ Watch\ App.build/Objects-normal/arm64/supplementaryOutputs-30 -emit-localized-strings -emit-localized-strings-path /Users/michaellee/Library/Developer/Xcode/DerivedData/powernap-andpvffqpuvbpydqtebjncivjmxc/Build/Intermediates.noindex/powernap.build/Debug-watchsimulator/powernap\ Watch\ App.build/Objects-normal/arm64 -target arm64-apple-watchos10.0-simulator -Xllvm -aarch64-use-tbi -enable-objc-interop -sdk /Applications/Xcode.app/Contents/Developer/Platforms/WatchSimulator.platform/Developer/SDKs/WatchSimulator11.2.sdk -I /Users/michaellee/Library/Developer/Xcode/DerivedData/powernap-andpvffqpuvbpydqtebjncivjmxc/Build/Products/Debug-watchsimulator -F /Users/michaellee/Library/Developer/Xcode/DerivedData/powernap-andpvffqpuvbpydqtebjncivjmxc/Build/Products/Debug-watchsimulator -no-color-diagnostics -enable-testing -g -debug-info-format\=dwarf -dwarf-version\=4 -module-cache-path /Users/michaellee/Library/Developer/Xcode/DerivedData/ModuleCache.noindex -profile-generate -profile-coverage-mapping -swift-version 5 -enforce-exclusivity\=checked -Onone -D DEBUG -serialize-debugging-options -const-gather-protocols-file /Users/michaellee/Library/Developer/Xcode/DerivedData/powernap-andpvffqpuvbpydqtebjncivjmxc/Build/Intermediates.noindex/powernap.build/Debug-watchsimulator/powernap\ Watch\ App.build/Objects-normal/arm64/powernap\ Watch\ App_const_extract_protocols.json -enable-experimental-feature DebugDescriptionMacro -enable-experimental-feature OpaqueTypeErasure -enable-bare-slash-regex -empty-abi-descriptor -validate-clang-modules-once -clang-build-session-file /Users/michaellee/Library/Developer/Xcode/DerivedData/ModuleCache.noindex/Session.modulevalidation -Xcc -working-directory -Xcc /Users/michaellee/Documents/PowerNap -resource-dir /Applications/Xcode.app/Contents/Developer/Toolchains/XcodeDefault.xctoolchain/usr/lib/swift -enable-anonymous-context-mangled-names -file-compilation-dir /Users/michaellee/Documents/PowerNap -Xcc -D_LIBCPP_HARDENING_MODE\=_LIBCPP_HARDENING_MODE_DEBUG -Xcc -ivfsstatcache -Xcc /Users/michaellee/Library/Developer/Xcode/DerivedData/SDKStatCaches.noindex/watchsimulator11.2-22S97-04d0831f79ab17645c55e345d8ed2cd8.sdkstatcache -Xcc -I/Users/michaellee/Library/Developer/Xcode/DerivedData/powernap-andpvffqpuvbpydqtebjncivjmxc/Build/Intermediates.noindex/powernap.build/Debug-watchsimulator/powernap\ Watch\ App.build/swift-overrides.hmap -Xcc -iquote -Xcc /Users/michaellee/Library/Developer/Xcode/DerivedData/powernap-andpvffqpuvbpydqtebjncivjmxc/Build/Intermediates.noindex/powernap.build/Debug-watchsimulator/powernap\ Watch\ App.build/powernap\ Watch\ App-generated-files.hmap -Xcc -I/Users/michaellee/Library/Developer/Xcode/DerivedData/powernap-andpvffqpuvbpydqtebjncivjmxc/Build/Intermediates.noindex/powernap.build/Debug-watchsimulator/powernap\ Watch\ App.build/powernap\ Watch\ App-own-target-headers.hmap -Xcc -I/Users/michaellee/Library/Developer/Xcode/DerivedData/powernap-andpvffqpuvbpydqtebjncivjmxc/Build/Intermediates.noindex/powernap.build/Debug-watchsimulator/powernap\ Watch\ App.build/powernap\ Watch\ App-all-target-headers.hmap -Xcc -iquote -Xcc /Users/michaellee/Library/Developer/Xcode/DerivedData/powernap-andpvffqpuvbpydqtebjncivjmxc/Build/Intermediates.noindex/powernap.build/Debug-watchsimulator/powernap\ Watch\ App.build/powernap\ Watch\ App-project-headers.hmap -Xcc -I/Users/michaellee/Library/Developer/Xcode/DerivedData/powernap-andpvffqpuvbpydqtebjncivjmxc/Build/Products/Debug-watchsimulator/include -Xcc -I/Users/michaellee/Library/Developer/Xcode/DerivedData/powernap-andpvffqpuvbpydqtebjncivjmxc/Build/Intermediates.noindex/powernap.build/Debug-watchsimulator/powernap\ Watch\ App.build/DerivedSources-normal/arm64 -Xcc -I/Users/michaellee/Library/Developer/Xcode/DerivedData/powernap-andpvffqpuvbpydqtebjncivjmxc/Build/Intermediates.noindex/powernap.build/Debug-watchsimulator/powernap\ Watch\ App.build/DerivedSources/arm64 -Xcc -I/Users/michaellee/Library/Developer/Xcode/DerivedData/powernap-andpvffqpuvbpydqtebjncivjmxc/Build/Intermediates.noindex/powernap.build/Debug-watchsimulator/powernap\ Watch\ App.build/DerivedSources -Xcc -DDEBUG\=1 -module-name powernap_Watch_App -frontend-parseable-output -disable-clang-spi -target-sdk-version 11.2 -target-sdk-name watchsimulator11.2 -external-plugin-path /Applications/Xcode.app/Contents/Developer/Platforms/WatchOS.platform/Developer/usr/lib/swift/host/plugins\#/Applications/Xcode.app/Contents/Developer/Platforms/WatchOS.platform/Developer/usr/bin/swift-plugin-server -external-plugin-path /Applications/Xcode.app/Contents/Developer/Platforms/WatchOS.platform/Developer/usr/local/lib/swift/host/plugins\#/Applications/Xcode.app/Contents/Developer/Platforms/WatchOS.platform/Developer/usr/bin/swift-plugin-server -plugin-path /Applications/Xcode.app/Contents/Developer/Toolchains/XcodeDefault.xctoolchain/usr/lib/swift/host/plugins -plugin-path /Applications/Xcode.app/Contents/Developer/Toolchains/XcodeDefault.xctoolchain/usr/local/lib/swift/host/plugins -o /Users/michaellee/Library/Developer/Xcode/DerivedData/powernap-andpvffqpuvbpydqtebjncivjmxc/Build/Intermediates.noindex/powernap.build/Debug-watchsimulator/powernap\ Watch\ App.build/Objects-normal/arm64/NotificationService.o -o /Users/michaellee/Library/Developer/Xcode/DerivedData/powernap-andpvffqpuvbpydqtebjncivjmxc/Build/Intermediates.noindex/powernap.build/Debug-watchsimulator/powernap\ Watch\ App.build/Objects-normal/arm64/AppVersionService.o -o /Users/michaellee/Library/Developer/Xcode/DerivedData/powernap-andpvffqpuvbpydqtebjncivjmxc/Build/Intermediates.noindex/powernap.build/Debug-watchsimulator/powernap\ Watch\ App.build/Objects-normal/arm64/SleepDetectionService.o -index-unit-output-path /powernap.build/Debug-watchsimulator/powernap\ Watch\ App.build/Objects-normal/arm64/NotificationService.o -index-unit-output-path /powernap.build/Debug-watchsimulator/powernap\ Watch\ App.build/Objects-normal/arm64/AppVersionService.o -index-unit-output-path /powernap.build/Debug-watchsimulator/powernap\ Watch\ App.build/Objects-normal/arm64/SleepDetectionService.o -index-store-path /Users/michaellee/Library/Developer/Xcode/DerivedData/powernap-andpvffqpuvbpydqtebjncivjmxc/Index.noindex/DataStore -index-system-modules

SwiftCompile normal arm64 /Users/michaellee/Documents/PowerNap/powernap\ Watch\ App/Services/SleepDetectionService.swift (in target 'powernap Watch App' from project 'powernap')
    cd /Users/michaellee/Documents/PowerNap
    /Applications/Xcode.app/Contents/Developer/Toolchains/XcodeDefault.xctoolchain/usr/bin/swift-frontend -c /Users/michaellee/Documents/PowerNap/powernap\ Watch\ App/SettingsView.swift /Users/michaellee/Documents/PowerNap/powernap\ Watch\ App/Services/HealthStatsSettingsView.swift /Users/michaellee/Documents/PowerNap/powernap\ Watch\ App/Models/PowerNapModel.swift /Users/michaellee/Documents/PowerNap/powernap\ Watch\ App/Views/PermissionReminderView.swift /Users/michaellee/Documents/PowerNap/powernap\ Watch\ App/Services/AudioService.swift /Users/michaellee/Documents/PowerNap/powernap\ Watch\ App/Views/AgeSelectionView.swift /Users/michaellee/Documents/PowerNap/powernap\ Watch\ App/Services/ExtendedRuntimeManager.swift /Users/michaellee/Documents/PowerNap/powernap\ Watch\ App/Services/HealthKitService.swift /Users/michaellee/Documents/PowerNap/powernap\ Watch\ App/Services/MotionService.swift -primary-file /Users/michaellee/Documents/PowerNap/powernap\ Watch\ App/Services/NotificationService.swift -primary-file /Users/michaellee/Documents/PowerNap/powernap\ Watch\ App/Services/AppVersionService.swift -primary-file /Users/michaellee/Documents/PowerNap/powernap\ Watch\ App/Services/SleepDetectionService.swift /Users/michaellee/Documents/PowerNap/powernap\ Watch\ App/Views/TestReportView.swift /Users/michaellee/Documents/PowerNap/powernap\ Watch\ App/TestReportService.swift /Users/michaellee/Documents/PowerNap/powernap\ Watch\ App/ViewModels/PowerNapViewModel.swift /Users/michaellee/Documents/PowerNap/powernap\ Watch\ App/Views/HeartRateDisplayView.swift /Users/michaellee/Documents/PowerNap/powernap\ Watch\ App/Services/PersonalizedHRModelService.swift /Users/michaellee/Documents/PowerNap/powernap\ Watch\ App/Views/PowerNapView.swift /Users/michaellee/Documents/PowerNap/powernap\ Watch\ App/Services/PermissionManager.swift /Users/michaellee/Documents/PowerNap/powernap\ Watch\ App/ContentView.swift /Users/michaellee/Documents/PowerNap/powernap\ Watch\ App/powernapApp.swift /Users/michaellee/Documents/PowerNap/powernap\ Watch\ App/WelcomeView.swift /Users/michaellee/Documents/PowerNap/powernap\ Watch\ App/Services/AgeGroupService.swift /Users/michaellee/Library/Developer/Xcode/DerivedData/powernap-andpvffqpuvbpydqtebjncivjmxc/Build/Intermediates.noindex/powernap.build/Debug-watchsimulator/powernap\ Watch\ App.build/DerivedSources/GeneratedAssetSymbols.swift -supplementary-output-file-map /Users/michaellee/Library/Developer/Xcode/DerivedData/powernap-andpvffqpuvbpydqtebjncivjmxc/Build/Intermediates.noindex/powernap.build/Debug-watchsimulator/powernap\ Watch\ App.build/Objects-normal/arm64/supplementaryOutputs-30 -emit-localized-strings -emit-localized-strings-path /Users/michaellee/Library/Developer/Xcode/DerivedData/powernap-andpvffqpuvbpydqtebjncivjmxc/Build/Intermediates.noindex/powernap.build/Debug-watchsimulator/powernap\ Watch\ App.build/Objects-normal/arm64 -target arm64-apple-watchos10.0-simulator -Xllvm -aarch64-use-tbi -enable-objc-interop -sdk /Applications/Xcode.app/Contents/Developer/Platforms/WatchSimulator.platform/Developer/SDKs/WatchSimulator11.2.sdk -I /Users/michaellee/Library/Developer/Xcode/DerivedData/powernap-andpvffqpuvbpydqtebjncivjmxc/Build/Products/Debug-watchsimulator -F /Users/michaellee/Library/Developer/Xcode/DerivedData/powernap-andpvffqpuvbpydqtebjncivjmxc/Build/Products/Debug-watchsimulator -no-color-diagnostics -enable-testing -g -debug-info-format\=dwarf -dwarf-version\=4 -module-cache-path /Users/michaellee/Library/Developer/Xcode/DerivedData/ModuleCache.noindex -profile-generate -profile-coverage-mapping -swift-version 5 -enforce-exclusivity\=checked -Onone -D DEBUG -serialize-debugging-options -const-gather-protocols-file /Users/michaellee/Library/Developer/Xcode/DerivedData/powernap-andpvffqpuvbpydqtebjncivjmxc/Build/Intermediates.noindex/powernap.build/Debug-watchsimulator/powernap\ Watch\ App.build/Objects-normal/arm64/powernap\ Watch\ App_const_extract_protocols.json -enable-experimental-feature DebugDescriptionMacro -enable-experimental-feature OpaqueTypeErasure -enable-bare-slash-regex -empty-abi-descriptor -validate-clang-modules-once -clang-build-session-file /Users/michaellee/Library/Developer/Xcode/DerivedData/ModuleCache.noindex/Session.modulevalidation -Xcc -working-directory -Xcc /Users/michaellee/Documents/PowerNap -resource-dir /Applications/Xcode.app/Contents/Developer/Toolchains/XcodeDefault.xctoolchain/usr/lib/swift -enable-anonymous-context-mangled-names -file-compilation-dir /Users/michaellee/Documents/PowerNap -Xcc -D_LIBCPP_HARDENING_MODE\=_LIBCPP_HARDENING_MODE_DEBUG -Xcc -ivfsstatcache -Xcc /Users/michaellee/Library/Developer/Xcode/DerivedData/SDKStatCaches.noindex/watchsimulator11.2-22S97-04d0831f79ab17645c55e345d8ed2cd8.sdkstatcache -Xcc -I/Users/michaellee/Library/Developer/Xcode/DerivedData/powernap-andpvffqpuvbpydqtebjncivjmxc/Build/Intermediates.noindex/powernap.build/Debug-watchsimulator/powernap\ Watch\ App.build/swift-overrides.hmap -Xcc -iquote -Xcc /Users/michaellee/Library/Developer/Xcode/DerivedData/powernap-andpvffqpuvbpydqtebjncivjmxc/Build/Intermediates.noindex/powernap.build/Debug-watchsimulator/powernap\ Watch\ App.build/powernap\ Watch\ App-generated-files.hmap -Xcc -I/Users/michaellee/Library/Developer/Xcode/DerivedData/powernap-andpvffqpuvbpydqtebjncivjmxc/Build/Intermediates.noindex/powernap.build/Debug-watchsimulator/powernap\ Watch\ App.build/powernap\ Watch\ App-own-target-headers.hmap -Xcc -I/Users/michaellee/Library/Developer/Xcode/DerivedData/powernap-andpvffqpuvbpydqtebjncivjmxc/Build/Intermediates.noindex/powernap.build/Debug-watchsimulator/powernap\ Watch\ App.build/powernap\ Watch\ App-all-target-headers.hmap -Xcc -iquote -Xcc /Users/michaellee/Library/Developer/Xcode/DerivedData/powernap-andpvffqpuvbpydqtebjncivjmxc/Build/Intermediates.noindex/powernap.build/Debug-watchsimulator/powernap\ Watch\ App.build/powernap\ Watch\ App-project-headers.hmap -Xcc -I/Users/michaellee/Library/Developer/Xcode/DerivedData/powernap-andpvffqpuvbpydqtebjncivjmxc/Build/Products/Debug-watchsimulator/include -Xcc -I/Users/michaellee/Library/Developer/Xcode/DerivedData/powernap-andpvffqpuvbpydqtebjncivjmxc/Build/Intermediates.noindex/powernap.build/Debug-watchsimulator/powernap\ Watch\ App.build/DerivedSources-normal/arm64 -Xcc -I/Users/michaellee/Library/Developer/Xcode/DerivedData/powernap-andpvffqpuvbpydqtebjncivjmxc/Build/Intermediates.noindex/powernap.build/Debug-watchsimulator/powernap\ Watch\ App.build/DerivedSources/arm64 -Xcc -I/Users/michaellee/Library/Developer/Xcode/DerivedData/powernap-andpvffqpuvbpydqtebjncivjmxc/Build/Intermediates.noindex/powernap.build/Debug-watchsimulator/powernap\ Watch\ App.build/DerivedSources -Xcc -DDEBUG\=1 -module-name powernap_Watch_App -frontend-parseable-output -disable-clang-spi -target-sdk-version 11.2 -target-sdk-name watchsimulator11.2 -external-plugin-path /Applications/Xcode.app/Contents/Developer/Platforms/WatchOS.platform/Developer/usr/lib/swift/host/plugins\#/Applications/Xcode.app/Contents/Developer/Platforms/WatchOS.platform/Developer/usr/bin/swift-plugin-server -external-plugin-path /Applications/Xcode.app/Contents/Developer/Platforms/WatchOS.platform/Developer/usr/local/lib/swift/host/plugins\#/Applications/Xcode.app/Contents/Developer/Platforms/WatchOS.platform/Developer/usr/bin/swift-plugin-server -plugin-path /Applications/Xcode.app/Contents/Developer/Toolchains/XcodeDefault.xctoolchain/usr/lib/swift/host/plugins -plugin-path /Applications/Xcode.app/Contents/Developer/Toolchains/XcodeDefault.xctoolchain/usr/local/lib/swift/host/plugins -o /Users/michaellee/Library/Developer/Xcode/DerivedData/powernap-andpvffqpuvbpydqtebjncivjmxc/Build/Intermediates.noindex/powernap.build/Debug-watchsimulator/powernap\ Watch\ App.build/Objects-normal/arm64/NotificationService.o -o /Users/michaellee/Library/Developer/Xcode/DerivedData/powernap-andpvffqpuvbpydqtebjncivjmxc/Build/Intermediates.noindex/powernap.build/Debug-watchsimulator/powernap\ Watch\ App.build/Objects-normal/arm64/AppVersionService.o -o /Users/michaellee/Library/Developer/Xcode/DerivedData/powernap-andpvffqpuvbpydqtebjncivjmxc/Build/Intermediates.noindex/powernap.build/Debug-watchsimulator/powernap\ Watch\ App.build/Objects-normal/arm64/SleepDetectionService.o -index-unit-output-path /powernap.build/Debug-watchsimulator/powernap\ Watch\ App.build/Objects-normal/arm64/NotificationService.o -index-unit-output-path /powernap.build/Debug-watchsimulator/powernap\ Watch\ App.build/Objects-normal/arm64/AppVersionService.o -index-unit-output-path /powernap.build/Debug-watchsimulator/powernap\ Watch\ App.build/Objects-normal/arm64/SleepDetectionService.o -index-store-path /Users/michaellee/Library/Developer/Xcode/DerivedData/powernap-andpvffqpuvbpydqtebjncivjmxc/Index.noindex/DataStore -index-system-modules

/Users/michaellee/Documents/PowerNap/powernap Watch App/Services/SleepDetectionService.swift:56:27: error: 'AgeGroup' is ambiguous for type lookup in this context
    private var ageGroup: AgeGroup = .adult  // 預設為成人組
/Users/michaellee/Documents/PowerNap/powernap Watch App/Services/PersonalizedHRModelService.swift:7:6: note: found this candidate
enum AgeGroup: String, CaseIterable, Codable, Identifiable {
     ^
/Users/michaellee/Documents/PowerNap/powernap Watch App/Services/AgeGroupService.swift:6:6: note: found this candidate
enum AgeGroup: String, CaseIterable, Codable, Identifiable {
     ^
/Users/michaellee/Documents/PowerNap/powernap Watch App/Services/SleepDetectionService.swift:416:9: error: invalid redeclaration of 'sleepStateDescription'
    var sleepStateDescription: String {
        ^
/Users/michaellee/Documents/PowerNap/powernap Watch App/Services/SleepDetectionService.swift:53:20: note: 'sleepStateDescription' previously declared here
    @Published var sleepStateDescription: String = "監測中"
/Users/michaellee/Documents/PowerNap/powernap Watch App/Services/SleepDetectionService.swift:53:20: note: 'sleepStateDescription' previously declared here
    @Published var sleepStateDescription: String = "監測中"
/Users/michaellee/Documents/PowerNap/powernap Watch App/Services/SleepDetectionService.swift:441:37: error: 'AgeGroup' is ambiguous for type lookup in this context
    func setAgeGroup(_ newAgeGroup: AgeGroup) {
                                    ^~~~~~~~
/Users/michaellee/Documents/PowerNap/powernap Watch App/Services/PersonalizedHRModelService.swift:7:6: note: found this candidate
enum AgeGroup: String, CaseIterable, Codable, Identifiable {
     ^
/Users/michaellee/Documents/PowerNap/powernap Watch App/Services/AgeGroupService.swift:6:6: note: found this candidate
enum AgeGroup: String, CaseIterable, Codable, Identifiable {
     ^
/Users/michaellee/Documents/PowerNap/powernap Watch App/Services/PersonalizedHRModelService.swift:153:20: error: 'AgeGroup' is ambiguous for type lookup in this context
    init(ageGroup: AgeGroup) {
                   ^~~~~~~~
/Users/michaellee/Documents/PowerNap/powernap Watch App/Services/PersonalizedHRModelService.swift:7:6: note: found this candidate
enum AgeGroup: String, CaseIterable, Codable, Identifiable {
     ^
/Users/michaellee/Documents/PowerNap/powernap Watch App/Services/AgeGroupService.swift:6:6: note: found this candidate
enum AgeGroup: String, CaseIterable, Codable, Identifiable {
     ^
/Users/michaellee/Documents/PowerNap/powernap Watch App/Services/SleepDetectionService.swift:77:74: error: cannot infer contextual base in reference to member 'adult'
        self.personalizedHRModel = PersonalizedHRModelService(ageGroup: .adult) // 默認成人組
/Users/michaellee/Documents/PowerNap/powernap Watch App/Services/SleepDetectionService.swift:145:23: error: value of type 'MotionService' has no member 'startMotionUpdates'
        motionService.startMotionUpdates()
        ~~~~~~~~~~~~~ ^~~~~~~~~~~~~~~~~~
/Users/michaellee/Documents/PowerNap/powernap Watch App/Services/SleepDetectionService.swift:159:23: error: value of type 'MotionService' has no member 'stopMotionUpdates'
        motionService.stopMotionUpdates()
        ~~~~~~~~~~~~~ ^~~~~~~~~~~~~~~~~
/Users/michaellee/Documents/PowerNap/powernap Watch App/Services/SleepDetectionService.swift:213:26: error: value of type 'MotionService' has no member 'hasDailyIntenseActivity'
        if motionService.hasDailyIntenseActivity {
           ~~~~~~~~~~~~~ ^~~~~~~~~~~~~~~~~~~~~~~
/Users/michaellee/Documents/PowerNap/powernap Watch App/Services/SleepDetectionService.swift:215:46: error: value of type 'MotionService' has no member 'peakActivityLevel'
                activityLevel: motionService.peakActivityLevel,
                               ~~~~~~~~~~~~~ ^~~~~~~~~~~~~~~~~
/Users/michaellee/Documents/PowerNap/powernap Watch App/Services/SleepDetectionService.swift:263:19: warning: call to main actor-isolated instance method 'evaluateSleepState()' in a synchronous nonisolated context; this is an error in the Swift 6 language mode
            self?.evaluateSleepState()
                  ^
/Users/michaellee/Documents/PowerNap/powernap Watch App/Services/SleepDetectionService.swift:274:18: note: calls to instance method 'evaluateSleepState()' from outside of its actor context are implicitly asynchronous
    private func evaluateSleepState() {
                 ^
/Users/michaellee/Documents/PowerNap/powernap Watch App/Services/SleepDetectionService.swift:380:26: error: value of type 'MotionService' has no member 'hasDailyIntenseActivity'
        if motionService.hasDailyIntenseActivity {
           ~~~~~~~~~~~~~ ^~~~~~~~~~~~~~~~~~~~~~~
/Users/michaellee/Documents/PowerNap/powernap Watch App/Services/SleepDetectionService.swift:382:46: error: value of type 'MotionService' has no member 'peakActivityLevel'
                activityLevel: motionService.peakActivityLevel,
                               ~~~~~~~~~~~~~ ^~~~~~~~~~~~~~~~~
/Users/michaellee/Documents/PowerNap/powernap Watch App/Services/SleepDetectionService.swift:448:34: warning: immutable value 'sleepStart' was never used; consider replacing with '_' or removing it
        guard sleepDetected, let sleepStart = sleepStartTime else {
                             ~~~~^~~~~~~~~~
                             _

/Users/michaellee/Documents/PowerNap/powernap Watch App/Services/SleepDetectionService.swift:56:27: 'AgeGroup' is ambiguous for type lookup in this context

/Users/michaellee/Documents/PowerNap/powernap Watch App/Services/SleepDetectionService.swift:416:9: Invalid redeclaration of 'sleepStateDescription'

/Users/michaellee/Documents/PowerNap/powernap Watch App/Services/SleepDetectionService.swift:441:37: 'AgeGroup' is ambiguous for type lookup in this context

/Users/michaellee/Documents/PowerNap/powernap Watch App/Services/PersonalizedHRModelService.swift:153:20: 'AgeGroup' is ambiguous for type lookup in this context

/Users/michaellee/Documents/PowerNap/powernap Watch App/Services/SleepDetectionService.swift:77:74: Cannot infer contextual base in reference to member 'adult'

/Users/michaellee/Documents/PowerNap/powernap Watch App/Services/SleepDetectionService.swift:145:23: Value of type 'MotionService' has no member 'startMotionUpdates'

/Users/michaellee/Documents/PowerNap/powernap Watch App/Services/SleepDetectionService.swift:159:23: Value of type 'MotionService' has no member 'stopMotionUpdates'

/Users/michaellee/Documents/PowerNap/powernap Watch App/Services/SleepDetectionService.swift:213:26: Value of type 'MotionService' has no member 'hasDailyIntenseActivity'

/Users/michaellee/Documents/PowerNap/powernap Watch App/Services/SleepDetectionService.swift:215:46: Value of type 'MotionService' has no member 'peakActivityLevel'

/Users/michaellee/Documents/PowerNap/powernap Watch App/Services/SleepDetectionService.swift:263:19: Call to main actor-isolated instance method 'evaluateSleepState()' in a synchronous nonisolated context; this is an error in the Swift 6 language mode

/Users/michaellee/Documents/PowerNap/powernap Watch App/Services/SleepDetectionService.swift:380:26: Value of type 'MotionService' has no member 'hasDailyIntenseActivity'

/Users/michaellee/Documents/PowerNap/powernap Watch App/Services/SleepDetectionService.swift:382:46: Value of type 'MotionService' has no member 'peakActivityLevel'

/Users/michaellee/Documents/PowerNap/powernap Watch App/Services/SleepDetectionService.swift:448:34: Immutable value 'sleepStart' was never used; consider replacing with '_' or removing it

SwiftCompile normal arm64 Compiling\ SettingsView.swift,\ HealthStatsSettingsView.swift,\ PowerNapModel.swift /Users/michaellee/Documents/PowerNap/powernap\ Watch\ App/SettingsView.swift /Users/michaellee/Documents/PowerNap/powernap\ Watch\ App/Services/HealthStatsSettingsView.swift /Users/michaellee/Documents/PowerNap/powernap\ Watch\ App/Models/PowerNapModel.swift (in target 'powernap Watch App' from project 'powernap')
    cd /Users/michaellee/Documents/PowerNap
    builtin-swiftTaskExecution -- /Applications/Xcode.app/Contents/Developer/Toolchains/XcodeDefault.xctoolchain/usr/bin/swift-frontend -frontend -c -primary-file /Users/michaellee/Documents/PowerNap/powernap\ Watch\ App/SettingsView.swift -primary-file /Users/michaellee/Documents/PowerNap/powernap\ Watch\ App/Services/HealthStatsSettingsView.swift -primary-file /Users/michaellee/Documents/PowerNap/powernap\ Watch\ App/Models/PowerNapModel.swift /Users/michaellee/Documents/PowerNap/powernap\ Watch\ App/Views/PermissionReminderView.swift /Users/michaellee/Documents/PowerNap/powernap\ Watch\ App/Services/AudioService.swift /Users/michaellee/Documents/PowerNap/powernap\ Watch\ App/Views/AgeSelectionView.swift /Users/michaellee/Documents/PowerNap/powernap\ Watch\ App/Services/ExtendedRuntimeManager.swift /Users/michaellee/Documents/PowerNap/powernap\ Watch\ App/Services/HealthKitService.swift /Users/michaellee/Documents/PowerNap/powernap\ Watch\ App/Services/MotionService.swift /Users/michaellee/Documents/PowerNap/powernap\ Watch\ App/Services/NotificationService.swift /Users/michaellee/Documents/PowerNap/powernap\ Watch\ App/Services/AppVersionService.swift /Users/michaellee/Documents/PowerNap/powernap\ Watch\ App/Services/SleepDetectionService.swift /Users/michaellee/Documents/PowerNap/powernap\ Watch\ App/Views/TestReportView.swift /Users/michaellee/Documents/PowerNap/powernap\ Watch\ App/TestReportService.swift /Users/michaellee/Documents/PowerNap/powernap\ Watch\ App/ViewModels/PowerNapViewModel.swift /Users/michaellee/Documents/PowerNap/powernap\ Watch\ App/Views/HeartRateDisplayView.swift /Users/michaellee/Documents/PowerNap/powernap\ Watch\ App/Services/PersonalizedHRModelService.swift /Users/michaellee/Documents/PowerNap/powernap\ Watch\ App/Views/PowerNapView.swift /Users/michaellee/Documents/PowerNap/powernap\ Watch\ App/Services/PermissionManager.swift /Users/michaellee/Documents/PowerNap/powernap\ Watch\ App/ContentView.swift /Users/michaellee/Documents/PowerNap/powernap\ Watch\ App/powernapApp.swift /Users/michaellee/Documents/PowerNap/powernap\ Watch\ App/WelcomeView.swift /Users/michaellee/Documents/PowerNap/powernap\ Watch\ App/Services/AgeGroupService.swift /Users/michaellee/Library/Developer/Xcode/DerivedData/powernap-andpvffqpuvbpydqtebjncivjmxc/Build/Intermediates.noindex/powernap.build/Debug-watchsimulator/powernap\ Watch\ App.build/DerivedSources/GeneratedAssetSymbols.swift -supplementary-output-file-map /Users/michaellee/Library/Developer/Xcode/DerivedData/powernap-andpvffqpuvbpydqtebjncivjmxc/Build/Intermediates.noindex/powernap.build/Debug-watchsimulator/powernap\ Watch\ App.build/Objects-normal/arm64/supplementaryOutputs-27 -emit-localized-strings -emit-localized-strings-path /Users/michaellee/Library/Developer/Xcode/DerivedData/powernap-andpvffqpuvbpydqtebjncivjmxc/Build/Intermediates.noindex/powernap.build/Debug-watchsimulator/powernap\ Watch\ App.build/Objects-normal/arm64 -target arm64-apple-watchos10.0-simulator -Xllvm -aarch64-use-tbi -enable-objc-interop -sdk /Applications/Xcode.app/Contents/Developer/Platforms/WatchSimulator.platform/Developer/SDKs/WatchSimulator11.2.sdk -I /Users/michaellee/Library/Developer/Xcode/DerivedData/powernap-andpvffqpuvbpydqtebjncivjmxc/Build/Products/Debug-watchsimulator -F /Users/michaellee/Library/Developer/Xcode/DerivedData/powernap-andpvffqpuvbpydqtebjncivjmxc/Build/Products/Debug-watchsimulator -no-color-diagnostics -enable-testing -g -debug-info-format\=dwarf -dwarf-version\=4 -module-cache-path /Users/michaellee/Library/Developer/Xcode/DerivedData/ModuleCache.noindex -profile-generate -profile-coverage-mapping -swift-version 5 -enforce-exclusivity\=checked -Onone -D DEBUG -serialize-debugging-options -const-gather-protocols-file /Users/michaellee/Library/Developer/Xcode/DerivedData/powernap-andpvffqpuvbpydqtebjncivjmxc/Build/Intermediates.noindex/powernap.build/Debug-watchsimulator/powernap\ Watch\ App.build/Objects-normal/arm64/powernap\ Watch\ App_const_extract_protocols.json -enable-experimental-feature DebugDescriptionMacro -enable-experimental-feature OpaqueTypeErasure -enable-bare-slash-regex -empty-abi-descriptor -validate-clang-modules-once -clang-build-session-file /Users/michaellee/Library/Developer/Xcode/DerivedData/ModuleCache.noindex/Session.modulevalidation -Xcc -working-directory -Xcc /Users/michaellee/Documents/PowerNap -resource-dir /Applications/Xcode.app/Contents/Developer/Toolchains/XcodeDefault.xctoolchain/usr/lib/swift -enable-anonymous-context-mangled-names -file-compilation-dir /Users/michaellee/Documents/PowerNap -Xcc -D_LIBCPP_HARDENING_MODE\=_LIBCPP_HARDENING_MODE_DEBUG -Xcc -ivfsstatcache -Xcc /Users/michaellee/Library/Developer/Xcode/DerivedData/SDKStatCaches.noindex/watchsimulator11.2-22S97-04d0831f79ab17645c55e345d8ed2cd8.sdkstatcache -Xcc -I/Users/michaellee/Library/Developer/Xcode/DerivedData/powernap-andpvffqpuvbpydqtebjncivjmxc/Build/Intermediates.noindex/powernap.build/Debug-watchsimulator/powernap\ Watch\ App.build/swift-overrides.hmap -Xcc -iquote -Xcc /Users/michaellee/Library/Developer/Xcode/DerivedData/powernap-andpvffqpuvbpydqtebjncivjmxc/Build/Intermediates.noindex/powernap.build/Debug-watchsimulator/powernap\ Watch\ App.build/powernap\ Watch\ App-generated-files.hmap -Xcc -I/Users/michaellee/Library/Developer/Xcode/DerivedData/powernap-andpvffqpuvbpydqtebjncivjmxc/Build/Intermediates.noindex/powernap.build/Debug-watchsimulator/powernap\ Watch\ App.build/powernap\ Watch\ App-own-target-headers.hmap -Xcc -I/Users/michaellee/Library/Developer/Xcode/DerivedData/powernap-andpvffqpuvbpydqtebjncivjmxc/Build/Intermediates.noindex/powernap.build/Debug-watchsimulator/powernap\ Watch\ App.build/powernap\ Watch\ App-all-target-headers.hmap -Xcc -iquote -Xcc /Users/michaellee/Library/Developer/Xcode/DerivedData/powernap-andpvffqpuvbpydqtebjncivjmxc/Build/Intermediates.noindex/powernap.build/Debug-watchsimulator/powernap\ Watch\ App.build/powernap\ Watch\ App-project-headers.hmap -Xcc -I/Users/michaellee/Library/Developer/Xcode/DerivedData/powernap-andpvffqpuvbpydqtebjncivjmxc/Build/Products/Debug-watchsimulator/include -Xcc -I/Users/michaellee/Library/Developer/Xcode/DerivedData/powernap-andpvffqpuvbpydqtebjncivjmxc/Build/Intermediates.noindex/powernap.build/Debug-watchsimulator/powernap\ Watch\ App.build/DerivedSources-normal/arm64 -Xcc -I/Users/michaellee/Library/Developer/Xcode/DerivedData/powernap-andpvffqpuvbpydqtebjncivjmxc/Build/Intermediates.noindex/powernap.build/Debug-watchsimulator/powernap\ Watch\ App.build/DerivedSources/arm64 -Xcc -I/Users/michaellee/Library/Developer/Xcode/DerivedData/powernap-andpvffqpuvbpydqtebjncivjmxc/Build/Intermediates.noindex/powernap.build/Debug-watchsimulator/powernap\ Watch\ App.build/DerivedSources -Xcc -DDEBUG\=1 -module-name powernap_Watch_App -frontend-parseable-output -disable-clang-spi -target-sdk-version 11.2 -target-sdk-name watchsimulator11.2 -external-plugin-path /Applications/Xcode.app/Contents/Developer/Platforms/WatchOS.platform/Developer/usr/lib/swift/host/plugins\#/Applications/Xcode.app/Contents/Developer/Platforms/WatchOS.platform/Developer/usr/bin/swift-plugin-server -external-plugin-path /Applications/Xcode.app/Contents/Developer/Platforms/WatchOS.platform/Developer/usr/local/lib/swift/host/plugins\#/Applications/Xcode.app/Contents/Developer/Platforms/WatchOS.platform/Developer/usr/bin/swift-plugin-server -plugin-path /Applications/Xcode.app/Contents/Developer/Toolchains/XcodeDefault.xctoolchain/usr/lib/swift/host/plugins -plugin-path /Applications/Xcode.app/Contents/Developer/Toolchains/XcodeDefault.xctoolchain/usr/local/lib/swift/host/plugins -o /Users/michaellee/Library/Developer/Xcode/DerivedData/powernap-andpvffqpuvbpydqtebjncivjmxc/Build/Intermediates.noindex/powernap.build/Debug-watchsimulator/powernap\ Watch\ App.build/Objects-normal/arm64/SettingsView.o -o /Users/michaellee/Library/Developer/Xcode/DerivedData/powernap-andpvffqpuvbpydqtebjncivjmxc/Build/Intermediates.noindex/powernap.build/Debug-watchsimulator/powernap\ Watch\ App.build/Objects-normal/arm64/HealthStatsSettingsView.o -o /Users/michaellee/Library/Developer/Xcode/DerivedData/powernap-andpvffqpuvbpydqtebjncivjmxc/Build/Intermediates.noindex/powernap.build/Debug-watchsimulator/powernap\ Watch\ App.build/Objects-normal/arm64/PowerNapModel.o -index-unit-output-path /powernap.build/Debug-watchsimulator/powernap\ Watch\ App.build/Objects-normal/arm64/SettingsView.o -index-unit-output-path /powernap.build/Debug-watchsimulator/powernap\ Watch\ App.build/Objects-normal/arm64/HealthStatsSettingsView.o -index-unit-output-path /powernap.build/Debug-watchsimulator/powernap\ Watch\ App.build/Objects-normal/arm64/PowerNapModel.o -index-store-path /Users/michaellee/Library/Developer/Xcode/DerivedData/powernap-andpvffqpuvbpydqtebjncivjmxc/Index.noindex/DataStore -index-system-modules

Command SwiftCompile failed with a nonzero exit code

Command SwiftCompile failed with a nonzero exit code



Build failed    4/13/25, 3:44 PM    1.4 seconds
