
Showing Recent Issues

Build target powernap Watch App of project powernap with configuration Debug

SwiftCompile normal arm64 Compiling\ WelcomeView.swift,\ AgeGroupService.swift,\ GeneratedAssetSymbols.swift /Users/michaellee/Documents/PowerNap/powernap\ Watch\ App/WelcomeView.swift /Users/michaellee/Documents/PowerNap/powernap\ Watch\ App/Services/AgeGroupService.swift /Users/michaellee/Library/Developer/Xcode/DerivedData/powernap-andpvffqpuvbpydqtebjncivjmxc/Build/Intermediates.noindex/powernap.build/Debug-watchsimulator/powernap\ Watch\ App.build/DerivedSources/GeneratedAssetSymbols.swift (in target 'powernap Watch App' from project 'powernap')
    cd /Users/michaellee/Documents/PowerNap
    builtin-swiftTaskExecution -- /Applications/Xcode.app/Contents/Developer/Toolchains/XcodeDefault.xctoolchain/usr/bin/swift-frontend -frontend -c /Users/michaellee/Documents/PowerNap/powernap\ Watch\ App/SettingsView.swift /Users/michaellee/Documents/PowerNap/powernap\ Watch\ App/Services/HealthStatsSettingsView.swift /Users/michaellee/Documents/PowerNap/powernap\ Watch\ App/Models/PowerNapModel.swift /Users/michaellee/Documents/PowerNap/powernap\ Watch\ App/Views/PermissionReminderView.swift /Users/michaellee/Documents/PowerNap/powernap\ Watch\ App/Services/AudioService.swift /Users/michaellee/Documents/PowerNap/powernap\ Watch\ App/Views/AgeSelectionView.swift /Users/michaellee/Documents/PowerNap/powernap\ Watch\ App/Services/ExtendedRuntimeManager.swift /Users/michaellee/Documents/PowerNap/powernap\ Watch\ App/Services/HealthKitService.swift /Users/michaellee/Documents/PowerNap/powernap\ Watch\ App/Services/MotionService.swift /Users/michaellee/Documents/PowerNap/powernap\ Watch\ App/Services/NotificationService.swift /Users/michaellee/Documents/PowerNap/powernap\ Watch\ App/Services/AppVersionService.swift /Users/michaellee/Documents/PowerNap/powernap\ Watch\ App/Services/SleepDetectionService.swift /Users/michaellee/Documents/PowerNap/powernap\ Watch\ App/Views/TestReportView.swift /Users/michaellee/Documents/PowerNap/powernap\ Watch\ App/TestReportService.swift /Users/michaellee/Documents/PowerNap/powernap\ Watch\ App/ViewModels/PowerNapViewModel.swift /Users/michaellee/Documents/PowerNap/powernap\ Watch\ App/Views/HeartRateDisplayView.swift /Users/michaellee/Documents/PowerNap/powernap\ Watch\ App/Services/PersonalizedHRModelService.swift /Users/michaellee/Documents/PowerNap/powernap\ Watch\ App/Views/PowerNapView.swift /Users/michaellee/Documents/PowerNap/powernap\ Watch\ App/Services/PermissionManager.swift /Users/michaellee/Documents/PowerNap/powernap\ Watch\ App/ContentView.swift /Users/michaellee/Documents/PowerNap/powernap\ Watch\ App/powernapApp.swift -primary-file /Users/michaellee/Documents/PowerNap/powernap\ Watch\ App/WelcomeView.swift -primary-file /Users/michaellee/Documents/PowerNap/powernap\ Watch\ App/Services/AgeGroupService.swift -primary-file /Users/michaellee/Library/Developer/Xcode/DerivedData/powernap-andpvffqpuvbpydqtebjncivjmxc/Build/Intermediates.noindex/powernap.build/Debug-watchsimulator/powernap\ Watch\ App.build/DerivedSources/GeneratedAssetSymbols.swift -supplementary-output-file-map /Users/michaellee/Library/Developer/Xcode/DerivedData/powernap-andpvffqpuvbpydqtebjncivjmxc/Build/Intermediates.noindex/powernap.build/Debug-watchsimulator/powernap\ Watch\ App.build/Objects-normal/arm64/supplementaryOutputs-66 -emit-localized-strings -emit-localized-strings-path /Users/michaellee/Library/Developer/Xcode/DerivedData/powernap-andpvffqpuvbpydqtebjncivjmxc/Build/Intermediates.noindex/powernap.build/Debug-watchsimulator/powernap\ Watch\ App.build/Objects-normal/arm64 -target arm64-apple-watchos10.0-simulator -Xllvm -aarch64-use-tbi -enable-objc-interop -sdk /Applications/Xcode.app/Contents/Developer/Platforms/WatchSimulator.platform/Developer/SDKs/WatchSimulator11.2.sdk -I /Users/michaellee/Library/Developer/Xcode/DerivedData/powernap-andpvffqpuvbpydqtebjncivjmxc/Build/Products/Debug-watchsimulator -F /Users/michaellee/Library/Developer/Xcode/DerivedData/powernap-andpvffqpuvbpydqtebjncivjmxc/Build/Products/Debug-watchsimulator -no-color-diagnostics -enable-testing -g -debug-info-format\=dwarf -dwarf-version\=4 -module-cache-path /Users/michaellee/Library/Developer/Xcode/DerivedData/ModuleCache.noindex -profile-generate -profile-coverage-mapping -swift-version 5 -enforce-exclusivity\=checked -Onone -D DEBUG -serialize-debugging-options -const-gather-protocols-file /Users/michaellee/Library/Developer/Xcode/DerivedData/powernap-andpvffqpuvbpydqtebjncivjmxc/Build/Intermediates.noindex/powernap.build/Debug-watchsimulator/powernap\ Watch\ App.build/Objects-normal/arm64/powernap\ Watch\ App_const_extract_protocols.json -enable-experimental-feature DebugDescriptionMacro -enable-experimental-feature OpaqueTypeErasure -enable-bare-slash-regex -empty-abi-descriptor -validate-clang-modules-once -clang-build-session-file /Users/michaellee/Library/Developer/Xcode/DerivedData/ModuleCache.noindex/Session.modulevalidation -Xcc -working-directory -Xcc /Users/michaellee/Documents/PowerNap -resource-dir /Applications/Xcode.app/Contents/Developer/Toolchains/XcodeDefault.xctoolchain/usr/lib/swift -enable-anonymous-context-mangled-names -file-compilation-dir /Users/michaellee/Documents/PowerNap -Xcc -D_LIBCPP_HARDENING_MODE\=_LIBCPP_HARDENING_MODE_DEBUG -Xcc -ivfsstatcache -Xcc /Users/michaellee/Library/Developer/Xcode/DerivedData/SDKStatCaches.noindex/watchsimulator11.2-22S97-04d0831f79ab17645c55e345d8ed2cd8.sdkstatcache -Xcc -I/Users/michaellee/Library/Developer/Xcode/DerivedData/powernap-andpvffqpuvbpydqtebjncivjmxc/Build/Intermediates.noindex/powernap.build/Debug-watchsimulator/powernap\ Watch\ App.build/swift-overrides.hmap -Xcc -iquote -Xcc /Users/michaellee/Library/Developer/Xcode/DerivedData/powernap-andpvffqpuvbpydqtebjncivjmxc/Build/Intermediates.noindex/powernap.build/Debug-watchsimulator/powernap\ Watch\ App.build/powernap\ Watch\ App-generated-files.hmap -Xcc -I/Users/michaellee/Library/Developer/Xcode/DerivedData/powernap-andpvffqpuvbpydqtebjncivjmxc/Build/Intermediates.noindex/powernap.build/Debug-watchsimulator/powernap\ Watch\ App.build/powernap\ Watch\ App-own-target-headers.hmap -Xcc -I/Users/michaellee/Library/Developer/Xcode/DerivedData/powernap-andpvffqpuvbpydqtebjncivjmxc/Build/Intermediates.noindex/powernap.build/Debug-watchsimulator/powernap\ Watch\ App.build/powernap\ Watch\ App-all-target-headers.hmap -Xcc -iquote -Xcc /Users/michaellee/Library/Developer/Xcode/DerivedData/powernap-andpvffqpuvbpydqtebjncivjmxc/Build/Intermediates.noindex/powernap.build/Debug-watchsimulator/powernap\ Watch\ App.build/powernap\ Watch\ App-project-headers.hmap -Xcc -I/Users/michaellee/Library/Developer/Xcode/DerivedData/powernap-andpvffqpuvbpydqtebjncivjmxc/Build/Products/Debug-watchsimulator/include -Xcc -I/Users/michaellee/Library/Developer/Xcode/DerivedData/powernap-andpvffqpuvbpydqtebjncivjmxc/Build/Intermediates.noindex/powernap.build/Debug-watchsimulator/powernap\ Watch\ App.build/DerivedSources-normal/arm64 -Xcc -I/Users/michaellee/Library/Developer/Xcode/DerivedData/powernap-andpvffqpuvbpydqtebjncivjmxc/Build/Intermediates.noindex/powernap.build/Debug-watchsimulator/powernap\ Watch\ App.build/DerivedSources/arm64 -Xcc -I/Users/michaellee/Library/Developer/Xcode/DerivedData/powernap-andpvffqpuvbpydqtebjncivjmxc/Build/Intermediates.noindex/powernap.build/Debug-watchsimulator/powernap\ Watch\ App.build/DerivedSources -Xcc -DDEBUG\=1 -module-name powernap_Watch_App -frontend-parseable-output -disable-clang-spi -target-sdk-version 11.2 -target-sdk-name watchsimulator11.2 -external-plugin-path /Applications/Xcode.app/Contents/Developer/Platforms/WatchOS.platform/Developer/usr/lib/swift/host/plugins\#/Applications/Xcode.app/Contents/Developer/Platforms/WatchOS.platform/Developer/usr/bin/swift-plugin-server -external-plugin-path /Applications/Xcode.app/Contents/Developer/Platforms/WatchOS.platform/Developer/usr/local/lib/swift/host/plugins\#/Applications/Xcode.app/Contents/Developer/Platforms/WatchOS.platform/Developer/usr/bin/swift-plugin-server -plugin-path /Applications/Xcode.app/Contents/Developer/Toolchains/XcodeDefault.xctoolchain/usr/lib/swift/host/plugins -plugin-path /Applications/Xcode.app/Contents/Developer/Toolchains/XcodeDefault.xctoolchain/usr/local/lib/swift/host/plugins -o /Users/michaellee/Library/Developer/Xcode/DerivedData/powernap-andpvffqpuvbpydqtebjncivjmxc/Build/Intermediates.noindex/powernap.build/Debug-watchsimulator/powernap\ Watch\ App.build/Objects-normal/arm64/WelcomeView.o -o /Users/michaellee/Library/Developer/Xcode/DerivedData/powernap-andpvffqpuvbpydqtebjncivjmxc/Build/Intermediates.noindex/powernap.build/Debug-watchsimulator/powernap\ Watch\ App.build/Objects-normal/arm64/AgeGroupService.o -o /Users/michaellee/Library/Developer/Xcode/DerivedData/powernap-andpvffqpuvbpydqtebjncivjmxc/Build/Intermediates.noindex/powernap.build/Debug-watchsimulator/powernap\ Watch\ App.build/Objects-normal/arm64/GeneratedAssetSymbols.o -index-unit-output-path /powernap.build/Debug-watchsimulator/powernap\ Watch\ App.build/Objects-normal/arm64/WelcomeView.o -index-unit-output-path /powernap.build/Debug-watchsimulator/powernap\ Watch\ App.build/Objects-normal/arm64/AgeGroupService.o -index-unit-output-path /powernap.build/Debug-watchsimulator/powernap\ Watch\ App.build/Objects-normal/arm64/GeneratedAssetSymbols.o -index-store-path /Users/michaellee/Library/Developer/Xcode/DerivedData/powernap-andpvffqpuvbpydqtebjncivjmxc/Index.noindex/DataStore -index-system-modules

SwiftCompile normal arm64 /Users/michaellee/Documents/PowerNap/powernap\ Watch\ App/Services/AgeGroupService.swift (in target 'powernap Watch App' from project 'powernap')
    cd /Users/michaellee/Documents/PowerNap
    /Applications/Xcode.app/Contents/Developer/Toolchains/XcodeDefault.xctoolchain/usr/bin/swift-frontend -c /Users/michaellee/Documents/PowerNap/powernap\ Watch\ App/SettingsView.swift /Users/michaellee/Documents/PowerNap/powernap\ Watch\ App/Services/HealthStatsSettingsView.swift /Users/michaellee/Documents/PowerNap/powernap\ Watch\ App/Models/PowerNapModel.swift /Users/michaellee/Documents/PowerNap/powernap\ Watch\ App/Views/PermissionReminderView.swift /Users/michaellee/Documents/PowerNap/powernap\ Watch\ App/Services/AudioService.swift /Users/michaellee/Documents/PowerNap/powernap\ Watch\ App/Views/AgeSelectionView.swift /Users/michaellee/Documents/PowerNap/powernap\ Watch\ App/Services/ExtendedRuntimeManager.swift /Users/michaellee/Documents/PowerNap/powernap\ Watch\ App/Services/HealthKitService.swift /Users/michaellee/Documents/PowerNap/powernap\ Watch\ App/Services/MotionService.swift /Users/michaellee/Documents/PowerNap/powernap\ Watch\ App/Services/NotificationService.swift /Users/michaellee/Documents/PowerNap/powernap\ Watch\ App/Services/AppVersionService.swift /Users/michaellee/Documents/PowerNap/powernap\ Watch\ App/Services/SleepDetectionService.swift /Users/michaellee/Documents/PowerNap/powernap\ Watch\ App/Views/TestReportView.swift /Users/michaellee/Documents/PowerNap/powernap\ Watch\ App/TestReportService.swift /Users/michaellee/Documents/PowerNap/powernap\ Watch\ App/ViewModels/PowerNapViewModel.swift /Users/michaellee/Documents/PowerNap/powernap\ Watch\ App/Views/HeartRateDisplayView.swift /Users/michaellee/Documents/PowerNap/powernap\ Watch\ App/Services/PersonalizedHRModelService.swift /Users/michaellee/Documents/PowerNap/powernap\ Watch\ App/Views/PowerNapView.swift /Users/michaellee/Documents/PowerNap/powernap\ Watch\ App/Services/PermissionManager.swift /Users/michaellee/Documents/PowerNap/powernap\ Watch\ App/ContentView.swift /Users/michaellee/Documents/PowerNap/powernap\ Watch\ App/powernapApp.swift -primary-file /Users/michaellee/Documents/PowerNap/powernap\ Watch\ App/WelcomeView.swift -primary-file /Users/michaellee/Documents/PowerNap/powernap\ Watch\ App/Services/AgeGroupService.swift -primary-file /Users/michaellee/Library/Developer/Xcode/DerivedData/powernap-andpvffqpuvbpydqtebjncivjmxc/Build/Intermediates.noindex/powernap.build/Debug-watchsimulator/powernap\ Watch\ App.build/DerivedSources/GeneratedAssetSymbols.swift -supplementary-output-file-map /Users/michaellee/Library/Developer/Xcode/DerivedData/powernap-andpvffqpuvbpydqtebjncivjmxc/Build/Intermediates.noindex/powernap.build/Debug-watchsimulator/powernap\ Watch\ App.build/Objects-normal/arm64/supplementaryOutputs-66 -emit-localized-strings -emit-localized-strings-path /Users/michaellee/Library/Developer/Xcode/DerivedData/powernap-andpvffqpuvbpydqtebjncivjmxc/Build/Intermediates.noindex/powernap.build/Debug-watchsimulator/powernap\ Watch\ App.build/Objects-normal/arm64 -target arm64-apple-watchos10.0-simulator -Xllvm -aarch64-use-tbi -enable-objc-interop -sdk /Applications/Xcode.app/Contents/Developer/Platforms/WatchSimulator.platform/Developer/SDKs/WatchSimulator11.2.sdk -I /Users/michaellee/Library/Developer/Xcode/DerivedData/powernap-andpvffqpuvbpydqtebjncivjmxc/Build/Products/Debug-watchsimulator -F /Users/michaellee/Library/Developer/Xcode/DerivedData/powernap-andpvffqpuvbpydqtebjncivjmxc/Build/Products/Debug-watchsimulator -no-color-diagnostics -enable-testing -g -debug-info-format\=dwarf -dwarf-version\=4 -module-cache-path /Users/michaellee/Library/Developer/Xcode/DerivedData/ModuleCache.noindex -profile-generate -profile-coverage-mapping -swift-version 5 -enforce-exclusivity\=checked -Onone -D DEBUG -serialize-debugging-options -const-gather-protocols-file /Users/michaellee/Library/Developer/Xcode/DerivedData/powernap-andpvffqpuvbpydqtebjncivjmxc/Build/Intermediates.noindex/powernap.build/Debug-watchsimulator/powernap\ Watch\ App.build/Objects-normal/arm64/powernap\ Watch\ App_const_extract_protocols.json -enable-experimental-feature DebugDescriptionMacro -enable-experimental-feature OpaqueTypeErasure -enable-bare-slash-regex -empty-abi-descriptor -validate-clang-modules-once -clang-build-session-file /Users/michaellee/Library/Developer/Xcode/DerivedData/ModuleCache.noindex/Session.modulevalidation -Xcc -working-directory -Xcc /Users/michaellee/Documents/PowerNap -resource-dir /Applications/Xcode.app/Contents/Developer/Toolchains/XcodeDefault.xctoolchain/usr/lib/swift -enable-anonymous-context-mangled-names -file-compilation-dir /Users/michaellee/Documents/PowerNap -Xcc -D_LIBCPP_HARDENING_MODE\=_LIBCPP_HARDENING_MODE_DEBUG -Xcc -ivfsstatcache -Xcc /Users/michaellee/Library/Developer/Xcode/DerivedData/SDKStatCaches.noindex/watchsimulator11.2-22S97-04d0831f79ab17645c55e345d8ed2cd8.sdkstatcache -Xcc -I/Users/michaellee/Library/Developer/Xcode/DerivedData/powernap-andpvffqpuvbpydqtebjncivjmxc/Build/Intermediates.noindex/powernap.build/Debug-watchsimulator/powernap\ Watch\ App.build/swift-overrides.hmap -Xcc -iquote -Xcc /Users/michaellee/Library/Developer/Xcode/DerivedData/powernap-andpvffqpuvbpydqtebjncivjmxc/Build/Intermediates.noindex/powernap.build/Debug-watchsimulator/powernap\ Watch\ App.build/powernap\ Watch\ App-generated-files.hmap -Xcc -I/Users/michaellee/Library/Developer/Xcode/DerivedData/powernap-andpvffqpuvbpydqtebjncivjmxc/Build/Intermediates.noindex/powernap.build/Debug-watchsimulator/powernap\ Watch\ App.build/powernap\ Watch\ App-own-target-headers.hmap -Xcc -I/Users/michaellee/Library/Developer/Xcode/DerivedData/powernap-andpvffqpuvbpydqtebjncivjmxc/Build/Intermediates.noindex/powernap.build/Debug-watchsimulator/powernap\ Watch\ App.build/powernap\ Watch\ App-all-target-headers.hmap -Xcc -iquote -Xcc /Users/michaellee/Library/Developer/Xcode/DerivedData/powernap-andpvffqpuvbpydqtebjncivjmxc/Build/Intermediates.noindex/powernap.build/Debug-watchsimulator/powernap\ Watch\ App.build/powernap\ Watch\ App-project-headers.hmap -Xcc -I/Users/michaellee/Library/Developer/Xcode/DerivedData/powernap-andpvffqpuvbpydqtebjncivjmxc/Build/Products/Debug-watchsimulator/include -Xcc -I/Users/michaellee/Library/Developer/Xcode/DerivedData/powernap-andpvffqpuvbpydqtebjncivjmxc/Build/Intermediates.noindex/powernap.build/Debug-watchsimulator/powernap\ Watch\ App.build/DerivedSources-normal/arm64 -Xcc -I/Users/michaellee/Library/Developer/Xcode/DerivedData/powernap-andpvffqpuvbpydqtebjncivjmxc/Build/Intermediates.noindex/powernap.build/Debug-watchsimulator/powernap\ Watch\ App.build/DerivedSources/arm64 -Xcc -I/Users/michaellee/Library/Developer/Xcode/DerivedData/powernap-andpvffqpuvbpydqtebjncivjmxc/Build/Intermediates.noindex/powernap.build/Debug-watchsimulator/powernap\ Watch\ App.build/DerivedSources -Xcc -DDEBUG\=1 -module-name powernap_Watch_App -frontend-parseable-output -disable-clang-spi -target-sdk-version 11.2 -target-sdk-name watchsimulator11.2 -external-plugin-path /Applications/Xcode.app/Contents/Developer/Platforms/WatchOS.platform/Developer/usr/lib/swift/host/plugins\#/Applications/Xcode.app/Contents/Developer/Platforms/WatchOS.platform/Developer/usr/bin/swift-plugin-server -external-plugin-path /Applications/Xcode.app/Contents/Developer/Platforms/WatchOS.platform/Developer/usr/local/lib/swift/host/plugins\#/Applications/Xcode.app/Contents/Developer/Platforms/WatchOS.platform/Developer/usr/bin/swift-plugin-server -plugin-path /Applications/Xcode.app/Contents/Developer/Toolchains/XcodeDefault.xctoolchain/usr/lib/swift/host/plugins -plugin-path /Applications/Xcode.app/Contents/Developer/Toolchains/XcodeDefault.xctoolchain/usr/local/lib/swift/host/plugins -o /Users/michaellee/Library/Developer/Xcode/DerivedData/powernap-andpvffqpuvbpydqtebjncivjmxc/Build/Intermediates.noindex/powernap.build/Debug-watchsimulator/powernap\ Watch\ App.build/Objects-normal/arm64/WelcomeView.o -o /Users/michaellee/Library/Developer/Xcode/DerivedData/powernap-andpvffqpuvbpydqtebjncivjmxc/Build/Intermediates.noindex/powernap.build/Debug-watchsimulator/powernap\ Watch\ App.build/Objects-normal/arm64/AgeGroupService.o -o /Users/michaellee/Library/Developer/Xcode/DerivedData/powernap-andpvffqpuvbpydqtebjncivjmxc/Build/Intermediates.noindex/powernap.build/Debug-watchsimulator/powernap\ Watch\ App.build/Objects-normal/arm64/GeneratedAssetSymbols.o -index-unit-output-path /powernap.build/Debug-watchsimulator/powernap\ Watch\ App.build/Objects-normal/arm64/WelcomeView.o -index-unit-output-path /powernap.build/Debug-watchsimulator/powernap\ Watch\ App.build/Objects-normal/arm64/AgeGroupService.o -index-unit-output-path /powernap.build/Debug-watchsimulator/powernap\ Watch\ App.build/Objects-normal/arm64/GeneratedAssetSymbols.o -index-store-path /Users/michaellee/Library/Developer/Xcode/DerivedData/powernap-andpvffqpuvbpydqtebjncivjmxc/Index.noindex/DataStore -index-system-modules

/Users/michaellee/Documents/PowerNap/powernap Watch App/Services/AgeGroupService.swift:38:35: error: 'AgeGroup' is ambiguous for type lookup in this context
    static func from(age: Int) -> AgeGroup {
                                  ^~~~~~~~
/Users/michaellee/Documents/PowerNap/powernap Watch App/Services/SleepDetectionService.swift:8:6: note: found this candidate
enum AgeGroup: String, CaseIterable, Codable, Identifiable {
     ^
/Users/michaellee/Documents/PowerNap/powernap Watch App/Services/PersonalizedHRModelService.swift:7:6: note: found this candidate
enum AgeGroup: String, CaseIterable, Codable, Identifiable {
     ^
/Users/michaellee/Documents/PowerNap/powernap Watch App/Services/AgeGroupService.swift:6:6: note: found this candidate
enum AgeGroup: String, CaseIterable, Codable, Identifiable {
     ^
/Users/michaellee/Documents/PowerNap/powernap Watch App/Services/AgeGroupService.swift:6:6: error: invalid redeclaration of 'AgeGroup'
enum AgeGroup: String, CaseIterable, Codable, Identifiable {
     ^
/Users/michaellee/Documents/PowerNap/powernap Watch App/Services/SleepDetectionService.swift:8:6: note: 'AgeGroup' previously declared here
enum AgeGroup: String, CaseIterable, Codable, Identifiable {
     ^
/Users/michaellee/Documents/PowerNap/powernap Watch App/Services/SleepDetectionService.swift:8:6: note: 'AgeGroup' previously declared here
enum AgeGroup: String, CaseIterable, Codable, Identifiable {
     ^
/Users/michaellee/Documents/PowerNap/powernap Watch App/Services/AgeGroupService.swift:50:37: error: 'AgeGroup' is ambiguous for type lookup in this context
    @Published var currentAgeGroup: AgeGroup {
                                    ^~~~~~~~
/Users/michaellee/Documents/PowerNap/powernap Watch App/Services/SleepDetectionService.swift:8:6: note: found this candidate
enum AgeGroup: String, CaseIterable, Codable, Identifiable {
     ^
/Users/michaellee/Documents/PowerNap/powernap Watch App/Services/PersonalizedHRModelService.swift:7:6: note: found this candidate
enum AgeGroup: String, CaseIterable, Codable, Identifiable {
     ^
/Users/michaellee/Documents/PowerNap/powernap Watch App/Services/AgeGroupService.swift:6:6: note: found this candidate
enum AgeGroup: String, CaseIterable, Codable, Identifiable {
     ^
/Users/michaellee/Documents/PowerNap/powernap Watch App/Services/AgeGroupService.swift:131:37: error: 'AgeGroup' is ambiguous for type lookup in this context
    func setAgeGroup(_ newAgeGroup: AgeGroup) {
                                    ^~~~~~~~
/Users/michaellee/Documents/PowerNap/powernap Watch App/Services/SleepDetectionService.swift:8:6: note: found this candidate
enum AgeGroup: String, CaseIterable, Codable, Identifiable {
     ^
/Users/michaellee/Documents/PowerNap/powernap Watch App/Services/PersonalizedHRModelService.swift:7:6: note: found this candidate
enum AgeGroup: String, CaseIterable, Codable, Identifiable {
     ^
/Users/michaellee/Documents/PowerNap/powernap Watch App/Services/AgeGroupService.swift:6:6: note: found this candidate
enum AgeGroup: String, CaseIterable, Codable, Identifiable {
     ^
/Users/michaellee/Documents/PowerNap/powernap Watch App/Services/AgeGroupService.swift:67:51: error: conflicting arguments to generic parameter 'T' ('AgeGroup' vs. 'AgeGroup')
           let savedAgeGroup = try? JSONDecoder().decode(AgeGroup.self, from: savedData) {
                                                  ^
/Users/michaellee/Documents/PowerNap/powernap Watch App/Services/AgeGroupService.swift:71:37: error: cannot infer contextual base in reference to member 'adult'
            self.currentAgeGroup = .adult
                                   ~^~~~~
/Users/michaellee/Documents/PowerNap/powernap Watch App/Services/SleepDetectionService.swift:40:35: error: 'AgeGroup' is ambiguous for type lookup in this context
    static func from(age: Int) -> AgeGroup {
                                  ^~~~~~~~
/Users/michaellee/Documents/PowerNap/powernap Watch App/Services/SleepDetectionService.swift:8:6: note: found this candidate
enum AgeGroup: String, CaseIterable, Codable, Identifiable {
     ^
/Users/michaellee/Documents/PowerNap/powernap Watch App/Services/PersonalizedHRModelService.swift:7:6: note: found this candidate
enum AgeGroup: String, CaseIterable, Codable, Identifiable {
     ^
/Users/michaellee/Documents/PowerNap/powernap Watch App/Services/AgeGroupService.swift:6:6: note: found this candidate
enum AgeGroup: String, CaseIterable, Codable, Identifiable {
     ^
/Users/michaellee/Documents/PowerNap/powernap Watch App/Services/PersonalizedHRModelService.swift:39:35: error: 'AgeGroup' is ambiguous for type lookup in this context
    static func from(age: Int) -> AgeGroup {
                                  ^~~~~~~~
/Users/michaellee/Documents/PowerNap/powernap Watch App/Services/SleepDetectionService.swift:8:6: note: found this candidate
enum AgeGroup: String, CaseIterable, Codable, Identifiable {
     ^
/Users/michaellee/Documents/PowerNap/powernap Watch App/Services/PersonalizedHRModelService.swift:7:6: note: found this candidate
enum AgeGroup: String, CaseIterable, Codable, Identifiable {
     ^
/Users/michaellee/Documents/PowerNap/powernap Watch App/Services/AgeGroupService.swift:6:6: note: found this candidate
enum AgeGroup: String, CaseIterable, Codable, Identifiable {
     ^
/Users/michaellee/Documents/PowerNap/powernap Watch App/Services/AgeGroupService.swift:109:53: error: reference to member 'from' cannot be resolved without a contextual type
                    let detectedAgeGroup = AgeGroup.from(age: age)
                                                    ^

/Users/michaellee/Documents/PowerNap/powernap Watch App/Services/AgeGroupService.swift:38:35: 'AgeGroup' is ambiguous for type lookup in this context

/Users/michaellee/Documents/PowerNap/powernap Watch App/Services/AgeGroupService.swift:6:6: Invalid redeclaration of 'AgeGroup'

/Users/michaellee/Documents/PowerNap/powernap Watch App/Services/AgeGroupService.swift:50:37: 'AgeGroup' is ambiguous for type lookup in this context

/Users/michaellee/Documents/PowerNap/powernap Watch App/Services/AgeGroupService.swift:131:37: 'AgeGroup' is ambiguous for type lookup in this context

/Users/michaellee/Documents/PowerNap/powernap Watch App/Services/AgeGroupService.swift:67:51: Conflicting arguments to generic parameter 'T' ('AgeGroup' vs. 'AgeGroup')

/Users/michaellee/Documents/PowerNap/powernap Watch App/Services/AgeGroupService.swift:71:37: Cannot infer contextual base in reference to member 'adult'

/Users/michaellee/Documents/PowerNap/powernap Watch App/Services/SleepDetectionService.swift:40:35: 'AgeGroup' is ambiguous for type lookup in this context

/Users/michaellee/Documents/PowerNap/powernap Watch App/Services/PersonalizedHRModelService.swift:39:35: 'AgeGroup' is ambiguous for type lookup in this context

/Users/michaellee/Documents/PowerNap/powernap Watch App/Services/AgeGroupService.swift:109:53: Reference to member 'from' cannot be resolved without a contextual type

SwiftCompile normal arm64 Compiling\ HeartRateDisplayView.swift,\ PersonalizedHRModelService.swift,\ PowerNapView.swift /Users/michaellee/Documents/PowerNap/powernap\ Watch\ App/Views/HeartRateDisplayView.swift /Users/michaellee/Documents/PowerNap/powernap\ Watch\ App/Services/PersonalizedHRModelService.swift /Users/michaellee/Documents/PowerNap/powernap\ Watch\ App/Views/PowerNapView.swift (in target 'powernap Watch App' from project 'powernap')
    cd /Users/michaellee/Documents/PowerNap
    builtin-swiftTaskExecution -- /Applications/Xcode.app/Contents/Developer/Toolchains/XcodeDefault.xctoolchain/usr/bin/swift-frontend -frontend -c /Users/michaellee/Documents/PowerNap/powernap\ Watch\ App/SettingsView.swift /Users/michaellee/Documents/PowerNap/powernap\ Watch\ App/Services/HealthStatsSettingsView.swift /Users/michaellee/Documents/PowerNap/powernap\ Watch\ App/Models/PowerNapModel.swift /Users/michaellee/Documents/PowerNap/powernap\ Watch\ App/Views/PermissionReminderView.swift /Users/michaellee/Documents/PowerNap/powernap\ Watch\ App/Services/AudioService.swift /Users/michaellee/Documents/PowerNap/powernap\ Watch\ App/Views/AgeSelectionView.swift /Users/michaellee/Documents/PowerNap/powernap\ Watch\ App/Services/ExtendedRuntimeManager.swift /Users/michaellee/Documents/PowerNap/powernap\ Watch\ App/Services/HealthKitService.swift /Users/michaellee/Documents/PowerNap/powernap\ Watch\ App/Services/MotionService.swift /Users/michaellee/Documents/PowerNap/powernap\ Watch\ App/Services/NotificationService.swift /Users/michaellee/Documents/PowerNap/powernap\ Watch\ App/Services/AppVersionService.swift /Users/michaellee/Documents/PowerNap/powernap\ Watch\ App/Services/SleepDetectionService.swift /Users/michaellee/Documents/PowerNap/powernap\ Watch\ App/Views/TestReportView.swift /Users/michaellee/Documents/PowerNap/powernap\ Watch\ App/TestReportService.swift /Users/michaellee/Documents/PowerNap/powernap\ Watch\ App/ViewModels/PowerNapViewModel.swift -primary-file /Users/michaellee/Documents/PowerNap/powernap\ Watch\ App/Views/HeartRateDisplayView.swift -primary-file /Users/michaellee/Documents/PowerNap/powernap\ Watch\ App/Services/PersonalizedHRModelService.swift -primary-file /Users/michaellee/Documents/PowerNap/powernap\ Watch\ App/Views/PowerNapView.swift /Users/michaellee/Documents/PowerNap/powernap\ Watch\ App/Services/PermissionManager.swift /Users/michaellee/Documents/PowerNap/powernap\ Watch\ App/ContentView.swift /Users/michaellee/Documents/PowerNap/powernap\ Watch\ App/powernapApp.swift /Users/michaellee/Documents/PowerNap/powernap\ Watch\ App/WelcomeView.swift /Users/michaellee/Documents/PowerNap/powernap\ Watch\ App/Services/AgeGroupService.swift /Users/michaellee/Library/Developer/Xcode/DerivedData/powernap-andpvffqpuvbpydqtebjncivjmxc/Build/Intermediates.noindex/powernap.build/Debug-watchsimulator/powernap\ Watch\ App.build/DerivedSources/GeneratedAssetSymbols.swift -supplementary-output-file-map /Users/michaellee/Library/Developer/Xcode/DerivedData/powernap-andpvffqpuvbpydqtebjncivjmxc/Build/Intermediates.noindex/powernap.build/Debug-watchsimulator/powernap\ Watch\ App.build/Objects-normal/arm64/supplementaryOutputs-64 -emit-localized-strings -emit-localized-strings-path /Users/michaellee/Library/Developer/Xcode/DerivedData/powernap-andpvffqpuvbpydqtebjncivjmxc/Build/Intermediates.noindex/powernap.build/Debug-watchsimulator/powernap\ Watch\ App.build/Objects-normal/arm64 -target arm64-apple-watchos10.0-simulator -Xllvm -aarch64-use-tbi -enable-objc-interop -sdk /Applications/Xcode.app/Contents/Developer/Platforms/WatchSimulator.platform/Developer/SDKs/WatchSimulator11.2.sdk -I /Users/michaellee/Library/Developer/Xcode/DerivedData/powernap-andpvffqpuvbpydqtebjncivjmxc/Build/Products/Debug-watchsimulator -F /Users/michaellee/Library/Developer/Xcode/DerivedData/powernap-andpvffqpuvbpydqtebjncivjmxc/Build/Products/Debug-watchsimulator -no-color-diagnostics -enable-testing -g -debug-info-format\=dwarf -dwarf-version\=4 -module-cache-path /Users/michaellee/Library/Developer/Xcode/DerivedData/ModuleCache.noindex -profile-generate -profile-coverage-mapping -swift-version 5 -enforce-exclusivity\=checked -Onone -D DEBUG -serialize-debugging-options -const-gather-protocols-file /Users/michaellee/Library/Developer/Xcode/DerivedData/powernap-andpvffqpuvbpydqtebjncivjmxc/Build/Intermediates.noindex/powernap.build/Debug-watchsimulator/powernap\ Watch\ App.build/Objects-normal/arm64/powernap\ Watch\ App_const_extract_protocols.json -enable-experimental-feature DebugDescriptionMacro -enable-experimental-feature OpaqueTypeErasure -enable-bare-slash-regex -empty-abi-descriptor -validate-clang-modules-once -clang-build-session-file /Users/michaellee/Library/Developer/Xcode/DerivedData/ModuleCache.noindex/Session.modulevalidation -Xcc -working-directory -Xcc /Users/michaellee/Documents/PowerNap -resource-dir /Applications/Xcode.app/Contents/Developer/Toolchains/XcodeDefault.xctoolchain/usr/lib/swift -enable-anonymous-context-mangled-names -file-compilation-dir /Users/michaellee/Documents/PowerNap -Xcc -D_LIBCPP_HARDENING_MODE\=_LIBCPP_HARDENING_MODE_DEBUG -Xcc -ivfsstatcache -Xcc /Users/michaellee/Library/Developer/Xcode/DerivedData/SDKStatCaches.noindex/watchsimulator11.2-22S97-04d0831f79ab17645c55e345d8ed2cd8.sdkstatcache -Xcc -I/Users/michaellee/Library/Developer/Xcode/DerivedData/powernap-andpvffqpuvbpydqtebjncivjmxc/Build/Intermediates.noindex/powernap.build/Debug-watchsimulator/powernap\ Watch\ App.build/swift-overrides.hmap -Xcc -iquote -Xcc /Users/michaellee/Library/Developer/Xcode/DerivedData/powernap-andpvffqpuvbpydqtebjncivjmxc/Build/Intermediates.noindex/powernap.build/Debug-watchsimulator/powernap\ Watch\ App.build/powernap\ Watch\ App-generated-files.hmap -Xcc -I/Users/michaellee/Library/Developer/Xcode/DerivedData/powernap-andpvffqpuvbpydqtebjncivjmxc/Build/Intermediates.noindex/powernap.build/Debug-watchsimulator/powernap\ Watch\ App.build/powernap\ Watch\ App-own-target-headers.hmap -Xcc -I/Users/michaellee/Library/Developer/Xcode/DerivedData/powernap-andpvffqpuvbpydqtebjncivjmxc/Build/Intermediates.noindex/powernap.build/Debug-watchsimulator/powernap\ Watch\ App.build/powernap\ Watch\ App-all-target-headers.hmap -Xcc -iquote -Xcc /Users/michaellee/Library/Developer/Xcode/DerivedData/powernap-andpvffqpuvbpydqtebjncivjmxc/Build/Intermediates.noindex/powernap.build/Debug-watchsimulator/powernap\ Watch\ App.build/powernap\ Watch\ App-project-headers.hmap -Xcc -I/Users/michaellee/Library/Developer/Xcode/DerivedData/powernap-andpvffqpuvbpydqtebjncivjmxc/Build/Products/Debug-watchsimulator/include -Xcc -I/Users/michaellee/Library/Developer/Xcode/DerivedData/powernap-andpvffqpuvbpydqtebjncivjmxc/Build/Intermediates.noindex/powernap.build/Debug-watchsimulator/powernap\ Watch\ App.build/DerivedSources-normal/arm64 -Xcc -I/Users/michaellee/Library/Developer/Xcode/DerivedData/powernap-andpvffqpuvbpydqtebjncivjmxc/Build/Intermediates.noindex/powernap.build/Debug-watchsimulator/powernap\ Watch\ App.build/DerivedSources/arm64 -Xcc -I/Users/michaellee/Library/Developer/Xcode/DerivedData/powernap-andpvffqpuvbpydqtebjncivjmxc/Build/Intermediates.noindex/powernap.build/Debug-watchsimulator/powernap\ Watch\ App.build/DerivedSources -Xcc -DDEBUG\=1 -module-name powernap_Watch_App -frontend-parseable-output -disable-clang-spi -target-sdk-version 11.2 -target-sdk-name watchsimulator11.2 -external-plugin-path /Applications/Xcode.app/Contents/Developer/Platforms/WatchOS.platform/Developer/usr/lib/swift/host/plugins\#/Applications/Xcode.app/Contents/Developer/Platforms/WatchOS.platform/Developer/usr/bin/swift-plugin-server -external-plugin-path /Applications/Xcode.app/Contents/Developer/Platforms/WatchOS.platform/Developer/usr/local/lib/swift/host/plugins\#/Applications/Xcode.app/Contents/Developer/Platforms/WatchOS.platform/Developer/usr/bin/swift-plugin-server -plugin-path /Applications/Xcode.app/Contents/Developer/Toolchains/XcodeDefault.xctoolchain/usr/lib/swift/host/plugins -plugin-path /Applications/Xcode.app/Contents/Developer/Toolchains/XcodeDefault.xctoolchain/usr/local/lib/swift/host/plugins -o /Users/michaellee/Library/Developer/Xcode/DerivedData/powernap-andpvffqpuvbpydqtebjncivjmxc/Build/Intermediates.noindex/powernap.build/Debug-watchsimulator/powernap\ Watch\ App.build/Objects-normal/arm64/HeartRateDisplayView.o -o /Users/michaellee/Library/Developer/Xcode/DerivedData/powernap-andpvffqpuvbpydqtebjncivjmxc/Build/Intermediates.noindex/powernap.build/Debug-watchsimulator/powernap\ Watch\ App.build/Objects-normal/arm64/PersonalizedHRModelService.o -o /Users/michaellee/Library/Developer/Xcode/DerivedData/powernap-andpvffqpuvbpydqtebjncivjmxc/Build/Intermediates.noindex/powernap.build/Debug-watchsimulator/powernap\ Watch\ App.build/Objects-normal/arm64/PowerNapView.o -index-unit-output-path /powernap.build/Debug-watchsimulator/powernap\ Watch\ App.build/Objects-normal/arm64/HeartRateDisplayView.o -index-unit-output-path /powernap.build/Debug-watchsimulator/powernap\ Watch\ App.build/Objects-normal/arm64/PersonalizedHRModelService.o -index-unit-output-path /powernap.build/Debug-watchsimulator/powernap\ Watch\ App.build/Objects-normal/arm64/PowerNapView.o -index-store-path /Users/michaellee/Library/Developer/Xcode/DerivedData/powernap-andpvffqpuvbpydqtebjncivjmxc/Index.noindex/DataStore -index-system-modules

Command SwiftCompile failed with a nonzero exit code

Command SwiftCompile failed with a nonzero exit code



Build failed    4/13/25, 3:59â€¯PM    1.3 seconds
